<!DOCTYPE html>

<html>
  <head>
  <meta charset='utf-8'>
  <title>TestNG reports</title>

    <link type="text/css" href="testng-reports1.css" rel="stylesheet" id="ultra" />
    <link type="text/css" href="testng-reports.css" rel="stylesheet" id="retro" disabled="false"/>
    <script type="text/javascript" src="jquery-3.4.1.min.js"></script>
    <script type="text/javascript" src="testng-reports.js"></script>
    <script type="text/javascript" src="https://www.google.com/jsapi"></script>
    <script type='text/javascript'>
      google.load('visualization', '1', {packages:['table']});
      google.setOnLoadCallback(drawTable);
      var suiteTableInitFunctions = new Array();
      var suiteTableData = new Array();
    </script>
    <!--
      <script type="text/javascript" src="jquery-ui/js/jquery-ui-1.8.16.custom.min.js"></script>
     -->
  </head>

  <body>
    <div class="top-banner-root">
      <span class="top-banner-title-font">Test results</span>
      <button class="button" id="button">Switch Retro Theme</button> <!-- button -->
      <br/>
      <span class="top-banner-font-1">1 suite, 11 failed tests</span>
    </div> <!-- top-banner-root -->
    <div class="navigator-root">
      <div class="navigator-suite-header">
        <span>All suites</span>
        <a href="#" class="collapse-all-link" title="Collapse/expand all the suites">
          <img class="collapse-all-icon" src="collapseall.gif">
          </img> <!-- collapse-all-icon -->
        </a> <!-- collapse-all-link -->
      </div> <!-- navigator-suite-header -->
      <div class="suite">
        <div class="rounded-window">
          <div class="suite-header light-rounded-window-top">
            <a href="#" class="navigator-link" panel-name="suite-Command_line_suite">
              <span class="suite-name border-failed">Command line suite</span>
            </a> <!-- navigator-link -->
          </div> <!-- suite-header light-rounded-window-top -->
          <div class="navigator-suite-content">
            <div class="suite-section-title">
              <span>Info</span>
            </div> <!-- suite-section-title -->
            <div class="suite-section-content">
              <ul>
                <li>
                  <a href="#" class="navigator-link " panel-name="test-xml-Command_line_suite">
                    <span>[unset file name]</span>
                  </a> <!-- navigator-link  -->
                </li>
                <li>
                  <a href="#" class="navigator-link " panel-name="testlist-Command_line_suite">
                    <span class="test-stats">1 test</span>
                  </a> <!-- navigator-link  -->
                </li>
                <li>
                  <a href="#" class="navigator-link " panel-name="group-Command_line_suite">
                    <span>2 groups</span>
                  </a> <!-- navigator-link  -->
                </li>
                <li>
                  <a href="#" class="navigator-link " panel-name="times-Command_line_suite">
                    <span>Times</span>
                  </a> <!-- navigator-link  -->
                </li>
                <li>
                  <a href="#" class="navigator-link " panel-name="reporter-Command_line_suite">
                    <span>Reporter output</span>
                  </a> <!-- navigator-link  -->
                </li>
                <li>
                  <a href="#" class="navigator-link " panel-name="ignored-methods-Command_line_suite">
                    <span>Ignored methods</span>
                  </a> <!-- navigator-link  -->
                </li>
                <li>
                  <a href="#" class="navigator-link " panel-name="chronological-Command_line_suite">
                    <span>Chronological view</span>
                  </a> <!-- navigator-link  -->
                </li>
              </ul>
            </div> <!-- suite-section-content -->
            <div class="result-section">
              <div class="suite-section-title">
                <span>Results</span>
              </div> <!-- suite-section-title -->
              <div class="suite-section-content">
                <ul>
                  <li>
                    <span class="method-stats">71 methods, 11 failed,  12 skipped,  48 passed</span>
                  </li>
                  <li>
                    <span class="method-list-title failed">Failed methods</span>
                    <span class="show-or-hide-methods failed">
                      <a href="#" panel-name="suite-Command_line_suite" class="hide-methods failed suite-Command_line_suite"> (hide)</a> <!-- hide-methods failed suite-Command_line_suite -->
                      <a href="#" panel-name="suite-Command_line_suite" class="show-methods failed suite-Command_line_suite"> (show)</a> <!-- show-methods failed suite-Command_line_suite -->
                    </span>
                    <div class="method-list-content failed suite-Command_line_suite">
                      <span>
                        <img width="3%" src="failed.png"/>
                        <a href="#" class="method navigator-link" panel-name="suite-Command_line_suite" title="test.SalesForceTest.SalesForceTest" hash-for-method="LoginFailurefakeTest">LoginFailurefakeTest</a> <!-- method navigator-link -->
                      </span>
                      <br/>
                      <span>
                        <img width="3%" src="failed.png"/>
                        <a href="#" class="method navigator-link" panel-name="suite-Command_line_suite" title="test.ExamTest.Netflix" hash-for-method="fakeEmailTest">fakeEmailTest</a> <!-- method navigator-link -->
                      </span>
                      <br/>
                      <span>
                        <img width="3%" src="failed.png"/>
                        <a href="#" class="method navigator-link" panel-name="suite-Command_line_suite" title="test.ExamTest.Netflix" hash-for-method="fakeEmailTest">fakeEmailTest</a> <!-- method navigator-link -->
                      </span>
                      <br/>
                      <span>
                        <img width="3%" src="failed.png"/>
                        <a href="#" class="method navigator-link" panel-name="suite-Command_line_suite" title="test.ExamTest.Netflix" hash-for-method="iniciarSesionPageTest">iniciarSesionPageTest</a> <!-- method navigator-link -->
                      </span>
                      <br/>
                      <span>
                        <img width="3%" src="failed.png"/>
                        <a href="#" class="method navigator-link" panel-name="suite-Command_line_suite" title="test.ExamTest.Netflix" hash-for-method="loginToNetflixErrorTest">loginToNetflixErrorTest</a> <!-- method navigator-link -->
                      </span>
                      <br/>
                      <span>
                        <img width="3%" src="failed.png"/>
                        <a href="#" class="method navigator-link" panel-name="suite-Command_line_suite" title="test.ExamTest.Netflix" hash-for-method="nombrePaisCapital(pepe@gmail.com)">nombrePaisCapital(pepe@gmail.com)</a> <!-- method navigator-link -->
                      </span>
                      <br/>
                      <span>
                        <img width="3%" src="failed.png"/>
                        <a href="#" class="method navigator-link" panel-name="suite-Command_line_suite" title="test.ExamTest.Netflix" hash-for-method="nombrePaisCapital(pepe@gmail.com)">nombrePaisCapital(pepe@gmail.com)</a> <!-- method navigator-link -->
                      </span>
                      <br/>
                      <span>
                        <img width="3%" src="failed.png"/>
                        <a href="#" class="method navigator-link" panel-name="suite-Command_line_suite" title="test.ExamTest.Netflix" hash-for-method="nombrePaisCapital(rita@gmail.com)">nombrePaisCapital(rita@gmail.com)</a> <!-- method navigator-link -->
                      </span>
                      <br/>
                      <span>
                        <img width="3%" src="failed.png"/>
                        <a href="#" class="method navigator-link" panel-name="suite-Command_line_suite" title="test.ExamTest.Netflix" hash-for-method="nombrePaisCapital(pepito@gmail.com)">nombrePaisCapital(pepito@gmail.com)</a> <!-- method navigator-link -->
                      </span>
                      <br/>
                      <span>
                        <img width="3%" src="failed.png"/>
                        <a href="#" class="method navigator-link" panel-name="suite-Command_line_suite" title="test.ExamTest.Netflix" hash-for-method="nombrePaisCapital(rita@gmail.com)">nombrePaisCapital(rita@gmail.com)</a> <!-- method navigator-link -->
                      </span>
                      <br/>
                      <span>
                        <img width="3%" src="failed.png"/>
                        <a href="#" class="method navigator-link" panel-name="suite-Command_line_suite" title="test.ExamTest.Netflix" hash-for-method="nombrePaisCapital(pepito@gmail.com)">nombrePaisCapital(pepito@gmail.com)</a> <!-- method navigator-link -->
                      </span>
                      <br/>
                    </div> <!-- method-list-content failed suite-Command_line_suite -->
                  </li>
                  <li>
                    <span class="method-list-title skipped">Skipped methods</span>
                    <span class="show-or-hide-methods skipped">
                      <a href="#" panel-name="suite-Command_line_suite" class="hide-methods skipped suite-Command_line_suite"> (hide)</a> <!-- hide-methods skipped suite-Command_line_suite -->
                      <a href="#" panel-name="suite-Command_line_suite" class="show-methods skipped suite-Command_line_suite"> (show)</a> <!-- show-methods skipped suite-Command_line_suite -->
                    </span>
                    <div class="method-list-content skipped suite-Command_line_suite">
                      <span>
                        <img width="3%" src="skipped.png"/>
                        <a href="#" class="method navigator-link" panel-name="suite-Command_line_suite" title="test.SpotifyTest.SpotifyTest" hash-for-method="checkEqualErrorMessages">checkEqualErrorMessages</a> <!-- method navigator-link -->
                      </span>
                      <br/>
                      <span>
                        <img width="3%" src="skipped.png"/>
                        <a href="#" class="method navigator-link" panel-name="suite-Command_line_suite" title="test.SpotifyTest.SpotifyTest" hash-for-method="mostrarSpotifyLinks">mostrarSpotifyLinks</a> <!-- method navigator-link -->
                      </span>
                      <br/>
                      <span>
                        <img width="3%" src="skipped.png"/>
                        <a href="#" class="method navigator-link" panel-name="suite-Command_line_suite" title="test.SpotifyTest.SpotifyTest" hash-for-method="spotifyByName">spotifyByName</a> <!-- method navigator-link -->
                      </span>
                      <br/>
                      <span>
                        <img width="3%" src="skipped.png"/>
                        <a href="#" class="method navigator-link" panel-name="suite-Command_line_suite" title="test.SpotifyTest.SpotifyTest" hash-for-method="spotifyByNameFakeTest">spotifyByNameFakeTest</a> <!-- method navigator-link -->
                      </span>
                      <br/>
                      <span>
                        <img width="3%" src="skipped.png"/>
                        <a href="#" class="method navigator-link" panel-name="suite-Command_line_suite" title="test.SpotifyTest.SpotifyTest" hash-for-method="spotifyByNameTest">spotifyByNameTest</a> <!-- method navigator-link -->
                      </span>
                      <br/>
                      <span>
                        <img width="3%" src="skipped.png"/>
                        <a href="#" class="method navigator-link" panel-name="suite-Command_line_suite" title="test.SpotifyTest.SpotifyTest" hash-for-method="spotifyByPlaceHolder">spotifyByPlaceHolder</a> <!-- method navigator-link -->
                      </span>
                      <br/>
                      <span>
                        <img width="3%" src="skipped.png"/>
                        <a href="#" class="method navigator-link" panel-name="suite-Command_line_suite" title="test.SpotifyTest.SpotifyTest" hash-for-method="spotifyByPlaceHolderFakeTest">spotifyByPlaceHolderFakeTest</a> <!-- method navigator-link -->
                      </span>
                      <br/>
                      <span>
                        <img width="3%" src="skipped.png"/>
                        <a href="#" class="method navigator-link" panel-name="suite-Command_line_suite" title="test.SpotifyTest.SpotifyTest" hash-for-method="spotifyTest">spotifyTest</a> <!-- method navigator-link -->
                      </span>
                      <br/>
                      <span>
                        <img width="3%" src="skipped.png"/>
                        <a href="#" class="method navigator-link" panel-name="suite-Command_line_suite" title="test.SpotifyTest.SpotifyTest" hash-for-method="spotifytags(h1)">spotifytags(h1)</a> <!-- method navigator-link -->
                      </span>
                      <br/>
                      <span>
                        <img width="3%" src="skipped.png"/>
                        <a href="#" class="method navigator-link" panel-name="suite-Command_line_suite" title="test.SpotifyTest.SpotifyTest" hash-for-method="validateExistingEmail">validateExistingEmail</a> <!-- method navigator-link -->
                      </span>
                      <br/>
                      <span>
                        <img width="3%" src="skipped.png"/>
                        <a href="#" class="method navigator-link" panel-name="suite-Command_line_suite" title="test.SpotifyTest.SpotifyTest" hash-for-method="verifySignupUrl">verifySignupUrl</a> <!-- method navigator-link -->
                      </span>
                      <br/>
                      <span>
                        <img width="3%" src="skipped.png"/>
                        <a href="#" class="method navigator-link" panel-name="suite-Command_line_suite" title="test.SpotifyTest.SpotifyTest" hash-for-method="verifySpotifyTitle">verifySpotifyTitle</a> <!-- method navigator-link -->
                      </span>
                      <br/>
                    </div> <!-- method-list-content skipped suite-Command_line_suite -->
                  </li>
                  <li>
                    <span class="method-list-title passed">Passed methods</span>
                    <span class="show-or-hide-methods passed">
                      <a href="#" panel-name="suite-Command_line_suite" class="hide-methods passed suite-Command_line_suite"> (hide)</a> <!-- hide-methods passed suite-Command_line_suite -->
                      <a href="#" panel-name="suite-Command_line_suite" class="show-methods passed suite-Command_line_suite"> (show)</a> <!-- show-methods passed suite-Command_line_suite -->
                    </span>
                    <div class="method-list-content passed suite-Command_line_suite">
                      <span>
                        <img width="3%" src="passed.png"/>
                        <a href="#" class="method navigator-link" panel-name="suite-Command_line_suite" title="test.SalesForceTest.SalesForceTest" hash-for-method="FooterIsValid">FooterIsValid</a> <!-- method navigator-link -->
                      </span>
                      <br/>
                      <span>
                        <img width="3%" src="passed.png"/>
                        <a href="#" class="method navigator-link" panel-name="suite-Command_line_suite" title="test.SalesForceTest.SalesForceTest" hash-for-method="LoginFailureTest">LoginFailureTest</a> <!-- method navigator-link -->
                      </span>
                      <br/>
                      <span>
                        <img width="3%" src="passed.png"/>
                        <a href="#" class="method navigator-link" panel-name="suite-Command_line_suite" title="test.FacebookTest.FacebookRegisterTest" hash-for-method="birthdateTest">birthdateTest</a> <!-- method navigator-link -->
                      </span>
                      <br/>
                      <span>
                        <img width="3%" src="passed.png"/>
                        <a href="#" class="method navigator-link" panel-name="suite-Command_line_suite" title="test.FacebookTest.FacebookRegisterTest" hash-for-method="checkBoxAndComboboxFakeTest">checkBoxAndComboboxFakeTest</a> <!-- method navigator-link -->
                      </span>
                      <br/>
                      <span>
                        <img width="3%" src="passed.png"/>
                        <a href="#" class="method navigator-link" panel-name="suite-Command_line_suite" title="test.FacebookTest.FacebookRegisterTest" hash-for-method="checkBoxAndComboboxTest">checkBoxAndComboboxTest</a> <!-- method navigator-link -->
                      </span>
                      <br/>
                      <span>
                        <img width="3%" src="passed.png"/>
                        <a href="#" class="method navigator-link" panel-name="suite-Command_line_suite" title="test.FacebookTest.FacebookRegisterTest" hash-for-method="comboboxTest">comboboxTest</a> <!-- method navigator-link -->
                      </span>
                      <br/>
                      <span>
                        <img width="3%" src="passed.png"/>
                        <a href="#" class="method navigator-link" panel-name="suite-Command_line_suite" title="test.DocussignTest.DocusignTest" hash-for-method="completeDocusignRegistrationForm">completeDocusignRegistrationForm</a> <!-- method navigator-link -->
                      </span>
                      <br/>
                      <span>
                        <img width="3%" src="passed.png"/>
                        <a href="#" class="method navigator-link" panel-name="suite-Command_line_suite" title="test.DocussignTest.DocusignTest" hash-for-method="completeDocusignRegistrationFormFake">completeDocusignRegistrationFormFake</a> <!-- method navigator-link -->
                      </span>
                      <br/>
                      <span>
                        <img width="3%" src="passed.png"/>
                        <a href="#" class="method navigator-link" panel-name="suite-Command_line_suite" title="test.FacebookTest.FacebookRegisterTest" hash-for-method="completeRegistration">completeRegistration</a> <!-- method navigator-link -->
                      </span>
                      <br/>
                      <span>
                        <img width="3%" src="passed.png"/>
                        <a href="#" class="method navigator-link" panel-name="suite-Command_line_suite" title="test.FacebookTest.FacebookRegisterTest" hash-for-method="completeRegistrationFake">completeRegistrationFake</a> <!-- method navigator-link -->
                      </span>
                      <br/>
                      <span>
                        <img width="3%" src="passed.png"/>
                        <a href="#" class="method navigator-link" panel-name="suite-Command_line_suite" title="test.SalesForceTest.SalesForceTest" hash-for-method="customSalesforceLinkA">customSalesforceLinkA</a> <!-- method navigator-link -->
                      </span>
                      <br/>
                      <span>
                        <img width="3%" src="passed.png"/>
                        <a href="#" class="method navigator-link" panel-name="suite-Command_line_suite" title="test.SalesForceTest.SalesForceTest" hash-for-method="customSalesforceLinkB">customSalesforceLinkB</a> <!-- method navigator-link -->
                      </span>
                      <br/>
                      <span>
                        <img width="3%" src="passed.png"/>
                        <a href="#" class="method navigator-link" panel-name="suite-Command_line_suite" title="test.SalesForceTest.SalesForceTest" hash-for-method="customSalesforceLinkFake">customSalesforceLinkFake</a> <!-- method navigator-link -->
                      </span>
                      <br/>
                      <span>
                        <img width="3%" src="passed.png"/>
                        <a href="#" class="method navigator-link" panel-name="suite-Command_line_suite" title="test.DocussignTest.DocusignTest" hash-for-method="defaultxPath">defaultxPath</a> <!-- method navigator-link -->
                      </span>
                      <br/>
                      <span>
                        <img width="3%" src="passed.png"/>
                        <a href="#" class="method navigator-link" panel-name="suite-Command_line_suite" title="test.DataProviderTest.fillFormWithFakersTest" hash-for-method="fillFormWithFakers">fillFormWithFakers</a> <!-- method navigator-link -->
                      </span>
                      <br/>
                      <span>
                        <img width="3%" src="passed.png"/>
                        <a href="#" class="method navigator-link" panel-name="suite-Command_line_suite" title="test.SalesForceTest.Testng" hash-for-method="firstTest(selenium@testing.com)">firstTest(selenium@testing.com)</a> <!-- method navigator-link -->
                      </span>
                      <br/>
                      <span>
                        <img width="3%" src="passed.png"/>
                        <a href="#" class="method navigator-link" panel-name="suite-Command_line_suite" title="test.FacebookTest.FacebookLoginTest" hash-for-method="forgotAccountPartialLinkTest">forgotAccountPartialLinkTest</a> <!-- method navigator-link -->
                      </span>
                      <br/>
                      <span>
                        <img width="3%" src="passed.png"/>
                        <a href="#" class="method navigator-link" panel-name="suite-Command_line_suite" title="test.FacebookTest.FacebookRegisterTest" hash-for-method="forgotAccountPartialLinkTest">forgotAccountPartialLinkTest</a> <!-- method navigator-link -->
                      </span>
                      <br/>
                      <span>
                        <img width="3%" src="passed.png"/>
                        <a href="#" class="method navigator-link" panel-name="suite-Command_line_suite" title="test.FacebookTest.FacebookRegisterTest" hash-for-method="forgotAccountTest">forgotAccountTest</a> <!-- method navigator-link -->
                      </span>
                      <br/>
                      <span>
                        <img width="3%" src="passed.png"/>
                        <a href="#" class="method navigator-link" panel-name="suite-Command_line_suite" title="test.FacebookTest.FacebookLoginTest" hash-for-method="forgotAccountTest">forgotAccountTest</a> <!-- method navigator-link -->
                      </span>
                      <br/>
                      <span>
                        <img width="3%" src="passed.png"/>
                        <a href="#" class="method navigator-link" panel-name="suite-Command_line_suite" title="test.ExamTest.Netflix" hash-for-method="get_title_page">get_title_page</a> <!-- method navigator-link -->
                      </span>
                      <br/>
                      <span>
                        <img width="3%" src="passed.png"/>
                        <a href="#" class="method navigator-link" panel-name="suite-Command_line_suite" title="test.ExamTest.Netflix" hash-for-method="get_title_page">get_title_page</a> <!-- method navigator-link -->
                      </span>
                      <br/>
                      <span>
                        <img width="3%" src="passed.png"/>
                        <a href="#" class="method navigator-link" panel-name="suite-Command_line_suite" title="test.ExamTest.Netflix" hash-for-method="iniciarSesionPageTest">iniciarSesionPageTest</a> <!-- method navigator-link -->
                      </span>
                      <br/>
                      <span>
                        <img width="3%" src="passed.png"/>
                        <a href="#" class="method navigator-link" panel-name="suite-Command_line_suite" title="test.ExamTest.Netflix" hash-for-method="loginToNetflixErrorTest">loginToNetflixErrorTest</a> <!-- method navigator-link -->
                      </span>
                      <br/>
                      <span>
                        <img width="3%" src="passed.png"/>
                        <a href="#" class="method navigator-link" panel-name="suite-Command_line_suite" title="test.DataProviderTest.DataGeneratorTest" hash-for-method="nombrePaisCapital(España, Madrid)">nombrePaisCapital(España, Madrid)</a> <!-- method navigator-link -->
                      </span>
                      <br/>
                      <span>
                        <img width="3%" src="passed.png"/>
                        <a href="#" class="method navigator-link" panel-name="suite-Command_line_suite" title="test.DataProviderTest.DataGeneratorTest" hash-for-method="nombrePaisCapital(Francia, París)">nombrePaisCapital(Francia, París)</a> <!-- method navigator-link -->
                      </span>
                      <br/>
                      <span>
                        <img width="3%" src="passed.png"/>
                        <a href="#" class="method navigator-link" panel-name="suite-Command_line_suite" title="test.DataProviderTest.SalesforceTest" hash-for-method="nombresEdad(María, 38)">nombresEdad(María, 38)</a> <!-- method navigator-link -->
                      </span>
                      <br/>
                      <span>
                        <img width="3%" src="passed.png"/>
                        <a href="#" class="method navigator-link" panel-name="suite-Command_line_suite" title="test.DataProviderTest.DataProviderPeopleTest" hash-for-method="nombresEdad(Fernando, Manriqe, 39)">nombresEdad(Fernando, Manriqe, 39)</a> <!-- method navigator-link -->
                      </span>
                      <br/>
                      <span>
                        <img width="3%" src="passed.png"/>
                        <a href="#" class="method navigator-link" panel-name="suite-Command_line_suite" title="test.DataProviderTest.DataProviderPeopleTest" hash-for-method="nombresEdad(Diego, Manrique, 28)">nombresEdad(Diego, Manrique, 28)</a> <!-- method navigator-link -->
                      </span>
                      <br/>
                      <span>
                        <img width="3%" src="passed.png"/>
                        <a href="#" class="method navigator-link" panel-name="suite-Command_line_suite" title="test.DataProviderTest.SalesforceTest" hash-for-method="nombresEdad(Juan, 36)">nombresEdad(Juan, 36)</a> <!-- method navigator-link -->
                      </span>
                      <br/>
                      <span>
                        <img width="3%" src="passed.png"/>
                        <a href="#" class="method navigator-link" panel-name="suite-Command_line_suite" title="test.DataProviderTest.DataGeneratorTest" hash-for-method="nombresEdad(Fernando, Manriqe, 39)">nombresEdad(Fernando, Manriqe, 39)</a> <!-- method navigator-link -->
                      </span>
                      <br/>
                      <span>
                        <img width="3%" src="passed.png"/>
                        <a href="#" class="method navigator-link" panel-name="suite-Command_line_suite" title="test.DataProviderTest.PeopleSimpleTest" hash-for-method="nombresEdad(Diego, 28)">nombresEdad(Diego, 28)</a> <!-- method navigator-link -->
                      </span>
                      <br/>
                      <span>
                        <img width="3%" src="passed.png"/>
                        <a href="#" class="method navigator-link" panel-name="suite-Command_line_suite" title="test.DataProviderTest.PeopleSimpleTest" hash-for-method="nombresEdad(Fernando, 39)">nombresEdad(Fernando, 39)</a> <!-- method navigator-link -->
                      </span>
                      <br/>
                      <span>
                        <img width="3%" src="passed.png"/>
                        <a href="#" class="method navigator-link" panel-name="suite-Command_line_suite" title="test.DataProviderTest.PeopleTest" hash-for-method="nombresEdad(Fernando, Manriqe, 39)">nombresEdad(Fernando, Manriqe, 39)</a> <!-- method navigator-link -->
                      </span>
                      <br/>
                      <span>
                        <img width="3%" src="passed.png"/>
                        <a href="#" class="method navigator-link" panel-name="suite-Command_line_suite" title="test.DataProviderTest.DataGeneratorTest" hash-for-method="nombresEdad(Diego, Manrique, 28)">nombresEdad(Diego, Manrique, 28)</a> <!-- method navigator-link -->
                      </span>
                      <br/>
                      <span>
                        <img width="3%" src="passed.png"/>
                        <a href="#" class="method navigator-link" panel-name="suite-Command_line_suite" title="test.DataProviderTest.PeopleTest" hash-for-method="nombresEdad(Diego, Manrique, 28)">nombresEdad(Diego, Manrique, 28)</a> <!-- method navigator-link -->
                      </span>
                      <br/>
                      <span>
                        <img width="3%" src="passed.png"/>
                        <a href="#" class="method navigator-link" panel-name="suite-Command_line_suite" title="test.FacebookTest.FacebookRegisterTest" hash-for-method="registrationFacebookFakeTest">registrationFacebookFakeTest</a> <!-- method navigator-link -->
                      </span>
                      <br/>
                      <span>
                        <img width="3%" src="passed.png"/>
                        <a href="#" class="method navigator-link" panel-name="suite-Command_line_suite" title="test.FacebookTest.FacebookRegisterTest" hash-for-method="registrationFacebookTest">registrationFacebookTest</a> <!-- method navigator-link -->
                      </span>
                      <br/>
                      <span>
                        <img width="3%" src="passed.png"/>
                        <a href="#" class="method navigator-link" panel-name="suite-Command_line_suite" title="test.FacebookTest.FacebookLoginTest" hash-for-method="registrationToFacebookTest">registrationToFacebookTest</a> <!-- method navigator-link -->
                      </span>
                      <br/>
                      <span>
                        <img width="3%" src="passed.png"/>
                        <a href="#" class="method navigator-link" panel-name="suite-Command_line_suite" title="test.SalesForceTest.SalesForceTest" hash-for-method="remenberMelsSelected">remenberMelsSelected</a> <!-- method navigator-link -->
                      </span>
                      <br/>
                      <span>
                        <img width="3%" src="passed.png"/>
                        <a href="#" class="method navigator-link" panel-name="suite-Command_line_suite" title="test.SalesForceTest.Testng" hash-for-method="secondTest">secondTest</a> <!-- method navigator-link -->
                      </span>
                      <br/>
                      <span>
                        <img width="3%" src="passed.png"/>
                        <a href="#" class="method navigator-link" panel-name="suite-Command_line_suite" title="test.ExamTest.Netflix" hash-for-method="setup">setup</a> <!-- method navigator-link -->
                      </span>
                      <br/>
                      <span>
                        <img width="3%" src="passed.png"/>
                        <a href="#" class="method navigator-link" panel-name="suite-Command_line_suite" title="test.FacebookTest.FacebookLoginTest" hash-for-method="setup">setup</a> <!-- method navigator-link -->
                      </span>
                      <br/>
                      <span>
                        <img width="3%" src="passed.png"/>
                        <a href="#" class="method navigator-link" panel-name="suite-Command_line_suite" title="test.FacebookTest.FacebookRegisterTest" hash-for-method="setup">setup</a> <!-- method navigator-link -->
                      </span>
                      <br/>
                      <span>
                        <img width="3%" src="passed.png"/>
                        <a href="#" class="method navigator-link" panel-name="suite-Command_line_suite" title="test.SpotifyTest.SpotifyTest" hash-for-method="setup">setup</a> <!-- method navigator-link -->
                      </span>
                      <br/>
                      <span>
                        <img width="3%" src="passed.png"/>
                        <a href="#" class="method navigator-link" panel-name="suite-Command_line_suite" title="test.ExamTest.Netflix" hash-for-method="setup">setup</a> <!-- method navigator-link -->
                      </span>
                      <br/>
                      <span>
                        <img width="3%" src="passed.png"/>
                        <a href="#" class="method navigator-link" panel-name="suite-Command_line_suite" title="test.SalesForceTest.SalesForceTest" hash-for-method="setup">setup</a> <!-- method navigator-link -->
                      </span>
                      <br/>
                      <span>
                        <img width="3%" src="passed.png"/>
                        <a href="#" class="method navigator-link" panel-name="suite-Command_line_suite" title="test.SalesForceTest.SalesForceTest" hash-for-method="validateSalesforceLogoTest">validateSalesforceLogoTest</a> <!-- method navigator-link -->
                      </span>
                      <br/>
                    </div> <!-- method-list-content passed suite-Command_line_suite -->
                  </li>
                </ul>
              </div> <!-- suite-section-content -->
            </div> <!-- result-section -->
          </div> <!-- navigator-suite-content -->
        </div> <!-- rounded-window -->
      </div> <!-- suite -->
    </div> <!-- navigator-root -->
    <div class="wrapper">
      <div class="main-panel-root">
        <div panel-name="suite-Command_line_suite" class="panel Command_line_suite">
          <div class="suite-Command_line_suite-class-failed">
            <div class="main-panel-header rounded-window-top">
              <img src="failed.png"/>
              <span class="class-name">test.ExamTest.Netflix</span>
            </div> <!-- main-panel-header rounded-window-top -->
            <div class="main-panel-content rounded-window-bottom">
              <div class="method">
                <div class="method-content">
                  <a name="fakeEmailTest">
                  </a> <!-- fakeEmailTest -->
                  <span class="method-name">fakeEmailTest</span>
                  <div class="stack-trace">org.openqa.selenium.TimeoutException: Expected condition failed: waiting for presence of element located by: By.xpath: //span[contains(text(),&apos;EMPEZAR&apos;)] (tried for 10 second(s) with 500 milliseconds interval)
	at org.openqa.selenium.support.ui.WebDriverWait.timeoutException(WebDriverWait.java:95)
	at org.openqa.selenium.support.ui.FluentWait.until(FluentWait.java:272)
	at Hook.Utilities.click_element_xpath(Utilities.java:72)
	at PageObject.Netflix.NetflixHome.tap_Empezar(NetflixHome.java:46)
	at test.ExamTest.Netflix.fakeEmailTest(Netflix.java:49)
	at java.util.ArrayList.forEach(ArrayList.java:1257)
Caused by: org.openqa.selenium.NoSuchElementException: no such element: Unable to locate element: {&quot;method&quot;:&quot;xpath&quot;,&quot;selector&quot;:&quot;//span[contains(text(),&apos;EMPEZAR&apos;)]&quot;}
  (Session info: chrome=89.0.4389.72)
For documentation on this error, please visit: https://www.seleniumhq.org/exceptions/no_such_element.html
Build info: version: &apos;3.141.59&apos;, revision: &apos;e82be7d358&apos;, time: &apos;2018-11-14T08:17:03&apos;
System info: host: &apos;MacBook-Pro-de-fernando.local&apos;, ip: &apos;fe80:0:0:0:14fa:8833:38ad:407b%en0&apos;, os.name: &apos;Mac OS X&apos;, os.arch: &apos;x86_64&apos;, os.version: &apos;10.16&apos;, java.version: &apos;1.8.0_181&apos;
Driver info: org.openqa.selenium.chrome.ChromeDriver
Capabilities {acceptInsecureCerts: false, browserName: chrome, browserVersion: 89.0.4389.72, chrome: {chromedriverVersion: 88.0.4324.27 (6347fe8bf1e48..., userDataDir: /var/folders/3v/1sl8t8xd1ql...}, goog:chromeOptions: {debuggerAddress: localhost:50745}, javascriptEnabled: true, networkConnectionEnabled: false, pageLoadStrategy: normal, platform: MAC, platformName: MAC, proxy: Proxy(), setWindowRect: true, strictFileInteractability: false, timeouts: {implicit: 0, pageLoad: 300000, script: 30000}, unhandledPromptBehavior: dismiss and notify, webauthn:extension:largeBlob: true, webauthn:virtualAuthenticators: true}
Session ID: abf435f44a1dd254a266581b5e7bdac6
*** Element info: {Using=xpath, value=//span[contains(text(),&apos;EMPEZAR&apos;)]}
	at org.openqa.selenium.remote.http.W3CHttpResponseCodec.createException(W3CHttpResponseCodec.java:187)
	at org.openqa.selenium.remote.http.W3CHttpResponseCodec.decode(W3CHttpResponseCodec.java:122)
	at org.openqa.selenium.remote.http.W3CHttpResponseCodec.decode(W3CHttpResponseCodec.java:49)
	at org.openqa.selenium.remote.HttpCommandExecutor.execute(HttpCommandExecutor.java:158)
	at org.openqa.selenium.remote.service.DriverCommandExecutor.execute(DriverCommandExecutor.java:83)
	at org.openqa.selenium.remote.RemoteWebDriver.execute(RemoteWebDriver.java:552)
	at org.openqa.selenium.remote.RemoteWebDriver.findElement(RemoteWebDriver.java:323)
	at org.openqa.selenium.remote.RemoteWebDriver.findElementByXPath(RemoteWebDriver.java:428)
	at org.openqa.selenium.By$ByXPath.findElement(By.java:353)
	at org.openqa.selenium.remote.RemoteWebDriver.findElement(RemoteWebDriver.java:315)
	at org.openqa.selenium.support.ui.ExpectedConditions$6.apply(ExpectedConditions.java:182)
	at org.openqa.selenium.support.ui.ExpectedConditions$6.apply(ExpectedConditions.java:179)
	at org.openqa.selenium.support.ui.FluentWait.until(FluentWait.java:249)
	... 41 more
... Removed 40 stack frames
</div> <!-- stack-trace -->
                </div> <!-- method-content -->
              </div> <!-- method -->
              <div class="method">
                <div class="method-content">
                  <a name="fakeEmailTest">
                  </a> <!-- fakeEmailTest -->
                  <span class="method-name">fakeEmailTest</span>
                  <div class="stack-trace">org.openqa.selenium.TimeoutException: Expected condition failed: waiting for presence of element located by: By.xpath: //span[contains(text(),&apos;EMPEZAR&apos;)] (tried for 10 second(s) with 500 milliseconds interval)
	at org.openqa.selenium.support.ui.WebDriverWait.timeoutException(WebDriverWait.java:95)
	at org.openqa.selenium.support.ui.FluentWait.until(FluentWait.java:272)
	at Hook.Utilities.click_element_xpath(Utilities.java:72)
	at PageObject.Netflix.NetflixHome.tap_Empezar(NetflixHome.java:46)
	at test.ExamTest.Netflix.fakeEmailTest(Netflix.java:49)
	at java.util.ArrayList.forEach(ArrayList.java:1257)
Caused by: org.openqa.selenium.NoSuchElementException: no such element: Unable to locate element: {&quot;method&quot;:&quot;xpath&quot;,&quot;selector&quot;:&quot;//span[contains(text(),&apos;EMPEZAR&apos;)]&quot;}
  (Session info: chrome=89.0.4389.72)
For documentation on this error, please visit: https://www.seleniumhq.org/exceptions/no_such_element.html
Build info: version: &apos;3.141.59&apos;, revision: &apos;e82be7d358&apos;, time: &apos;2018-11-14T08:17:03&apos;
System info: host: &apos;MacBook-Pro-de-fernando.local&apos;, ip: &apos;fe80:0:0:0:14fa:8833:38ad:407b%en0&apos;, os.name: &apos;Mac OS X&apos;, os.arch: &apos;x86_64&apos;, os.version: &apos;10.16&apos;, java.version: &apos;1.8.0_181&apos;
Driver info: org.openqa.selenium.chrome.ChromeDriver
Capabilities {acceptInsecureCerts: false, browserName: chrome, browserVersion: 89.0.4389.72, chrome: {chromedriverVersion: 88.0.4324.27 (6347fe8bf1e48..., userDataDir: /var/folders/3v/1sl8t8xd1ql...}, goog:chromeOptions: {debuggerAddress: localhost:50704}, javascriptEnabled: true, networkConnectionEnabled: false, pageLoadStrategy: normal, platform: MAC, platformName: MAC, proxy: Proxy(), setWindowRect: true, strictFileInteractability: false, timeouts: {implicit: 0, pageLoad: 300000, script: 30000}, unhandledPromptBehavior: dismiss and notify, webauthn:extension:largeBlob: true, webauthn:virtualAuthenticators: true}
Session ID: 0cd4de7fb76f197837cb8f5d89ee026f
*** Element info: {Using=xpath, value=//span[contains(text(),&apos;EMPEZAR&apos;)]}
	at org.openqa.selenium.remote.http.W3CHttpResponseCodec.createException(W3CHttpResponseCodec.java:187)
	at org.openqa.selenium.remote.http.W3CHttpResponseCodec.decode(W3CHttpResponseCodec.java:122)
	at org.openqa.selenium.remote.http.W3CHttpResponseCodec.decode(W3CHttpResponseCodec.java:49)
	at org.openqa.selenium.remote.HttpCommandExecutor.execute(HttpCommandExecutor.java:158)
	at org.openqa.selenium.remote.service.DriverCommandExecutor.execute(DriverCommandExecutor.java:83)
	at org.openqa.selenium.remote.RemoteWebDriver.execute(RemoteWebDriver.java:552)
	at org.openqa.selenium.remote.RemoteWebDriver.findElement(RemoteWebDriver.java:323)
	at org.openqa.selenium.remote.RemoteWebDriver.findElementByXPath(RemoteWebDriver.java:428)
	at org.openqa.selenium.By$ByXPath.findElement(By.java:353)
	at org.openqa.selenium.remote.RemoteWebDriver.findElement(RemoteWebDriver.java:315)
	at org.openqa.selenium.support.ui.ExpectedConditions$6.apply(ExpectedConditions.java:182)
	at org.openqa.selenium.support.ui.ExpectedConditions$6.apply(ExpectedConditions.java:179)
	at org.openqa.selenium.support.ui.FluentWait.until(FluentWait.java:249)
	... 41 more
... Removed 40 stack frames
</div> <!-- stack-trace -->
                </div> <!-- method-content -->
              </div> <!-- method -->
              <div class="method">
                <div class="method-content">
                  <a name="iniciarSesionPageTest">
                  </a> <!-- iniciarSesionPageTest -->
                  <span class="method-name">iniciarSesionPageTest</span>
                  <div class="stack-trace">org.openqa.selenium.WebDriverException: disconnected: Unable to receive message from renderer
  (Session info: chrome=89.0.4389.72)
Build info: version: &apos;3.141.59&apos;, revision: &apos;e82be7d358&apos;, time: &apos;2018-11-14T08:17:03&apos;
System info: host: &apos;MacBook-Pro-de-fernando.local&apos;, ip: &apos;fe80:0:0:0:14fa:8833:38ad:407b%en0&apos;, os.name: &apos;Mac OS X&apos;, os.arch: &apos;x86_64&apos;, os.version: &apos;10.16&apos;, java.version: &apos;1.8.0_181&apos;
Driver info: org.openqa.selenium.chrome.ChromeDriver
Capabilities {acceptInsecureCerts: false, browserName: chrome, browserVersion: 89.0.4389.72, chrome: {chromedriverVersion: 88.0.4324.27 (6347fe8bf1e48..., userDataDir: /var/folders/3v/1sl8t8xd1ql...}, goog:chromeOptions: {debuggerAddress: localhost:50912}, javascriptEnabled: true, networkConnectionEnabled: false, pageLoadStrategy: normal, platform: MAC, platformName: MAC, proxy: Proxy(), setWindowRect: true, strictFileInteractability: false, timeouts: {implicit: 0, pageLoad: 300000, script: 30000}, unhandledPromptBehavior: dismiss and notify, webauthn:extension:largeBlob: true, webauthn:virtualAuthenticators: true}
Session ID: b0aafb24bcbfb243ed5e9fa324e227ec
	at org.openqa.selenium.remote.http.W3CHttpResponseCodec.createException(W3CHttpResponseCodec.java:187)
	at org.openqa.selenium.remote.http.W3CHttpResponseCodec.decode(W3CHttpResponseCodec.java:122)
	at org.openqa.selenium.remote.http.W3CHttpResponseCodec.decode(W3CHttpResponseCodec.java:49)
	at org.openqa.selenium.remote.HttpCommandExecutor.execute(HttpCommandExecutor.java:158)
	at org.openqa.selenium.remote.service.DriverCommandExecutor.execute(DriverCommandExecutor.java:83)
	at org.openqa.selenium.remote.RemoteWebDriver.execute(RemoteWebDriver.java:552)
	at org.openqa.selenium.remote.RemoteWebElement.execute(RemoteWebElement.java:285)
	at org.openqa.selenium.remote.RemoteWebElement.click(RemoteWebElement.java:84)
	at Hook.Utilities.click_element_xpath(Utilities.java:74)
	at PageObject.Netflix.NetflixHome.init_Session(NetflixHome.java:36)
	at test.ExamTest.Netflix.iniciarSesionPageTest(Netflix.java:24)
	at java.util.ArrayList.forEach(ArrayList.java:1257)
... Removed 41 stack frames
</div> <!-- stack-trace -->
                </div> <!-- method-content -->
              </div> <!-- method -->
              <div class="method">
                <div class="method-content">
                  <a name="loginToNetflixErrorTest">
                  </a> <!-- loginToNetflixErrorTest -->
                  <span class="method-name">loginToNetflixErrorTest</span>
                  <div class="stack-trace">org.openqa.selenium.TimeoutException: Expected condition failed: waiting for element found by By.xpath: //*[contains(text(),&apos;Escribe un correo válido.&apos;)] to have text &quot;Escribe un correo válido.&quot;. Current text: &quot;null&quot; (tried for 10 second(s) with 500 milliseconds interval)
Build info: version: &apos;3.141.59&apos;, revision: &apos;e82be7d358&apos;, time: &apos;2018-11-14T08:17:03&apos;
System info: host: &apos;MacBook-Pro-de-fernando.local&apos;, ip: &apos;fe80:0:0:0:14fa:8833:38ad:407b%en0&apos;, os.name: &apos;Mac OS X&apos;, os.arch: &apos;x86_64&apos;, os.version: &apos;10.16&apos;, java.version: &apos;1.8.0_181&apos;
Driver info: org.openqa.selenium.chrome.ChromeDriver
Capabilities {acceptInsecureCerts: false, browserName: chrome, browserVersion: 89.0.4389.72, chrome: {chromedriverVersion: 88.0.4324.27 (6347fe8bf1e48..., userDataDir: /var/folders/3v/1sl8t8xd1ql...}, goog:chromeOptions: {debuggerAddress: localhost:50824}, javascriptEnabled: true, networkConnectionEnabled: false, pageLoadStrategy: normal, platform: MAC, platformName: MAC, proxy: Proxy(), setWindowRect: true, strictFileInteractability: false, timeouts: {implicit: 0, pageLoad: 300000, script: 30000}, unhandledPromptBehavior: dismiss and notify, webauthn:extension:largeBlob: true, webauthn:virtualAuthenticators: true}
Session ID: 72a68f134508388d95700c30e3ed74ee
	at org.openqa.selenium.support.ui.WebDriverWait.timeoutException(WebDriverWait.java:95)
	at org.openqa.selenium.support.ui.FluentWait.until(FluentWait.java:272)
	at Hook.Utilities.get_text_xpath_email_error(Utilities.java:109)
	at PageObject.Netflix.singinPage.validateMsgError(singinPage.java:45)
	at test.ExamTest.Netflix.loginToNetflixErrorTest(Netflix.java:38)
	at java.util.ArrayList.forEach(ArrayList.java:1257)
... Removed 37 stack frames
</div> <!-- stack-trace -->
                </div> <!-- method-content -->
              </div> <!-- method -->
              <div class="method">
                <div class="method-content">
                  <a name="nombrePaisCapital(pepe@gmail.com)">
                  </a> <!-- nombrePaisCapital(pepe@gmail.com) -->
                  <span class="method-name">nombrePaisCapital</span>
                  <span class="parameters">(pepe@gmail.com)</span>
                  <div class="stack-trace">org.openqa.selenium.TimeoutException: Expected condition failed: waiting for presence of element located by: By.xpath: //span[contains(text(),&apos;EMPEZAR&apos;)] (tried for 10 second(s) with 500 milliseconds interval)
	at org.openqa.selenium.support.ui.WebDriverWait.timeoutException(WebDriverWait.java:95)
	at org.openqa.selenium.support.ui.FluentWait.until(FluentWait.java:272)
	at Hook.Utilities.click_element_xpath(Utilities.java:72)
	at PageObject.Netflix.NetflixHome.tap_Empezar(NetflixHome.java:46)
	at test.ExamTest.Netflix.nombrePaisCapital(Netflix.java:67)
	at java.util.ArrayList.forEach(ArrayList.java:1257)
Caused by: org.openqa.selenium.NoSuchElementException: no such element: Unable to locate element: {&quot;method&quot;:&quot;xpath&quot;,&quot;selector&quot;:&quot;//span[contains(text(),&apos;EMPEZAR&apos;)]&quot;}
  (Session info: chrome=89.0.4389.72)
For documentation on this error, please visit: https://www.seleniumhq.org/exceptions/no_such_element.html
Build info: version: &apos;3.141.59&apos;, revision: &apos;e82be7d358&apos;, time: &apos;2018-11-14T08:17:03&apos;
System info: host: &apos;MacBook-Pro-de-fernando.local&apos;, ip: &apos;fe80:0:0:0:14fa:8833:38ad:407b%en0&apos;, os.name: &apos;Mac OS X&apos;, os.arch: &apos;x86_64&apos;, os.version: &apos;10.16&apos;, java.version: &apos;1.8.0_181&apos;
Driver info: org.openqa.selenium.chrome.ChromeDriver
Capabilities {acceptInsecureCerts: false, browserName: chrome, browserVersion: 89.0.4389.72, chrome: {chromedriverVersion: 88.0.4324.27 (6347fe8bf1e48..., userDataDir: /var/folders/3v/1sl8t8xd1ql...}, goog:chromeOptions: {debuggerAddress: localhost:50563}, javascriptEnabled: true, networkConnectionEnabled: false, pageLoadStrategy: normal, platform: MAC, platformName: MAC, proxy: Proxy(), setWindowRect: true, strictFileInteractability: false, timeouts: {implicit: 0, pageLoad: 300000, script: 30000}, unhandledPromptBehavior: dismiss and notify, webauthn:extension:largeBlob: true, webauthn:virtualAuthenticators: true}
Session ID: ff999a3e7470750eb67b2af51f56ff9d
*** Element info: {Using=xpath, value=//span[contains(text(),&apos;EMPEZAR&apos;)]}
	at org.openqa.selenium.remote.http.W3CHttpResponseCodec.createException(W3CHttpResponseCodec.java:187)
	at org.openqa.selenium.remote.http.W3CHttpResponseCodec.decode(W3CHttpResponseCodec.java:122)
	at org.openqa.selenium.remote.http.W3CHttpResponseCodec.decode(W3CHttpResponseCodec.java:49)
	at org.openqa.selenium.remote.HttpCommandExecutor.execute(HttpCommandExecutor.java:158)
	at org.openqa.selenium.remote.service.DriverCommandExecutor.execute(DriverCommandExecutor.java:83)
	at org.openqa.selenium.remote.RemoteWebDriver.execute(RemoteWebDriver.java:552)
	at org.openqa.selenium.remote.RemoteWebDriver.findElement(RemoteWebDriver.java:323)
	at org.openqa.selenium.remote.RemoteWebDriver.findElementByXPath(RemoteWebDriver.java:428)
	at org.openqa.selenium.By$ByXPath.findElement(By.java:353)
	at org.openqa.selenium.remote.RemoteWebDriver.findElement(RemoteWebDriver.java:315)
	at org.openqa.selenium.support.ui.ExpectedConditions$6.apply(ExpectedConditions.java:182)
	at org.openqa.selenium.support.ui.ExpectedConditions$6.apply(ExpectedConditions.java:179)
	at org.openqa.selenium.support.ui.FluentWait.until(FluentWait.java:249)
	... 41 more
... Removed 40 stack frames
</div> <!-- stack-trace -->
                </div> <!-- method-content -->
              </div> <!-- method -->
              <div class="method">
                <div class="method-content">
                  <a name="nombrePaisCapital(pepe@gmail.com)">
                  </a> <!-- nombrePaisCapital(pepe@gmail.com) -->
                  <span class="method-name">nombrePaisCapital</span>
                  <span class="parameters">(pepe@gmail.com)</span>
                  <div class="stack-trace">org.openqa.selenium.TimeoutException: Expected condition failed: waiting for presence of element located by: By.xpath: //span[contains(text(),&apos;EMPEZAR&apos;)] (tried for 10 second(s) with 500 milliseconds interval)
	at org.openqa.selenium.support.ui.WebDriverWait.timeoutException(WebDriverWait.java:95)
	at org.openqa.selenium.support.ui.FluentWait.until(FluentWait.java:272)
	at Hook.Utilities.click_element_xpath(Utilities.java:72)
	at PageObject.Netflix.NetflixHome.tap_Empezar(NetflixHome.java:46)
	at test.ExamTest.Netflix.nombrePaisCapital(Netflix.java:67)
	at java.util.ArrayList.forEach(ArrayList.java:1257)
Caused by: org.openqa.selenium.NoSuchElementException: no such element: Unable to locate element: {&quot;method&quot;:&quot;xpath&quot;,&quot;selector&quot;:&quot;//span[contains(text(),&apos;EMPEZAR&apos;)]&quot;}
  (Session info: chrome=89.0.4389.72)
For documentation on this error, please visit: https://www.seleniumhq.org/exceptions/no_such_element.html
Build info: version: &apos;3.141.59&apos;, revision: &apos;e82be7d358&apos;, time: &apos;2018-11-14T08:17:03&apos;
System info: host: &apos;MacBook-Pro-de-fernando.local&apos;, ip: &apos;fe80:0:0:0:14fa:8833:38ad:407b%en0&apos;, os.name: &apos;Mac OS X&apos;, os.arch: &apos;x86_64&apos;, os.version: &apos;10.16&apos;, java.version: &apos;1.8.0_181&apos;
Driver info: org.openqa.selenium.chrome.ChromeDriver
Capabilities {acceptInsecureCerts: false, browserName: chrome, browserVersion: 89.0.4389.72, chrome: {chromedriverVersion: 88.0.4324.27 (6347fe8bf1e48..., userDataDir: /var/folders/3v/1sl8t8xd1ql...}, goog:chromeOptions: {debuggerAddress: localhost:50419}, javascriptEnabled: true, networkConnectionEnabled: false, pageLoadStrategy: normal, platform: MAC, platformName: MAC, proxy: Proxy(), setWindowRect: true, strictFileInteractability: false, timeouts: {implicit: 0, pageLoad: 300000, script: 30000}, unhandledPromptBehavior: dismiss and notify, webauthn:extension:largeBlob: true, webauthn:virtualAuthenticators: true}
Session ID: 366f046b48f576dc9bf96cd1055c76a6
*** Element info: {Using=xpath, value=//span[contains(text(),&apos;EMPEZAR&apos;)]}
	at org.openqa.selenium.remote.http.W3CHttpResponseCodec.createException(W3CHttpResponseCodec.java:187)
	at org.openqa.selenium.remote.http.W3CHttpResponseCodec.decode(W3CHttpResponseCodec.java:122)
	at org.openqa.selenium.remote.http.W3CHttpResponseCodec.decode(W3CHttpResponseCodec.java:49)
	at org.openqa.selenium.remote.HttpCommandExecutor.execute(HttpCommandExecutor.java:158)
	at org.openqa.selenium.remote.service.DriverCommandExecutor.execute(DriverCommandExecutor.java:83)
	at org.openqa.selenium.remote.RemoteWebDriver.execute(RemoteWebDriver.java:552)
	at org.openqa.selenium.remote.RemoteWebDriver.findElement(RemoteWebDriver.java:323)
	at org.openqa.selenium.remote.RemoteWebDriver.findElementByXPath(RemoteWebDriver.java:428)
	at org.openqa.selenium.By$ByXPath.findElement(By.java:353)
	at org.openqa.selenium.remote.RemoteWebDriver.findElement(RemoteWebDriver.java:315)
	at org.openqa.selenium.support.ui.ExpectedConditions$6.apply(ExpectedConditions.java:182)
	at org.openqa.selenium.support.ui.ExpectedConditions$6.apply(ExpectedConditions.java:179)
	at org.openqa.selenium.support.ui.FluentWait.until(FluentWait.java:249)
	... 41 more
... Removed 40 stack frames
</div> <!-- stack-trace -->
                </div> <!-- method-content -->
              </div> <!-- method -->
              <div class="method">
                <div class="method-content">
                  <a name="nombrePaisCapital(rita@gmail.com)">
                  </a> <!-- nombrePaisCapital(rita@gmail.com) -->
                  <span class="method-name">nombrePaisCapital</span>
                  <span class="parameters">(rita@gmail.com)</span>
                  <div class="stack-trace">org.openqa.selenium.TimeoutException: Expected condition failed: waiting for presence of element located by: By.xpath: //span[contains(text(),&apos;EMPEZAR&apos;)] (tried for 10 second(s) with 500 milliseconds interval)
	at org.openqa.selenium.support.ui.WebDriverWait.timeoutException(WebDriverWait.java:95)
	at org.openqa.selenium.support.ui.FluentWait.until(FluentWait.java:272)
	at Hook.Utilities.click_element_xpath(Utilities.java:72)
	at PageObject.Netflix.NetflixHome.tap_Empezar(NetflixHome.java:46)
	at test.ExamTest.Netflix.nombrePaisCapital(Netflix.java:67)
	at java.util.ArrayList.forEach(ArrayList.java:1257)
Caused by: org.openqa.selenium.NoSuchElementException: no such element: Unable to locate element: {&quot;method&quot;:&quot;xpath&quot;,&quot;selector&quot;:&quot;//span[contains(text(),&apos;EMPEZAR&apos;)]&quot;}
  (Session info: chrome=89.0.4389.72)
For documentation on this error, please visit: https://www.seleniumhq.org/exceptions/no_such_element.html
Build info: version: &apos;3.141.59&apos;, revision: &apos;e82be7d358&apos;, time: &apos;2018-11-14T08:17:03&apos;
System info: host: &apos;MacBook-Pro-de-fernando.local&apos;, ip: &apos;fe80:0:0:0:14fa:8833:38ad:407b%en0&apos;, os.name: &apos;Mac OS X&apos;, os.arch: &apos;x86_64&apos;, os.version: &apos;10.16&apos;, java.version: &apos;1.8.0_181&apos;
Driver info: org.openqa.selenium.chrome.ChromeDriver
Capabilities {acceptInsecureCerts: false, browserName: chrome, browserVersion: 89.0.4389.72, chrome: {chromedriverVersion: 88.0.4324.27 (6347fe8bf1e48..., userDataDir: /var/folders/3v/1sl8t8xd1ql...}, goog:chromeOptions: {debuggerAddress: localhost:50661}, javascriptEnabled: true, networkConnectionEnabled: false, pageLoadStrategy: normal, platform: MAC, platformName: MAC, proxy: Proxy(), setWindowRect: true, strictFileInteractability: false, timeouts: {implicit: 0, pageLoad: 300000, script: 30000}, unhandledPromptBehavior: dismiss and notify, webauthn:extension:largeBlob: true, webauthn:virtualAuthenticators: true}
Session ID: 1d05ee0058a06231514a949d118fbe7e
*** Element info: {Using=xpath, value=//span[contains(text(),&apos;EMPEZAR&apos;)]}
	at org.openqa.selenium.remote.http.W3CHttpResponseCodec.createException(W3CHttpResponseCodec.java:187)
	at org.openqa.selenium.remote.http.W3CHttpResponseCodec.decode(W3CHttpResponseCodec.java:122)
	at org.openqa.selenium.remote.http.W3CHttpResponseCodec.decode(W3CHttpResponseCodec.java:49)
	at org.openqa.selenium.remote.HttpCommandExecutor.execute(HttpCommandExecutor.java:158)
	at org.openqa.selenium.remote.service.DriverCommandExecutor.execute(DriverCommandExecutor.java:83)
	at org.openqa.selenium.remote.RemoteWebDriver.execute(RemoteWebDriver.java:552)
	at org.openqa.selenium.remote.RemoteWebDriver.findElement(RemoteWebDriver.java:323)
	at org.openqa.selenium.remote.RemoteWebDriver.findElementByXPath(RemoteWebDriver.java:428)
	at org.openqa.selenium.By$ByXPath.findElement(By.java:353)
	at org.openqa.selenium.remote.RemoteWebDriver.findElement(RemoteWebDriver.java:315)
	at org.openqa.selenium.support.ui.ExpectedConditions$6.apply(ExpectedConditions.java:182)
	at org.openqa.selenium.support.ui.ExpectedConditions$6.apply(ExpectedConditions.java:179)
	at org.openqa.selenium.support.ui.FluentWait.until(FluentWait.java:249)
	... 41 more
... Removed 40 stack frames
</div> <!-- stack-trace -->
                </div> <!-- method-content -->
              </div> <!-- method -->
              <div class="method">
                <div class="method-content">
                  <a name="nombrePaisCapital(pepito@gmail.com)">
                  </a> <!-- nombrePaisCapital(pepito@gmail.com) -->
                  <span class="method-name">nombrePaisCapital</span>
                  <span class="parameters">(pepito@gmail.com)</span>
                  <div class="stack-trace">org.openqa.selenium.TimeoutException: Expected condition failed: waiting for presence of element located by: By.xpath: //span[contains(text(),&apos;EMPEZAR&apos;)] (tried for 10 second(s) with 500 milliseconds interval)
	at org.openqa.selenium.support.ui.WebDriverWait.timeoutException(WebDriverWait.java:95)
	at org.openqa.selenium.support.ui.FluentWait.until(FluentWait.java:272)
	at Hook.Utilities.click_element_xpath(Utilities.java:72)
	at PageObject.Netflix.NetflixHome.tap_Empezar(NetflixHome.java:46)
	at test.ExamTest.Netflix.nombrePaisCapital(Netflix.java:67)
	at java.util.ArrayList.forEach(ArrayList.java:1257)
Caused by: org.openqa.selenium.NoSuchElementException: no such element: Unable to locate element: {&quot;method&quot;:&quot;xpath&quot;,&quot;selector&quot;:&quot;//span[contains(text(),&apos;EMPEZAR&apos;)]&quot;}
  (Session info: chrome=89.0.4389.72)
For documentation on this error, please visit: https://www.seleniumhq.org/exceptions/no_such_element.html
Build info: version: &apos;3.141.59&apos;, revision: &apos;e82be7d358&apos;, time: &apos;2018-11-14T08:17:03&apos;
System info: host: &apos;MacBook-Pro-de-fernando.local&apos;, ip: &apos;fe80:0:0:0:14fa:8833:38ad:407b%en0&apos;, os.name: &apos;Mac OS X&apos;, os.arch: &apos;x86_64&apos;, os.version: &apos;10.16&apos;, java.version: &apos;1.8.0_181&apos;
Driver info: org.openqa.selenium.chrome.ChromeDriver
Capabilities {acceptInsecureCerts: false, browserName: chrome, browserVersion: 89.0.4389.72, chrome: {chromedriverVersion: 88.0.4324.27 (6347fe8bf1e48..., userDataDir: /var/folders/3v/1sl8t8xd1ql...}, goog:chromeOptions: {debuggerAddress: localhost:50463}, javascriptEnabled: true, networkConnectionEnabled: false, pageLoadStrategy: normal, platform: MAC, platformName: MAC, proxy: Proxy(), setWindowRect: true, strictFileInteractability: false, timeouts: {implicit: 0, pageLoad: 300000, script: 30000}, unhandledPromptBehavior: dismiss and notify, webauthn:extension:largeBlob: true, webauthn:virtualAuthenticators: true}
Session ID: e6aa487b915c55456e365a6a105a22ee
*** Element info: {Using=xpath, value=//span[contains(text(),&apos;EMPEZAR&apos;)]}
	at org.openqa.selenium.remote.http.W3CHttpResponseCodec.createException(W3CHttpResponseCodec.java:187)
	at org.openqa.selenium.remote.http.W3CHttpResponseCodec.decode(W3CHttpResponseCodec.java:122)
	at org.openqa.selenium.remote.http.W3CHttpResponseCodec.decode(W3CHttpResponseCodec.java:49)
	at org.openqa.selenium.remote.HttpCommandExecutor.execute(HttpCommandExecutor.java:158)
	at org.openqa.selenium.remote.service.DriverCommandExecutor.execute(DriverCommandExecutor.java:83)
	at org.openqa.selenium.remote.RemoteWebDriver.execute(RemoteWebDriver.java:552)
	at org.openqa.selenium.remote.RemoteWebDriver.findElement(RemoteWebDriver.java:323)
	at org.openqa.selenium.remote.RemoteWebDriver.findElementByXPath(RemoteWebDriver.java:428)
	at org.openqa.selenium.By$ByXPath.findElement(By.java:353)
	at org.openqa.selenium.remote.RemoteWebDriver.findElement(RemoteWebDriver.java:315)
	at org.openqa.selenium.support.ui.ExpectedConditions$6.apply(ExpectedConditions.java:182)
	at org.openqa.selenium.support.ui.ExpectedConditions$6.apply(ExpectedConditions.java:179)
	at org.openqa.selenium.support.ui.FluentWait.until(FluentWait.java:249)
	... 41 more
... Removed 40 stack frames
</div> <!-- stack-trace -->
                </div> <!-- method-content -->
              </div> <!-- method -->
              <div class="method">
                <div class="method-content">
                  <a name="nombrePaisCapital(rita@gmail.com)">
                  </a> <!-- nombrePaisCapital(rita@gmail.com) -->
                  <span class="method-name">nombrePaisCapital</span>
                  <span class="parameters">(rita@gmail.com)</span>
                  <div class="stack-trace">org.openqa.selenium.TimeoutException: Expected condition failed: waiting for presence of element located by: By.xpath: //span[contains(text(),&apos;EMPEZAR&apos;)] (tried for 10 second(s) with 500 milliseconds interval)
	at org.openqa.selenium.support.ui.WebDriverWait.timeoutException(WebDriverWait.java:95)
	at org.openqa.selenium.support.ui.FluentWait.until(FluentWait.java:272)
	at Hook.Utilities.click_element_xpath(Utilities.java:72)
	at PageObject.Netflix.NetflixHome.tap_Empezar(NetflixHome.java:46)
	at test.ExamTest.Netflix.nombrePaisCapital(Netflix.java:67)
	at java.util.ArrayList.forEach(ArrayList.java:1257)
Caused by: org.openqa.selenium.NoSuchElementException: no such element: Unable to locate element: {&quot;method&quot;:&quot;xpath&quot;,&quot;selector&quot;:&quot;//span[contains(text(),&apos;EMPEZAR&apos;)]&quot;}
  (Session info: chrome=89.0.4389.72)
For documentation on this error, please visit: https://www.seleniumhq.org/exceptions/no_such_element.html
Build info: version: &apos;3.141.59&apos;, revision: &apos;e82be7d358&apos;, time: &apos;2018-11-14T08:17:03&apos;
System info: host: &apos;MacBook-Pro-de-fernando.local&apos;, ip: &apos;fe80:0:0:0:14fa:8833:38ad:407b%en0&apos;, os.name: &apos;Mac OS X&apos;, os.arch: &apos;x86_64&apos;, os.version: &apos;10.16&apos;, java.version: &apos;1.8.0_181&apos;
Driver info: org.openqa.selenium.chrome.ChromeDriver
Capabilities {acceptInsecureCerts: false, browserName: chrome, browserVersion: 89.0.4389.72, chrome: {chromedriverVersion: 88.0.4324.27 (6347fe8bf1e48..., userDataDir: /var/folders/3v/1sl8t8xd1ql...}, goog:chromeOptions: {debuggerAddress: localhost:50517}, javascriptEnabled: true, networkConnectionEnabled: false, pageLoadStrategy: normal, platform: MAC, platformName: MAC, proxy: Proxy(), setWindowRect: true, strictFileInteractability: false, timeouts: {implicit: 0, pageLoad: 300000, script: 30000}, unhandledPromptBehavior: dismiss and notify, webauthn:extension:largeBlob: true, webauthn:virtualAuthenticators: true}
Session ID: 46172d8a45eaaf4c4ca71344dc0fa4a2
*** Element info: {Using=xpath, value=//span[contains(text(),&apos;EMPEZAR&apos;)]}
	at org.openqa.selenium.remote.http.W3CHttpResponseCodec.createException(W3CHttpResponseCodec.java:187)
	at org.openqa.selenium.remote.http.W3CHttpResponseCodec.decode(W3CHttpResponseCodec.java:122)
	at org.openqa.selenium.remote.http.W3CHttpResponseCodec.decode(W3CHttpResponseCodec.java:49)
	at org.openqa.selenium.remote.HttpCommandExecutor.execute(HttpCommandExecutor.java:158)
	at org.openqa.selenium.remote.service.DriverCommandExecutor.execute(DriverCommandExecutor.java:83)
	at org.openqa.selenium.remote.RemoteWebDriver.execute(RemoteWebDriver.java:552)
	at org.openqa.selenium.remote.RemoteWebDriver.findElement(RemoteWebDriver.java:323)
	at org.openqa.selenium.remote.RemoteWebDriver.findElementByXPath(RemoteWebDriver.java:428)
	at org.openqa.selenium.By$ByXPath.findElement(By.java:353)
	at org.openqa.selenium.remote.RemoteWebDriver.findElement(RemoteWebDriver.java:315)
	at org.openqa.selenium.support.ui.ExpectedConditions$6.apply(ExpectedConditions.java:182)
	at org.openqa.selenium.support.ui.ExpectedConditions$6.apply(ExpectedConditions.java:179)
	at org.openqa.selenium.support.ui.FluentWait.until(FluentWait.java:249)
	... 41 more
... Removed 40 stack frames
</div> <!-- stack-trace -->
                </div> <!-- method-content -->
              </div> <!-- method -->
              <div class="method">
                <div class="method-content">
                  <a name="nombrePaisCapital(pepito@gmail.com)">
                  </a> <!-- nombrePaisCapital(pepito@gmail.com) -->
                  <span class="method-name">nombrePaisCapital</span>
                  <span class="parameters">(pepito@gmail.com)</span>
                  <div class="stack-trace">org.openqa.selenium.TimeoutException: Expected condition failed: waiting for presence of element located by: By.xpath: //span[contains(text(),&apos;EMPEZAR&apos;)] (tried for 10 second(s) with 500 milliseconds interval)
	at org.openqa.selenium.support.ui.WebDriverWait.timeoutException(WebDriverWait.java:95)
	at org.openqa.selenium.support.ui.FluentWait.until(FluentWait.java:272)
	at Hook.Utilities.click_element_xpath(Utilities.java:72)
	at PageObject.Netflix.NetflixHome.tap_Empezar(NetflixHome.java:46)
	at test.ExamTest.Netflix.nombrePaisCapital(Netflix.java:67)
	at java.util.ArrayList.forEach(ArrayList.java:1257)
Caused by: org.openqa.selenium.NoSuchElementException: no such element: Unable to locate element: {&quot;method&quot;:&quot;xpath&quot;,&quot;selector&quot;:&quot;//span[contains(text(),&apos;EMPEZAR&apos;)]&quot;}
  (Session info: chrome=89.0.4389.72)
For documentation on this error, please visit: https://www.seleniumhq.org/exceptions/no_such_element.html
Build info: version: &apos;3.141.59&apos;, revision: &apos;e82be7d358&apos;, time: &apos;2018-11-14T08:17:03&apos;
System info: host: &apos;MacBook-Pro-de-fernando.local&apos;, ip: &apos;fe80:0:0:0:14fa:8833:38ad:407b%en0&apos;, os.name: &apos;Mac OS X&apos;, os.arch: &apos;x86_64&apos;, os.version: &apos;10.16&apos;, java.version: &apos;1.8.0_181&apos;
Driver info: org.openqa.selenium.chrome.ChromeDriver
Capabilities {acceptInsecureCerts: false, browserName: chrome, browserVersion: 89.0.4389.72, chrome: {chromedriverVersion: 88.0.4324.27 (6347fe8bf1e48..., userDataDir: /var/folders/3v/1sl8t8xd1ql...}, goog:chromeOptions: {debuggerAddress: localhost:50615}, javascriptEnabled: true, networkConnectionEnabled: false, pageLoadStrategy: normal, platform: MAC, platformName: MAC, proxy: Proxy(), setWindowRect: true, strictFileInteractability: false, timeouts: {implicit: 0, pageLoad: 300000, script: 30000}, unhandledPromptBehavior: dismiss and notify, webauthn:extension:largeBlob: true, webauthn:virtualAuthenticators: true}
Session ID: d4e738a8d44c4ff8c0426b2c92f767b7
*** Element info: {Using=xpath, value=//span[contains(text(),&apos;EMPEZAR&apos;)]}
	at org.openqa.selenium.remote.http.W3CHttpResponseCodec.createException(W3CHttpResponseCodec.java:187)
	at org.openqa.selenium.remote.http.W3CHttpResponseCodec.decode(W3CHttpResponseCodec.java:122)
	at org.openqa.selenium.remote.http.W3CHttpResponseCodec.decode(W3CHttpResponseCodec.java:49)
	at org.openqa.selenium.remote.HttpCommandExecutor.execute(HttpCommandExecutor.java:158)
	at org.openqa.selenium.remote.service.DriverCommandExecutor.execute(DriverCommandExecutor.java:83)
	at org.openqa.selenium.remote.RemoteWebDriver.execute(RemoteWebDriver.java:552)
	at org.openqa.selenium.remote.RemoteWebDriver.findElement(RemoteWebDriver.java:323)
	at org.openqa.selenium.remote.RemoteWebDriver.findElementByXPath(RemoteWebDriver.java:428)
	at org.openqa.selenium.By$ByXPath.findElement(By.java:353)
	at org.openqa.selenium.remote.RemoteWebDriver.findElement(RemoteWebDriver.java:315)
	at org.openqa.selenium.support.ui.ExpectedConditions$6.apply(ExpectedConditions.java:182)
	at org.openqa.selenium.support.ui.ExpectedConditions$6.apply(ExpectedConditions.java:179)
	at org.openqa.selenium.support.ui.FluentWait.until(FluentWait.java:249)
	... 41 more
... Removed 40 stack frames
</div> <!-- stack-trace -->
                </div> <!-- method-content -->
              </div> <!-- method -->
            </div> <!-- main-panel-content rounded-window-bottom -->
          </div> <!-- suite-Command_line_suite-class-failed -->
          <div class="suite-Command_line_suite-class-failed">
            <div class="main-panel-header rounded-window-top">
              <img src="failed.png"/>
              <span class="class-name">test.SalesForceTest.SalesForceTest</span>
            </div> <!-- main-panel-header rounded-window-top -->
            <div class="main-panel-content rounded-window-bottom">
              <div class="method">
                <div class="method-content">
                  <a name="LoginFailurefakeTest">
                  </a> <!-- LoginFailurefakeTest -->
                  <span class="method-name">LoginFailurefakeTest</span>
                  <div class="stack-trace">org.openqa.selenium.TimeoutException: Expected condition failed: waiting for presence of element located by: By.xpath: //div[@id=&apos;error&apos;] (tried for 10 second(s) with 500 milliseconds interval)
	at org.openqa.selenium.support.ui.WebDriverWait.timeoutException(WebDriverWait.java:95)
	at org.openqa.selenium.support.ui.FluentWait.until(FluentWait.java:272)
	at Hook.Utilities.find_xpath_search_text(Utilities.java:129)
	at PageObject.SalesForce.salesForceLoginPage.search_text(salesForceLoginPage.java:57)
	at test.SalesForceTest.SalesForceTest.LoginFailurefakeTest(SalesForceTest.java:53)
	at java.util.ArrayList.forEach(ArrayList.java:1257)
Caused by: org.openqa.selenium.NoSuchElementException: no such element: Unable to locate element: {&quot;method&quot;:&quot;xpath&quot;,&quot;selector&quot;:&quot;//div[@id=&apos;error&apos;]&quot;}
  (Session info: chrome=89.0.4389.72)
For documentation on this error, please visit: https://www.seleniumhq.org/exceptions/no_such_element.html
Build info: version: &apos;3.141.59&apos;, revision: &apos;e82be7d358&apos;, time: &apos;2018-11-14T08:17:03&apos;
System info: host: &apos;MacBook-Pro-de-fernando.local&apos;, ip: &apos;fe80:0:0:0:14fa:8833:38ad:407b%en0&apos;, os.name: &apos;Mac OS X&apos;, os.arch: &apos;x86_64&apos;, os.version: &apos;10.16&apos;, java.version: &apos;1.8.0_181&apos;
Driver info: org.openqa.selenium.chrome.ChromeDriver
Capabilities {acceptInsecureCerts: false, browserName: chrome, browserVersion: 89.0.4389.72, chrome: {chromedriverVersion: 88.0.4324.27 (6347fe8bf1e48..., userDataDir: /var/folders/3v/1sl8t8xd1ql...}, goog:chromeOptions: {debuggerAddress: localhost:51312}, javascriptEnabled: true, networkConnectionEnabled: false, pageLoadStrategy: normal, platform: MAC, platformName: MAC, proxy: Proxy(), setWindowRect: true, strictFileInteractability: false, timeouts: {implicit: 0, pageLoad: 300000, script: 30000}, unhandledPromptBehavior: dismiss and notify, webauthn:extension:largeBlob: true, webauthn:virtualAuthenticators: true}
Session ID: 4e1aea5b70e9f82faf3dc6e2e4bb624f
*** Element info: {Using=xpath, value=//div[@id=&apos;error&apos;]}
	at org.openqa.selenium.remote.http.W3CHttpResponseCodec.createException(W3CHttpResponseCodec.java:187)
	at org.openqa.selenium.remote.http.W3CHttpResponseCodec.decode(W3CHttpResponseCodec.java:122)
	at org.openqa.selenium.remote.http.W3CHttpResponseCodec.decode(W3CHttpResponseCodec.java:49)
	at org.openqa.selenium.remote.HttpCommandExecutor.execute(HttpCommandExecutor.java:158)
	at org.openqa.selenium.remote.service.DriverCommandExecutor.execute(DriverCommandExecutor.java:83)
	at org.openqa.selenium.remote.RemoteWebDriver.execute(RemoteWebDriver.java:552)
	at org.openqa.selenium.remote.RemoteWebDriver.findElement(RemoteWebDriver.java:323)
	at org.openqa.selenium.remote.RemoteWebDriver.findElementByXPath(RemoteWebDriver.java:428)
	at org.openqa.selenium.By$ByXPath.findElement(By.java:353)
	at org.openqa.selenium.remote.RemoteWebDriver.findElement(RemoteWebDriver.java:315)
	at org.openqa.selenium.support.ui.ExpectedConditions$6.apply(ExpectedConditions.java:182)
	at org.openqa.selenium.support.ui.ExpectedConditions$6.apply(ExpectedConditions.java:179)
	at org.openqa.selenium.support.ui.FluentWait.until(FluentWait.java:249)
	... 41 more
... Removed 40 stack frames
</div> <!-- stack-trace -->
                </div> <!-- method-content -->
              </div> <!-- method -->
            </div> <!-- main-panel-content rounded-window-bottom -->
          </div> <!-- suite-Command_line_suite-class-failed -->
          <div class="suite-Command_line_suite-class-skipped">
            <div class="main-panel-header rounded-window-top">
              <img src="skipped.png"/>
              <span class="class-name">test.SpotifyTest.SpotifyTest</span>
            </div> <!-- main-panel-header rounded-window-top -->
            <div class="main-panel-content rounded-window-bottom">
              <div class="method">
                <div class="method-content">
                  <a name="checkEqualErrorMessages">
                  </a> <!-- checkEqualErrorMessages -->
                  <span class="method-name">checkEqualErrorMessages</span>
                  <div class="stack-trace">org.openqa.selenium.ElementClickInterceptedException: element click intercepted: Element is not clickable at point (142, 672)
  (Session info: chrome=89.0.4389.72)
Build info: version: &apos;3.141.59&apos;, revision: &apos;e82be7d358&apos;, time: &apos;2018-11-14T08:17:03&apos;
System info: host: &apos;MacBook-Pro-de-fernando.local&apos;, ip: &apos;fe80:0:0:0:14fa:8833:38ad:407b%en0&apos;, os.name: &apos;Mac OS X&apos;, os.arch: &apos;x86_64&apos;, os.version: &apos;10.16&apos;, java.version: &apos;1.8.0_181&apos;
Driver info: org.openqa.selenium.chrome.ChromeDriver
Capabilities {acceptInsecureCerts: false, browserName: chrome, browserVersion: 89.0.4389.72, chrome: {chromedriverVersion: 88.0.4324.27 (6347fe8bf1e48..., userDataDir: /var/folders/3v/1sl8t8xd1ql...}, goog:chromeOptions: {debuggerAddress: localhost:50390}, javascriptEnabled: true, networkConnectionEnabled: false, pageLoadStrategy: normal, platform: MAC, platformName: MAC, proxy: Proxy(), setWindowRect: true, strictFileInteractability: false, timeouts: {implicit: 0, pageLoad: 300000, script: 30000}, unhandledPromptBehavior: dismiss and notify, webauthn:extension:largeBlob: true, webauthn:virtualAuthenticators: true}
Session ID: 9094011204a3888914f99849e6b4077b
	at org.openqa.selenium.remote.http.W3CHttpResponseCodec.createException(W3CHttpResponseCodec.java:187)
	at org.openqa.selenium.remote.http.W3CHttpResponseCodec.decode(W3CHttpResponseCodec.java:122)
	at org.openqa.selenium.remote.http.W3CHttpResponseCodec.decode(W3CHttpResponseCodec.java:49)
	at org.openqa.selenium.remote.HttpCommandExecutor.execute(HttpCommandExecutor.java:158)
	at org.openqa.selenium.remote.service.DriverCommandExecutor.execute(DriverCommandExecutor.java:83)
	at org.openqa.selenium.remote.RemoteWebDriver.execute(RemoteWebDriver.java:552)
	at org.openqa.selenium.remote.RemoteWebElement.execute(RemoteWebElement.java:285)
	at org.openqa.selenium.remote.RemoteWebElement.click(RemoteWebElement.java:84)
	at Hook.Utilities.click_element_xpath(Utilities.java:74)
	at PageObject.Spotify.spotifyHomePage.accept_cookies(spotifyHomePage.java:25)
	at Hook.BeforeAfterDriver.DriverSpotify.setup(DriverSpotify.java:29)
	at java.util.ArrayList.forEach(ArrayList.java:1257)
... Removed 45 stack frames
</div> <!-- stack-trace -->
                </div> <!-- method-content -->
              </div> <!-- method -->
              <div class="method">
                <div class="method-content">
                  <a name="mostrarSpotifyLinks">
                  </a> <!-- mostrarSpotifyLinks -->
                  <span class="method-name">mostrarSpotifyLinks</span>
                  <div class="stack-trace">org.openqa.selenium.ElementClickInterceptedException: element click intercepted: Element is not clickable at point (142, 672)
  (Session info: chrome=89.0.4389.72)
Build info: version: &apos;3.141.59&apos;, revision: &apos;e82be7d358&apos;, time: &apos;2018-11-14T08:17:03&apos;
System info: host: &apos;MacBook-Pro-de-fernando.local&apos;, ip: &apos;fe80:0:0:0:14fa:8833:38ad:407b%en0&apos;, os.name: &apos;Mac OS X&apos;, os.arch: &apos;x86_64&apos;, os.version: &apos;10.16&apos;, java.version: &apos;1.8.0_181&apos;
Driver info: org.openqa.selenium.chrome.ChromeDriver
Capabilities {acceptInsecureCerts: false, browserName: chrome, browserVersion: 89.0.4389.72, chrome: {chromedriverVersion: 88.0.4324.27 (6347fe8bf1e48..., userDataDir: /var/folders/3v/1sl8t8xd1ql...}, goog:chromeOptions: {debuggerAddress: localhost:50390}, javascriptEnabled: true, networkConnectionEnabled: false, pageLoadStrategy: normal, platform: MAC, platformName: MAC, proxy: Proxy(), setWindowRect: true, strictFileInteractability: false, timeouts: {implicit: 0, pageLoad: 300000, script: 30000}, unhandledPromptBehavior: dismiss and notify, webauthn:extension:largeBlob: true, webauthn:virtualAuthenticators: true}
Session ID: 9094011204a3888914f99849e6b4077b
	at org.openqa.selenium.remote.http.W3CHttpResponseCodec.createException(W3CHttpResponseCodec.java:187)
	at org.openqa.selenium.remote.http.W3CHttpResponseCodec.decode(W3CHttpResponseCodec.java:122)
	at org.openqa.selenium.remote.http.W3CHttpResponseCodec.decode(W3CHttpResponseCodec.java:49)
	at org.openqa.selenium.remote.HttpCommandExecutor.execute(HttpCommandExecutor.java:158)
	at org.openqa.selenium.remote.service.DriverCommandExecutor.execute(DriverCommandExecutor.java:83)
	at org.openqa.selenium.remote.RemoteWebDriver.execute(RemoteWebDriver.java:552)
	at org.openqa.selenium.remote.RemoteWebElement.execute(RemoteWebElement.java:285)
	at org.openqa.selenium.remote.RemoteWebElement.click(RemoteWebElement.java:84)
	at Hook.Utilities.click_element_xpath(Utilities.java:74)
	at PageObject.Spotify.spotifyHomePage.accept_cookies(spotifyHomePage.java:25)
	at Hook.BeforeAfterDriver.DriverSpotify.setup(DriverSpotify.java:29)
	at java.util.ArrayList.forEach(ArrayList.java:1257)
... Removed 45 stack frames
</div> <!-- stack-trace -->
                </div> <!-- method-content -->
              </div> <!-- method -->
              <div class="method">
                <div class="method-content">
                  <a name="spotifyByName">
                  </a> <!-- spotifyByName -->
                  <span class="method-name">spotifyByName</span>
                  <div class="stack-trace">org.openqa.selenium.ElementClickInterceptedException: element click intercepted: Element is not clickable at point (142, 672)
  (Session info: chrome=89.0.4389.72)
Build info: version: &apos;3.141.59&apos;, revision: &apos;e82be7d358&apos;, time: &apos;2018-11-14T08:17:03&apos;
System info: host: &apos;MacBook-Pro-de-fernando.local&apos;, ip: &apos;fe80:0:0:0:14fa:8833:38ad:407b%en0&apos;, os.name: &apos;Mac OS X&apos;, os.arch: &apos;x86_64&apos;, os.version: &apos;10.16&apos;, java.version: &apos;1.8.0_181&apos;
Driver info: org.openqa.selenium.chrome.ChromeDriver
Capabilities {acceptInsecureCerts: false, browserName: chrome, browserVersion: 89.0.4389.72, chrome: {chromedriverVersion: 88.0.4324.27 (6347fe8bf1e48..., userDataDir: /var/folders/3v/1sl8t8xd1ql...}, goog:chromeOptions: {debuggerAddress: localhost:50390}, javascriptEnabled: true, networkConnectionEnabled: false, pageLoadStrategy: normal, platform: MAC, platformName: MAC, proxy: Proxy(), setWindowRect: true, strictFileInteractability: false, timeouts: {implicit: 0, pageLoad: 300000, script: 30000}, unhandledPromptBehavior: dismiss and notify, webauthn:extension:largeBlob: true, webauthn:virtualAuthenticators: true}
Session ID: 9094011204a3888914f99849e6b4077b
	at org.openqa.selenium.remote.http.W3CHttpResponseCodec.createException(W3CHttpResponseCodec.java:187)
	at org.openqa.selenium.remote.http.W3CHttpResponseCodec.decode(W3CHttpResponseCodec.java:122)
	at org.openqa.selenium.remote.http.W3CHttpResponseCodec.decode(W3CHttpResponseCodec.java:49)
	at org.openqa.selenium.remote.HttpCommandExecutor.execute(HttpCommandExecutor.java:158)
	at org.openqa.selenium.remote.service.DriverCommandExecutor.execute(DriverCommandExecutor.java:83)
	at org.openqa.selenium.remote.RemoteWebDriver.execute(RemoteWebDriver.java:552)
	at org.openqa.selenium.remote.RemoteWebElement.execute(RemoteWebElement.java:285)
	at org.openqa.selenium.remote.RemoteWebElement.click(RemoteWebElement.java:84)
	at Hook.Utilities.click_element_xpath(Utilities.java:74)
	at PageObject.Spotify.spotifyHomePage.accept_cookies(spotifyHomePage.java:25)
	at Hook.BeforeAfterDriver.DriverSpotify.setup(DriverSpotify.java:29)
	at java.util.ArrayList.forEach(ArrayList.java:1257)
... Removed 45 stack frames
</div> <!-- stack-trace -->
                </div> <!-- method-content -->
              </div> <!-- method -->
              <div class="method">
                <div class="method-content">
                  <a name="spotifyByNameFakeTest">
                  </a> <!-- spotifyByNameFakeTest -->
                  <span class="method-name">spotifyByNameFakeTest</span>
                  <div class="stack-trace">org.openqa.selenium.ElementClickInterceptedException: element click intercepted: Element is not clickable at point (142, 672)
  (Session info: chrome=89.0.4389.72)
Build info: version: &apos;3.141.59&apos;, revision: &apos;e82be7d358&apos;, time: &apos;2018-11-14T08:17:03&apos;
System info: host: &apos;MacBook-Pro-de-fernando.local&apos;, ip: &apos;fe80:0:0:0:14fa:8833:38ad:407b%en0&apos;, os.name: &apos;Mac OS X&apos;, os.arch: &apos;x86_64&apos;, os.version: &apos;10.16&apos;, java.version: &apos;1.8.0_181&apos;
Driver info: org.openqa.selenium.chrome.ChromeDriver
Capabilities {acceptInsecureCerts: false, browserName: chrome, browserVersion: 89.0.4389.72, chrome: {chromedriverVersion: 88.0.4324.27 (6347fe8bf1e48..., userDataDir: /var/folders/3v/1sl8t8xd1ql...}, goog:chromeOptions: {debuggerAddress: localhost:50390}, javascriptEnabled: true, networkConnectionEnabled: false, pageLoadStrategy: normal, platform: MAC, platformName: MAC, proxy: Proxy(), setWindowRect: true, strictFileInteractability: false, timeouts: {implicit: 0, pageLoad: 300000, script: 30000}, unhandledPromptBehavior: dismiss and notify, webauthn:extension:largeBlob: true, webauthn:virtualAuthenticators: true}
Session ID: 9094011204a3888914f99849e6b4077b
	at org.openqa.selenium.remote.http.W3CHttpResponseCodec.createException(W3CHttpResponseCodec.java:187)
	at org.openqa.selenium.remote.http.W3CHttpResponseCodec.decode(W3CHttpResponseCodec.java:122)
	at org.openqa.selenium.remote.http.W3CHttpResponseCodec.decode(W3CHttpResponseCodec.java:49)
	at org.openqa.selenium.remote.HttpCommandExecutor.execute(HttpCommandExecutor.java:158)
	at org.openqa.selenium.remote.service.DriverCommandExecutor.execute(DriverCommandExecutor.java:83)
	at org.openqa.selenium.remote.RemoteWebDriver.execute(RemoteWebDriver.java:552)
	at org.openqa.selenium.remote.RemoteWebElement.execute(RemoteWebElement.java:285)
	at org.openqa.selenium.remote.RemoteWebElement.click(RemoteWebElement.java:84)
	at Hook.Utilities.click_element_xpath(Utilities.java:74)
	at PageObject.Spotify.spotifyHomePage.accept_cookies(spotifyHomePage.java:25)
	at Hook.BeforeAfterDriver.DriverSpotify.setup(DriverSpotify.java:29)
	at java.util.ArrayList.forEach(ArrayList.java:1257)
... Removed 45 stack frames
</div> <!-- stack-trace -->
                </div> <!-- method-content -->
              </div> <!-- method -->
              <div class="method">
                <div class="method-content">
                  <a name="spotifyByNameTest">
                  </a> <!-- spotifyByNameTest -->
                  <span class="method-name">spotifyByNameTest</span>
                  <div class="stack-trace">org.openqa.selenium.ElementClickInterceptedException: element click intercepted: Element is not clickable at point (142, 672)
  (Session info: chrome=89.0.4389.72)
Build info: version: &apos;3.141.59&apos;, revision: &apos;e82be7d358&apos;, time: &apos;2018-11-14T08:17:03&apos;
System info: host: &apos;MacBook-Pro-de-fernando.local&apos;, ip: &apos;fe80:0:0:0:14fa:8833:38ad:407b%en0&apos;, os.name: &apos;Mac OS X&apos;, os.arch: &apos;x86_64&apos;, os.version: &apos;10.16&apos;, java.version: &apos;1.8.0_181&apos;
Driver info: org.openqa.selenium.chrome.ChromeDriver
Capabilities {acceptInsecureCerts: false, browserName: chrome, browserVersion: 89.0.4389.72, chrome: {chromedriverVersion: 88.0.4324.27 (6347fe8bf1e48..., userDataDir: /var/folders/3v/1sl8t8xd1ql...}, goog:chromeOptions: {debuggerAddress: localhost:50390}, javascriptEnabled: true, networkConnectionEnabled: false, pageLoadStrategy: normal, platform: MAC, platformName: MAC, proxy: Proxy(), setWindowRect: true, strictFileInteractability: false, timeouts: {implicit: 0, pageLoad: 300000, script: 30000}, unhandledPromptBehavior: dismiss and notify, webauthn:extension:largeBlob: true, webauthn:virtualAuthenticators: true}
Session ID: 9094011204a3888914f99849e6b4077b
	at org.openqa.selenium.remote.http.W3CHttpResponseCodec.createException(W3CHttpResponseCodec.java:187)
	at org.openqa.selenium.remote.http.W3CHttpResponseCodec.decode(W3CHttpResponseCodec.java:122)
	at org.openqa.selenium.remote.http.W3CHttpResponseCodec.decode(W3CHttpResponseCodec.java:49)
	at org.openqa.selenium.remote.HttpCommandExecutor.execute(HttpCommandExecutor.java:158)
	at org.openqa.selenium.remote.service.DriverCommandExecutor.execute(DriverCommandExecutor.java:83)
	at org.openqa.selenium.remote.RemoteWebDriver.execute(RemoteWebDriver.java:552)
	at org.openqa.selenium.remote.RemoteWebElement.execute(RemoteWebElement.java:285)
	at org.openqa.selenium.remote.RemoteWebElement.click(RemoteWebElement.java:84)
	at Hook.Utilities.click_element_xpath(Utilities.java:74)
	at PageObject.Spotify.spotifyHomePage.accept_cookies(spotifyHomePage.java:25)
	at Hook.BeforeAfterDriver.DriverSpotify.setup(DriverSpotify.java:29)
	at java.util.ArrayList.forEach(ArrayList.java:1257)
... Removed 45 stack frames
</div> <!-- stack-trace -->
                </div> <!-- method-content -->
              </div> <!-- method -->
              <div class="method">
                <div class="method-content">
                  <a name="spotifyByPlaceHolder">
                  </a> <!-- spotifyByPlaceHolder -->
                  <span class="method-name">spotifyByPlaceHolder</span>
                  <div class="stack-trace">org.openqa.selenium.ElementClickInterceptedException: element click intercepted: Element is not clickable at point (142, 672)
  (Session info: chrome=89.0.4389.72)
Build info: version: &apos;3.141.59&apos;, revision: &apos;e82be7d358&apos;, time: &apos;2018-11-14T08:17:03&apos;
System info: host: &apos;MacBook-Pro-de-fernando.local&apos;, ip: &apos;fe80:0:0:0:14fa:8833:38ad:407b%en0&apos;, os.name: &apos;Mac OS X&apos;, os.arch: &apos;x86_64&apos;, os.version: &apos;10.16&apos;, java.version: &apos;1.8.0_181&apos;
Driver info: org.openqa.selenium.chrome.ChromeDriver
Capabilities {acceptInsecureCerts: false, browserName: chrome, browserVersion: 89.0.4389.72, chrome: {chromedriverVersion: 88.0.4324.27 (6347fe8bf1e48..., userDataDir: /var/folders/3v/1sl8t8xd1ql...}, goog:chromeOptions: {debuggerAddress: localhost:50390}, javascriptEnabled: true, networkConnectionEnabled: false, pageLoadStrategy: normal, platform: MAC, platformName: MAC, proxy: Proxy(), setWindowRect: true, strictFileInteractability: false, timeouts: {implicit: 0, pageLoad: 300000, script: 30000}, unhandledPromptBehavior: dismiss and notify, webauthn:extension:largeBlob: true, webauthn:virtualAuthenticators: true}
Session ID: 9094011204a3888914f99849e6b4077b
	at org.openqa.selenium.remote.http.W3CHttpResponseCodec.createException(W3CHttpResponseCodec.java:187)
	at org.openqa.selenium.remote.http.W3CHttpResponseCodec.decode(W3CHttpResponseCodec.java:122)
	at org.openqa.selenium.remote.http.W3CHttpResponseCodec.decode(W3CHttpResponseCodec.java:49)
	at org.openqa.selenium.remote.HttpCommandExecutor.execute(HttpCommandExecutor.java:158)
	at org.openqa.selenium.remote.service.DriverCommandExecutor.execute(DriverCommandExecutor.java:83)
	at org.openqa.selenium.remote.RemoteWebDriver.execute(RemoteWebDriver.java:552)
	at org.openqa.selenium.remote.RemoteWebElement.execute(RemoteWebElement.java:285)
	at org.openqa.selenium.remote.RemoteWebElement.click(RemoteWebElement.java:84)
	at Hook.Utilities.click_element_xpath(Utilities.java:74)
	at PageObject.Spotify.spotifyHomePage.accept_cookies(spotifyHomePage.java:25)
	at Hook.BeforeAfterDriver.DriverSpotify.setup(DriverSpotify.java:29)
	at java.util.ArrayList.forEach(ArrayList.java:1257)
... Removed 45 stack frames
</div> <!-- stack-trace -->
                </div> <!-- method-content -->
              </div> <!-- method -->
              <div class="method">
                <div class="method-content">
                  <a name="spotifyByPlaceHolderFakeTest">
                  </a> <!-- spotifyByPlaceHolderFakeTest -->
                  <span class="method-name">spotifyByPlaceHolderFakeTest</span>
                  <div class="stack-trace">org.openqa.selenium.ElementClickInterceptedException: element click intercepted: Element is not clickable at point (142, 672)
  (Session info: chrome=89.0.4389.72)
Build info: version: &apos;3.141.59&apos;, revision: &apos;e82be7d358&apos;, time: &apos;2018-11-14T08:17:03&apos;
System info: host: &apos;MacBook-Pro-de-fernando.local&apos;, ip: &apos;fe80:0:0:0:14fa:8833:38ad:407b%en0&apos;, os.name: &apos;Mac OS X&apos;, os.arch: &apos;x86_64&apos;, os.version: &apos;10.16&apos;, java.version: &apos;1.8.0_181&apos;
Driver info: org.openqa.selenium.chrome.ChromeDriver
Capabilities {acceptInsecureCerts: false, browserName: chrome, browserVersion: 89.0.4389.72, chrome: {chromedriverVersion: 88.0.4324.27 (6347fe8bf1e48..., userDataDir: /var/folders/3v/1sl8t8xd1ql...}, goog:chromeOptions: {debuggerAddress: localhost:50390}, javascriptEnabled: true, networkConnectionEnabled: false, pageLoadStrategy: normal, platform: MAC, platformName: MAC, proxy: Proxy(), setWindowRect: true, strictFileInteractability: false, timeouts: {implicit: 0, pageLoad: 300000, script: 30000}, unhandledPromptBehavior: dismiss and notify, webauthn:extension:largeBlob: true, webauthn:virtualAuthenticators: true}
Session ID: 9094011204a3888914f99849e6b4077b
	at org.openqa.selenium.remote.http.W3CHttpResponseCodec.createException(W3CHttpResponseCodec.java:187)
	at org.openqa.selenium.remote.http.W3CHttpResponseCodec.decode(W3CHttpResponseCodec.java:122)
	at org.openqa.selenium.remote.http.W3CHttpResponseCodec.decode(W3CHttpResponseCodec.java:49)
	at org.openqa.selenium.remote.HttpCommandExecutor.execute(HttpCommandExecutor.java:158)
	at org.openqa.selenium.remote.service.DriverCommandExecutor.execute(DriverCommandExecutor.java:83)
	at org.openqa.selenium.remote.RemoteWebDriver.execute(RemoteWebDriver.java:552)
	at org.openqa.selenium.remote.RemoteWebElement.execute(RemoteWebElement.java:285)
	at org.openqa.selenium.remote.RemoteWebElement.click(RemoteWebElement.java:84)
	at Hook.Utilities.click_element_xpath(Utilities.java:74)
	at PageObject.Spotify.spotifyHomePage.accept_cookies(spotifyHomePage.java:25)
	at Hook.BeforeAfterDriver.DriverSpotify.setup(DriverSpotify.java:29)
	at java.util.ArrayList.forEach(ArrayList.java:1257)
... Removed 45 stack frames
</div> <!-- stack-trace -->
                </div> <!-- method-content -->
              </div> <!-- method -->
              <div class="method">
                <div class="method-content">
                  <a name="spotifyTest">
                  </a> <!-- spotifyTest -->
                  <span class="method-name">spotifyTest</span>
                  <div class="stack-trace">org.openqa.selenium.ElementClickInterceptedException: element click intercepted: Element is not clickable at point (142, 672)
  (Session info: chrome=89.0.4389.72)
Build info: version: &apos;3.141.59&apos;, revision: &apos;e82be7d358&apos;, time: &apos;2018-11-14T08:17:03&apos;
System info: host: &apos;MacBook-Pro-de-fernando.local&apos;, ip: &apos;fe80:0:0:0:14fa:8833:38ad:407b%en0&apos;, os.name: &apos;Mac OS X&apos;, os.arch: &apos;x86_64&apos;, os.version: &apos;10.16&apos;, java.version: &apos;1.8.0_181&apos;
Driver info: org.openqa.selenium.chrome.ChromeDriver
Capabilities {acceptInsecureCerts: false, browserName: chrome, browserVersion: 89.0.4389.72, chrome: {chromedriverVersion: 88.0.4324.27 (6347fe8bf1e48..., userDataDir: /var/folders/3v/1sl8t8xd1ql...}, goog:chromeOptions: {debuggerAddress: localhost:50390}, javascriptEnabled: true, networkConnectionEnabled: false, pageLoadStrategy: normal, platform: MAC, platformName: MAC, proxy: Proxy(), setWindowRect: true, strictFileInteractability: false, timeouts: {implicit: 0, pageLoad: 300000, script: 30000}, unhandledPromptBehavior: dismiss and notify, webauthn:extension:largeBlob: true, webauthn:virtualAuthenticators: true}
Session ID: 9094011204a3888914f99849e6b4077b
	at org.openqa.selenium.remote.http.W3CHttpResponseCodec.createException(W3CHttpResponseCodec.java:187)
	at org.openqa.selenium.remote.http.W3CHttpResponseCodec.decode(W3CHttpResponseCodec.java:122)
	at org.openqa.selenium.remote.http.W3CHttpResponseCodec.decode(W3CHttpResponseCodec.java:49)
	at org.openqa.selenium.remote.HttpCommandExecutor.execute(HttpCommandExecutor.java:158)
	at org.openqa.selenium.remote.service.DriverCommandExecutor.execute(DriverCommandExecutor.java:83)
	at org.openqa.selenium.remote.RemoteWebDriver.execute(RemoteWebDriver.java:552)
	at org.openqa.selenium.remote.RemoteWebElement.execute(RemoteWebElement.java:285)
	at org.openqa.selenium.remote.RemoteWebElement.click(RemoteWebElement.java:84)
	at Hook.Utilities.click_element_xpath(Utilities.java:74)
	at PageObject.Spotify.spotifyHomePage.accept_cookies(spotifyHomePage.java:25)
	at Hook.BeforeAfterDriver.DriverSpotify.setup(DriverSpotify.java:29)
	at java.util.ArrayList.forEach(ArrayList.java:1257)
... Removed 45 stack frames
</div> <!-- stack-trace -->
                </div> <!-- method-content -->
              </div> <!-- method -->
              <div class="method">
                <div class="method-content">
                  <a name="spotifytags(h1)">
                  </a> <!-- spotifytags(h1) -->
                  <span class="method-name">spotifytags</span>
                  <span class="parameters">(h1)</span>
                  <div class="stack-trace">org.openqa.selenium.ElementClickInterceptedException: element click intercepted: Element is not clickable at point (142, 672)
  (Session info: chrome=89.0.4389.72)
Build info: version: &apos;3.141.59&apos;, revision: &apos;e82be7d358&apos;, time: &apos;2018-11-14T08:17:03&apos;
System info: host: &apos;MacBook-Pro-de-fernando.local&apos;, ip: &apos;fe80:0:0:0:14fa:8833:38ad:407b%en0&apos;, os.name: &apos;Mac OS X&apos;, os.arch: &apos;x86_64&apos;, os.version: &apos;10.16&apos;, java.version: &apos;1.8.0_181&apos;
Driver info: org.openqa.selenium.chrome.ChromeDriver
Capabilities {acceptInsecureCerts: false, browserName: chrome, browserVersion: 89.0.4389.72, chrome: {chromedriverVersion: 88.0.4324.27 (6347fe8bf1e48..., userDataDir: /var/folders/3v/1sl8t8xd1ql...}, goog:chromeOptions: {debuggerAddress: localhost:50390}, javascriptEnabled: true, networkConnectionEnabled: false, pageLoadStrategy: normal, platform: MAC, platformName: MAC, proxy: Proxy(), setWindowRect: true, strictFileInteractability: false, timeouts: {implicit: 0, pageLoad: 300000, script: 30000}, unhandledPromptBehavior: dismiss and notify, webauthn:extension:largeBlob: true, webauthn:virtualAuthenticators: true}
Session ID: 9094011204a3888914f99849e6b4077b
	at org.openqa.selenium.remote.http.W3CHttpResponseCodec.createException(W3CHttpResponseCodec.java:187)
	at org.openqa.selenium.remote.http.W3CHttpResponseCodec.decode(W3CHttpResponseCodec.java:122)
	at org.openqa.selenium.remote.http.W3CHttpResponseCodec.decode(W3CHttpResponseCodec.java:49)
	at org.openqa.selenium.remote.HttpCommandExecutor.execute(HttpCommandExecutor.java:158)
	at org.openqa.selenium.remote.service.DriverCommandExecutor.execute(DriverCommandExecutor.java:83)
	at org.openqa.selenium.remote.RemoteWebDriver.execute(RemoteWebDriver.java:552)
	at org.openqa.selenium.remote.RemoteWebElement.execute(RemoteWebElement.java:285)
	at org.openqa.selenium.remote.RemoteWebElement.click(RemoteWebElement.java:84)
	at Hook.Utilities.click_element_xpath(Utilities.java:74)
	at PageObject.Spotify.spotifyHomePage.accept_cookies(spotifyHomePage.java:25)
	at Hook.BeforeAfterDriver.DriverSpotify.setup(DriverSpotify.java:29)
	at java.util.ArrayList.forEach(ArrayList.java:1257)
... Removed 45 stack frames
</div> <!-- stack-trace -->
                </div> <!-- method-content -->
              </div> <!-- method -->
              <div class="method">
                <div class="method-content">
                  <a name="validateExistingEmail">
                  </a> <!-- validateExistingEmail -->
                  <span class="method-name">validateExistingEmail</span>
                  <div class="stack-trace">org.openqa.selenium.ElementClickInterceptedException: element click intercepted: Element is not clickable at point (142, 672)
  (Session info: chrome=89.0.4389.72)
Build info: version: &apos;3.141.59&apos;, revision: &apos;e82be7d358&apos;, time: &apos;2018-11-14T08:17:03&apos;
System info: host: &apos;MacBook-Pro-de-fernando.local&apos;, ip: &apos;fe80:0:0:0:14fa:8833:38ad:407b%en0&apos;, os.name: &apos;Mac OS X&apos;, os.arch: &apos;x86_64&apos;, os.version: &apos;10.16&apos;, java.version: &apos;1.8.0_181&apos;
Driver info: org.openqa.selenium.chrome.ChromeDriver
Capabilities {acceptInsecureCerts: false, browserName: chrome, browserVersion: 89.0.4389.72, chrome: {chromedriverVersion: 88.0.4324.27 (6347fe8bf1e48..., userDataDir: /var/folders/3v/1sl8t8xd1ql...}, goog:chromeOptions: {debuggerAddress: localhost:50390}, javascriptEnabled: true, networkConnectionEnabled: false, pageLoadStrategy: normal, platform: MAC, platformName: MAC, proxy: Proxy(), setWindowRect: true, strictFileInteractability: false, timeouts: {implicit: 0, pageLoad: 300000, script: 30000}, unhandledPromptBehavior: dismiss and notify, webauthn:extension:largeBlob: true, webauthn:virtualAuthenticators: true}
Session ID: 9094011204a3888914f99849e6b4077b
	at org.openqa.selenium.remote.http.W3CHttpResponseCodec.createException(W3CHttpResponseCodec.java:187)
	at org.openqa.selenium.remote.http.W3CHttpResponseCodec.decode(W3CHttpResponseCodec.java:122)
	at org.openqa.selenium.remote.http.W3CHttpResponseCodec.decode(W3CHttpResponseCodec.java:49)
	at org.openqa.selenium.remote.HttpCommandExecutor.execute(HttpCommandExecutor.java:158)
	at org.openqa.selenium.remote.service.DriverCommandExecutor.execute(DriverCommandExecutor.java:83)
	at org.openqa.selenium.remote.RemoteWebDriver.execute(RemoteWebDriver.java:552)
	at org.openqa.selenium.remote.RemoteWebElement.execute(RemoteWebElement.java:285)
	at org.openqa.selenium.remote.RemoteWebElement.click(RemoteWebElement.java:84)
	at Hook.Utilities.click_element_xpath(Utilities.java:74)
	at PageObject.Spotify.spotifyHomePage.accept_cookies(spotifyHomePage.java:25)
	at Hook.BeforeAfterDriver.DriverSpotify.setup(DriverSpotify.java:29)
	at java.util.ArrayList.forEach(ArrayList.java:1257)
... Removed 45 stack frames
</div> <!-- stack-trace -->
                </div> <!-- method-content -->
              </div> <!-- method -->
              <div class="method">
                <div class="method-content">
                  <a name="verifySignupUrl">
                  </a> <!-- verifySignupUrl -->
                  <span class="method-name">verifySignupUrl</span>
                  <div class="stack-trace">org.openqa.selenium.ElementClickInterceptedException: element click intercepted: Element is not clickable at point (142, 672)
  (Session info: chrome=89.0.4389.72)
Build info: version: &apos;3.141.59&apos;, revision: &apos;e82be7d358&apos;, time: &apos;2018-11-14T08:17:03&apos;
System info: host: &apos;MacBook-Pro-de-fernando.local&apos;, ip: &apos;fe80:0:0:0:14fa:8833:38ad:407b%en0&apos;, os.name: &apos;Mac OS X&apos;, os.arch: &apos;x86_64&apos;, os.version: &apos;10.16&apos;, java.version: &apos;1.8.0_181&apos;
Driver info: org.openqa.selenium.chrome.ChromeDriver
Capabilities {acceptInsecureCerts: false, browserName: chrome, browserVersion: 89.0.4389.72, chrome: {chromedriverVersion: 88.0.4324.27 (6347fe8bf1e48..., userDataDir: /var/folders/3v/1sl8t8xd1ql...}, goog:chromeOptions: {debuggerAddress: localhost:50390}, javascriptEnabled: true, networkConnectionEnabled: false, pageLoadStrategy: normal, platform: MAC, platformName: MAC, proxy: Proxy(), setWindowRect: true, strictFileInteractability: false, timeouts: {implicit: 0, pageLoad: 300000, script: 30000}, unhandledPromptBehavior: dismiss and notify, webauthn:extension:largeBlob: true, webauthn:virtualAuthenticators: true}
Session ID: 9094011204a3888914f99849e6b4077b
	at org.openqa.selenium.remote.http.W3CHttpResponseCodec.createException(W3CHttpResponseCodec.java:187)
	at org.openqa.selenium.remote.http.W3CHttpResponseCodec.decode(W3CHttpResponseCodec.java:122)
	at org.openqa.selenium.remote.http.W3CHttpResponseCodec.decode(W3CHttpResponseCodec.java:49)
	at org.openqa.selenium.remote.HttpCommandExecutor.execute(HttpCommandExecutor.java:158)
	at org.openqa.selenium.remote.service.DriverCommandExecutor.execute(DriverCommandExecutor.java:83)
	at org.openqa.selenium.remote.RemoteWebDriver.execute(RemoteWebDriver.java:552)
	at org.openqa.selenium.remote.RemoteWebElement.execute(RemoteWebElement.java:285)
	at org.openqa.selenium.remote.RemoteWebElement.click(RemoteWebElement.java:84)
	at Hook.Utilities.click_element_xpath(Utilities.java:74)
	at PageObject.Spotify.spotifyHomePage.accept_cookies(spotifyHomePage.java:25)
	at Hook.BeforeAfterDriver.DriverSpotify.setup(DriverSpotify.java:29)
	at java.util.ArrayList.forEach(ArrayList.java:1257)
... Removed 45 stack frames
</div> <!-- stack-trace -->
                </div> <!-- method-content -->
              </div> <!-- method -->
              <div class="method">
                <div class="method-content">
                  <a name="verifySpotifyTitle">
                  </a> <!-- verifySpotifyTitle -->
                  <span class="method-name">verifySpotifyTitle</span>
                  <div class="stack-trace">org.openqa.selenium.ElementClickInterceptedException: element click intercepted: Element is not clickable at point (142, 672)
  (Session info: chrome=89.0.4389.72)
Build info: version: &apos;3.141.59&apos;, revision: &apos;e82be7d358&apos;, time: &apos;2018-11-14T08:17:03&apos;
System info: host: &apos;MacBook-Pro-de-fernando.local&apos;, ip: &apos;fe80:0:0:0:14fa:8833:38ad:407b%en0&apos;, os.name: &apos;Mac OS X&apos;, os.arch: &apos;x86_64&apos;, os.version: &apos;10.16&apos;, java.version: &apos;1.8.0_181&apos;
Driver info: org.openqa.selenium.chrome.ChromeDriver
Capabilities {acceptInsecureCerts: false, browserName: chrome, browserVersion: 89.0.4389.72, chrome: {chromedriverVersion: 88.0.4324.27 (6347fe8bf1e48..., userDataDir: /var/folders/3v/1sl8t8xd1ql...}, goog:chromeOptions: {debuggerAddress: localhost:50390}, javascriptEnabled: true, networkConnectionEnabled: false, pageLoadStrategy: normal, platform: MAC, platformName: MAC, proxy: Proxy(), setWindowRect: true, strictFileInteractability: false, timeouts: {implicit: 0, pageLoad: 300000, script: 30000}, unhandledPromptBehavior: dismiss and notify, webauthn:extension:largeBlob: true, webauthn:virtualAuthenticators: true}
Session ID: 9094011204a3888914f99849e6b4077b
	at org.openqa.selenium.remote.http.W3CHttpResponseCodec.createException(W3CHttpResponseCodec.java:187)
	at org.openqa.selenium.remote.http.W3CHttpResponseCodec.decode(W3CHttpResponseCodec.java:122)
	at org.openqa.selenium.remote.http.W3CHttpResponseCodec.decode(W3CHttpResponseCodec.java:49)
	at org.openqa.selenium.remote.HttpCommandExecutor.execute(HttpCommandExecutor.java:158)
	at org.openqa.selenium.remote.service.DriverCommandExecutor.execute(DriverCommandExecutor.java:83)
	at org.openqa.selenium.remote.RemoteWebDriver.execute(RemoteWebDriver.java:552)
	at org.openqa.selenium.remote.RemoteWebElement.execute(RemoteWebElement.java:285)
	at org.openqa.selenium.remote.RemoteWebElement.click(RemoteWebElement.java:84)
	at Hook.Utilities.click_element_xpath(Utilities.java:74)
	at PageObject.Spotify.spotifyHomePage.accept_cookies(spotifyHomePage.java:25)
	at Hook.BeforeAfterDriver.DriverSpotify.setup(DriverSpotify.java:29)
	at java.util.ArrayList.forEach(ArrayList.java:1257)
... Removed 45 stack frames
</div> <!-- stack-trace -->
                </div> <!-- method-content -->
              </div> <!-- method -->
            </div> <!-- main-panel-content rounded-window-bottom -->
          </div> <!-- suite-Command_line_suite-class-skipped -->
          <div class="suite-Command_line_suite-class-passed">
            <div class="main-panel-header rounded-window-top">
              <img src="passed.png"/>
              <span class="class-name">test.DataProviderTest.PeopleSimpleTest</span>
            </div> <!-- main-panel-header rounded-window-top -->
            <div class="main-panel-content rounded-window-bottom">
              <div class="method">
                <div class="method-content">
                  <a name="nombresEdad(Diego, 28)">
                  </a> <!-- nombresEdad(Diego, 28) -->
                  <span class="method-name">nombresEdad</span>
                  <span class="parameters">(Diego, 28)</span>
                </div> <!-- method-content -->
              </div> <!-- method -->
              <div class="method">
                <div class="method-content">
                  <a name="nombresEdad(Fernando, 39)">
                  </a> <!-- nombresEdad(Fernando, 39) -->
                  <span class="method-name">nombresEdad</span>
                  <span class="parameters">(Fernando, 39)</span>
                </div> <!-- method-content -->
              </div> <!-- method -->
            </div> <!-- main-panel-content rounded-window-bottom -->
          </div> <!-- suite-Command_line_suite-class-passed -->
          <div class="suite-Command_line_suite-class-passed">
            <div class="main-panel-header rounded-window-top">
              <img src="passed.png"/>
              <span class="class-name">test.DataProviderTest.fillFormWithFakersTest</span>
            </div> <!-- main-panel-header rounded-window-top -->
            <div class="main-panel-content rounded-window-bottom">
              <div class="method">
                <div class="method-content">
                  <a name="fillFormWithFakers">
                  </a> <!-- fillFormWithFakers -->
                  <span class="method-name">fillFormWithFakers</span>
                </div> <!-- method-content -->
              </div> <!-- method -->
            </div> <!-- main-panel-content rounded-window-bottom -->
          </div> <!-- suite-Command_line_suite-class-passed -->
          <div class="suite-Command_line_suite-class-passed">
            <div class="main-panel-header rounded-window-top">
              <img src="passed.png"/>
              <span class="class-name">test.ExamTest.Netflix</span>
            </div> <!-- main-panel-header rounded-window-top -->
            <div class="main-panel-content rounded-window-bottom">
              <div class="method">
                <div class="method-content">
                  <a name="get_title_page">
                  </a> <!-- get_title_page -->
                  <span class="method-name">get_title_page</span>
                </div> <!-- method-content -->
              </div> <!-- method -->
              <div class="method">
                <div class="method-content">
                  <a name="get_title_page">
                  </a> <!-- get_title_page -->
                  <span class="method-name">get_title_page</span>
                </div> <!-- method-content -->
              </div> <!-- method -->
              <div class="method">
                <div class="method-content">
                  <a name="iniciarSesionPageTest">
                  </a> <!-- iniciarSesionPageTest -->
                  <span class="method-name">iniciarSesionPageTest</span>
                </div> <!-- method-content -->
              </div> <!-- method -->
              <div class="method">
                <div class="method-content">
                  <a name="loginToNetflixErrorTest">
                  </a> <!-- loginToNetflixErrorTest -->
                  <span class="method-name">loginToNetflixErrorTest</span>
                </div> <!-- method-content -->
              </div> <!-- method -->
              <div class="method">
                <div class="method-content">
                  <a name="setup">
                  </a> <!-- setup -->
                  <span class="method-name">setup</span>
                </div> <!-- method-content -->
              </div> <!-- method -->
              <div class="method">
                <div class="method-content">
                  <a name="setup">
                  </a> <!-- setup -->
                  <span class="method-name">setup</span>
                </div> <!-- method-content -->
              </div> <!-- method -->
            </div> <!-- main-panel-content rounded-window-bottom -->
          </div> <!-- suite-Command_line_suite-class-passed -->
          <div class="suite-Command_line_suite-class-passed">
            <div class="main-panel-header rounded-window-top">
              <img src="passed.png"/>
              <span class="class-name">test.SpotifyTest.SpotifyTest</span>
            </div> <!-- main-panel-header rounded-window-top -->
            <div class="main-panel-content rounded-window-bottom">
              <div class="method">
                <div class="method-content">
                  <a name="setup">
                  </a> <!-- setup -->
                  <span class="method-name">setup</span>
                </div> <!-- method-content -->
              </div> <!-- method -->
            </div> <!-- main-panel-content rounded-window-bottom -->
          </div> <!-- suite-Command_line_suite-class-passed -->
          <div class="suite-Command_line_suite-class-passed">
            <div class="main-panel-header rounded-window-top">
              <img src="passed.png"/>
              <span class="class-name">test.SalesForceTest.SalesForceTest</span>
            </div> <!-- main-panel-header rounded-window-top -->
            <div class="main-panel-content rounded-window-bottom">
              <div class="method">
                <div class="method-content">
                  <a name="FooterIsValid">
                  </a> <!-- FooterIsValid -->
                  <span class="method-name">FooterIsValid</span>
                </div> <!-- method-content -->
              </div> <!-- method -->
              <div class="method">
                <div class="method-content">
                  <a name="LoginFailureTest">
                  </a> <!-- LoginFailureTest -->
                  <span class="method-name">LoginFailureTest</span>
                </div> <!-- method-content -->
              </div> <!-- method -->
              <div class="method">
                <div class="method-content">
                  <a name="customSalesforceLinkA">
                  </a> <!-- customSalesforceLinkA -->
                  <span class="method-name">customSalesforceLinkA</span>
                </div> <!-- method-content -->
              </div> <!-- method -->
              <div class="method">
                <div class="method-content">
                  <a name="customSalesforceLinkB">
                  </a> <!-- customSalesforceLinkB -->
                  <span class="method-name">customSalesforceLinkB</span>
                </div> <!-- method-content -->
              </div> <!-- method -->
              <div class="method">
                <div class="method-content">
                  <a name="customSalesforceLinkFake">
                  </a> <!-- customSalesforceLinkFake -->
                  <span class="method-name">customSalesforceLinkFake</span>
                </div> <!-- method-content -->
              </div> <!-- method -->
              <div class="method">
                <div class="method-content">
                  <a name="remenberMelsSelected">
                  </a> <!-- remenberMelsSelected -->
                  <span class="method-name">remenberMelsSelected</span>
                </div> <!-- method-content -->
              </div> <!-- method -->
              <div class="method">
                <div class="method-content">
                  <a name="setup">
                  </a> <!-- setup -->
                  <span class="method-name">setup</span>
                </div> <!-- method-content -->
              </div> <!-- method -->
              <div class="method">
                <div class="method-content">
                  <a name="validateSalesforceLogoTest">
                  </a> <!-- validateSalesforceLogoTest -->
                  <span class="method-name">validateSalesforceLogoTest</span>
                </div> <!-- method-content -->
              </div> <!-- method -->
            </div> <!-- main-panel-content rounded-window-bottom -->
          </div> <!-- suite-Command_line_suite-class-passed -->
          <div class="suite-Command_line_suite-class-passed">
            <div class="main-panel-header rounded-window-top">
              <img src="passed.png"/>
              <span class="class-name">test.FacebookTest.FacebookRegisterTest</span>
            </div> <!-- main-panel-header rounded-window-top -->
            <div class="main-panel-content rounded-window-bottom">
              <div class="method">
                <div class="method-content">
                  <a name="birthdateTest">
                  </a> <!-- birthdateTest -->
                  <span class="method-name">birthdateTest</span>
                </div> <!-- method-content -->
              </div> <!-- method -->
              <div class="method">
                <div class="method-content">
                  <a name="checkBoxAndComboboxFakeTest">
                  </a> <!-- checkBoxAndComboboxFakeTest -->
                  <span class="method-name">checkBoxAndComboboxFakeTest</span>
                </div> <!-- method-content -->
              </div> <!-- method -->
              <div class="method">
                <div class="method-content">
                  <a name="checkBoxAndComboboxTest">
                  </a> <!-- checkBoxAndComboboxTest -->
                  <span class="method-name">checkBoxAndComboboxTest</span>
                </div> <!-- method-content -->
              </div> <!-- method -->
              <div class="method">
                <div class="method-content">
                  <a name="comboboxTest">
                  </a> <!-- comboboxTest -->
                  <span class="method-name">comboboxTest</span>
                </div> <!-- method-content -->
              </div> <!-- method -->
              <div class="method">
                <div class="method-content">
                  <a name="completeRegistration">
                  </a> <!-- completeRegistration -->
                  <span class="method-name">completeRegistration</span>
                </div> <!-- method-content -->
              </div> <!-- method -->
              <div class="method">
                <div class="method-content">
                  <a name="completeRegistrationFake">
                  </a> <!-- completeRegistrationFake -->
                  <span class="method-name">completeRegistrationFake</span>
                </div> <!-- method-content -->
              </div> <!-- method -->
              <div class="method">
                <div class="method-content">
                  <a name="forgotAccountPartialLinkTest">
                  </a> <!-- forgotAccountPartialLinkTest -->
                  <span class="method-name">forgotAccountPartialLinkTest</span>
                </div> <!-- method-content -->
              </div> <!-- method -->
              <div class="method">
                <div class="method-content">
                  <a name="forgotAccountTest">
                  </a> <!-- forgotAccountTest -->
                  <span class="method-name">forgotAccountTest</span>
                </div> <!-- method-content -->
              </div> <!-- method -->
              <div class="method">
                <div class="method-content">
                  <a name="registrationFacebookFakeTest">
                  </a> <!-- registrationFacebookFakeTest -->
                  <span class="method-name">registrationFacebookFakeTest</span>
                </div> <!-- method-content -->
              </div> <!-- method -->
              <div class="method">
                <div class="method-content">
                  <a name="registrationFacebookTest">
                  </a> <!-- registrationFacebookTest -->
                  <span class="method-name">registrationFacebookTest</span>
                </div> <!-- method-content -->
              </div> <!-- method -->
              <div class="method">
                <div class="method-content">
                  <a name="setup">
                  </a> <!-- setup -->
                  <span class="method-name">setup</span>
                </div> <!-- method-content -->
              </div> <!-- method -->
            </div> <!-- main-panel-content rounded-window-bottom -->
          </div> <!-- suite-Command_line_suite-class-passed -->
          <div class="suite-Command_line_suite-class-passed">
            <div class="main-panel-header rounded-window-top">
              <img src="passed.png"/>
              <span class="class-name">test.DataProviderTest.DataGeneratorTest</span>
            </div> <!-- main-panel-header rounded-window-top -->
            <div class="main-panel-content rounded-window-bottom">
              <div class="method">
                <div class="method-content">
                  <a name="nombrePaisCapital(España, Madrid)">
                  </a> <!-- nombrePaisCapital(España, Madrid) -->
                  <span class="method-name">nombrePaisCapital</span>
                  <span class="parameters">(España, Madrid)</span>
                </div> <!-- method-content -->
              </div> <!-- method -->
              <div class="method">
                <div class="method-content">
                  <a name="nombrePaisCapital(Francia, París)">
                  </a> <!-- nombrePaisCapital(Francia, París) -->
                  <span class="method-name">nombrePaisCapital</span>
                  <span class="parameters">(Francia, París)</span>
                </div> <!-- method-content -->
              </div> <!-- method -->
              <div class="method">
                <div class="method-content">
                  <a name="nombresEdad(Fernando, Manriqe, 39)">
                  </a> <!-- nombresEdad(Fernando, Manriqe, 39) -->
                  <span class="method-name">nombresEdad</span>
                  <span class="parameters">(Fernando, Manriqe, 39)</span>
                </div> <!-- method-content -->
              </div> <!-- method -->
              <div class="method">
                <div class="method-content">
                  <a name="nombresEdad(Diego, Manrique, 28)">
                  </a> <!-- nombresEdad(Diego, Manrique, 28) -->
                  <span class="method-name">nombresEdad</span>
                  <span class="parameters">(Diego, Manrique, 28)</span>
                </div> <!-- method-content -->
              </div> <!-- method -->
            </div> <!-- main-panel-content rounded-window-bottom -->
          </div> <!-- suite-Command_line_suite-class-passed -->
          <div class="suite-Command_line_suite-class-passed">
            <div class="main-panel-header rounded-window-top">
              <img src="passed.png"/>
              <span class="class-name">test.FacebookTest.FacebookLoginTest</span>
            </div> <!-- main-panel-header rounded-window-top -->
            <div class="main-panel-content rounded-window-bottom">
              <div class="method">
                <div class="method-content">
                  <a name="forgotAccountPartialLinkTest">
                  </a> <!-- forgotAccountPartialLinkTest -->
                  <span class="method-name">forgotAccountPartialLinkTest</span>
                </div> <!-- method-content -->
              </div> <!-- method -->
              <div class="method">
                <div class="method-content">
                  <a name="forgotAccountTest">
                  </a> <!-- forgotAccountTest -->
                  <span class="method-name">forgotAccountTest</span>
                </div> <!-- method-content -->
              </div> <!-- method -->
              <div class="method">
                <div class="method-content">
                  <a name="registrationToFacebookTest">
                  </a> <!-- registrationToFacebookTest -->
                  <span class="method-name">registrationToFacebookTest</span>
                </div> <!-- method-content -->
              </div> <!-- method -->
              <div class="method">
                <div class="method-content">
                  <a name="setup">
                  </a> <!-- setup -->
                  <span class="method-name">setup</span>
                </div> <!-- method-content -->
              </div> <!-- method -->
            </div> <!-- main-panel-content rounded-window-bottom -->
          </div> <!-- suite-Command_line_suite-class-passed -->
          <div class="suite-Command_line_suite-class-passed">
            <div class="main-panel-header rounded-window-top">
              <img src="passed.png"/>
              <span class="class-name">test.DocussignTest.DocusignTest</span>
            </div> <!-- main-panel-header rounded-window-top -->
            <div class="main-panel-content rounded-window-bottom">
              <div class="method">
                <div class="method-content">
                  <a name="completeDocusignRegistrationForm">
                  </a> <!-- completeDocusignRegistrationForm -->
                  <span class="method-name">completeDocusignRegistrationForm</span>
                </div> <!-- method-content -->
              </div> <!-- method -->
              <div class="method">
                <div class="method-content">
                  <a name="completeDocusignRegistrationFormFake">
                  </a> <!-- completeDocusignRegistrationFormFake -->
                  <span class="method-name">completeDocusignRegistrationFormFake</span>
                </div> <!-- method-content -->
              </div> <!-- method -->
              <div class="method">
                <div class="method-content">
                  <a name="defaultxPath">
                  </a> <!-- defaultxPath -->
                  <span class="method-name">defaultxPath</span>
                </div> <!-- method-content -->
              </div> <!-- method -->
            </div> <!-- main-panel-content rounded-window-bottom -->
          </div> <!-- suite-Command_line_suite-class-passed -->
          <div class="suite-Command_line_suite-class-passed">
            <div class="main-panel-header rounded-window-top">
              <img src="passed.png"/>
              <span class="class-name">test.DataProviderTest.SalesforceTest</span>
            </div> <!-- main-panel-header rounded-window-top -->
            <div class="main-panel-content rounded-window-bottom">
              <div class="method">
                <div class="method-content">
                  <a name="nombresEdad(María, 38)">
                  </a> <!-- nombresEdad(María, 38) -->
                  <span class="method-name">nombresEdad</span>
                  <span class="parameters">(María, 38)</span>
                </div> <!-- method-content -->
              </div> <!-- method -->
              <div class="method">
                <div class="method-content">
                  <a name="nombresEdad(Juan, 36)">
                  </a> <!-- nombresEdad(Juan, 36) -->
                  <span class="method-name">nombresEdad</span>
                  <span class="parameters">(Juan, 36)</span>
                </div> <!-- method-content -->
              </div> <!-- method -->
            </div> <!-- main-panel-content rounded-window-bottom -->
          </div> <!-- suite-Command_line_suite-class-passed -->
          <div class="suite-Command_line_suite-class-passed">
            <div class="main-panel-header rounded-window-top">
              <img src="passed.png"/>
              <span class="class-name">test.DataProviderTest.DataProviderPeopleTest</span>
            </div> <!-- main-panel-header rounded-window-top -->
            <div class="main-panel-content rounded-window-bottom">
              <div class="method">
                <div class="method-content">
                  <a name="nombresEdad(Fernando, Manriqe, 39)">
                  </a> <!-- nombresEdad(Fernando, Manriqe, 39) -->
                  <span class="method-name">nombresEdad</span>
                  <span class="parameters">(Fernando, Manriqe, 39)</span>
                </div> <!-- method-content -->
              </div> <!-- method -->
              <div class="method">
                <div class="method-content">
                  <a name="nombresEdad(Diego, Manrique, 28)">
                  </a> <!-- nombresEdad(Diego, Manrique, 28) -->
                  <span class="method-name">nombresEdad</span>
                  <span class="parameters">(Diego, Manrique, 28)</span>
                </div> <!-- method-content -->
              </div> <!-- method -->
            </div> <!-- main-panel-content rounded-window-bottom -->
          </div> <!-- suite-Command_line_suite-class-passed -->
          <div class="suite-Command_line_suite-class-passed">
            <div class="main-panel-header rounded-window-top">
              <img src="passed.png"/>
              <span class="class-name">test.DataProviderTest.PeopleTest</span>
            </div> <!-- main-panel-header rounded-window-top -->
            <div class="main-panel-content rounded-window-bottom">
              <div class="method">
                <div class="method-content">
                  <a name="nombresEdad(Fernando, Manriqe, 39)">
                  </a> <!-- nombresEdad(Fernando, Manriqe, 39) -->
                  <span class="method-name">nombresEdad</span>
                  <span class="parameters">(Fernando, Manriqe, 39)</span>
                </div> <!-- method-content -->
              </div> <!-- method -->
              <div class="method">
                <div class="method-content">
                  <a name="nombresEdad(Diego, Manrique, 28)">
                  </a> <!-- nombresEdad(Diego, Manrique, 28) -->
                  <span class="method-name">nombresEdad</span>
                  <span class="parameters">(Diego, Manrique, 28)</span>
                </div> <!-- method-content -->
              </div> <!-- method -->
            </div> <!-- main-panel-content rounded-window-bottom -->
          </div> <!-- suite-Command_line_suite-class-passed -->
          <div class="suite-Command_line_suite-class-passed">
            <div class="main-panel-header rounded-window-top">
              <img src="passed.png"/>
              <span class="class-name">test.SalesForceTest.Testng</span>
            </div> <!-- main-panel-header rounded-window-top -->
            <div class="main-panel-content rounded-window-bottom">
              <div class="method">
                <div class="method-content">
                  <a name="firstTest(selenium@testing.com)">
                  </a> <!-- firstTest(selenium@testing.com) -->
                  <span class="method-name">firstTest</span>
                  <span class="parameters">(selenium@testing.com)</span>
                </div> <!-- method-content -->
              </div> <!-- method -->
              <div class="method">
                <div class="method-content">
                  <a name="secondTest">
                  </a> <!-- secondTest -->
                  <span class="method-name">secondTest</span>
                </div> <!-- method-content -->
              </div> <!-- method -->
            </div> <!-- main-panel-content rounded-window-bottom -->
          </div> <!-- suite-Command_line_suite-class-passed -->
        </div> <!-- panel Command_line_suite -->
        <div panel-name="test-xml-Command_line_suite" class="panel">
          <div class="main-panel-header rounded-window-top">
          </div> <!-- main-panel-header rounded-window-top -->
          <div class="main-panel-content rounded-window-bottom">
            <pre>
&lt;?xml version=&quot;1.0&quot; encoding=&quot;UTF-8&quot;?&gt;
&lt;!DOCTYPE suite SYSTEM &quot;https://testng.org/testng-1.0.dtd&quot;&gt;
&lt;suite verbose=&quot;0&quot; name=&quot;Command line suite&quot;&gt;
  &lt;test thread-count=&quot;5&quot; verbose=&quot;0&quot; name=&quot;Command line test&quot;&gt;
    &lt;classes&gt;
      &lt;class name=&quot;test.DataProviderTest.PeopleSimpleTest&quot;/&gt;
      &lt;class name=&quot;test.DataProviderTest.fillFormWithFakersTest&quot;/&gt;
      &lt;class name=&quot;test.DataProviderTest.PeopleTest&quot;/&gt;
      &lt;class name=&quot;test.DataProviderTest.DataGeneratorTest&quot;/&gt;
      &lt;class name=&quot;test.DataProviderTest.DataProviderPeopleTest&quot;/&gt;
      &lt;class name=&quot;test.DataProviderTest.SalesforceTest&quot;/&gt;
      &lt;class name=&quot;test.DocussignTest.DocusignTest&quot;/&gt;
      &lt;class name=&quot;test.SpotifyTest.SpotifyTest&quot;/&gt;
      &lt;class name=&quot;test.SalesForceTest.Testng&quot;/&gt;
      &lt;class name=&quot;test.SalesForceTest.SalesForceTest&quot;/&gt;
      &lt;class name=&quot;test.FacebookTest.FacebookLoginTest&quot;/&gt;
      &lt;class name=&quot;test.FacebookTest.FacebookRegisterTest&quot;/&gt;
      &lt;class name=&quot;Factory.FacebookFactoryTest&quot;/&gt;
      &lt;class name=&quot;Factory.NetflixFactoryTest&quot;/&gt;
      &lt;class name=&quot;Factory.DocussingFactoryTest&quot;/&gt;
      &lt;class name=&quot;Factory.SalesForceFactoryTest&quot;/&gt;
      &lt;class name=&quot;Factory.SpotifyFactoryTest&quot;/&gt;
    &lt;/classes&gt;
  &lt;/test&gt; &lt;!-- Command line test --&gt;
&lt;/suite&gt; &lt;!-- Command line suite --&gt;
            </pre>
          </div> <!-- main-panel-content rounded-window-bottom -->
        </div> <!-- panel -->
        <div panel-name="testlist-Command_line_suite" class="panel">
          <div class="main-panel-header rounded-window-top">
            <span class="header-content">Tests for Command line suite</span>
          </div> <!-- main-panel-header rounded-window-top -->
          <div class="main-panel-content rounded-window-bottom">
            <ul>
              <li>
                <span class="test-name">Command line test (17 classes)</span>
              </li>
            </ul>
          </div> <!-- main-panel-content rounded-window-bottom -->
        </div> <!-- panel -->
        <div panel-name="group-Command_line_suite" class="panel">
          <div class="main-panel-header rounded-window-top">
            <span class="header-content">Groups for Command line suite</span>
          </div> <!-- main-panel-header rounded-window-top -->
          <div class="main-panel-content rounded-window-bottom">
            <div class="test-group">
              <span class="test-group-name">failTests</span>
              <br/>
              <div class="method-in-group">
                <span class="method-in-group-name">setup</span>
                <br/>
              </div> <!-- method-in-group -->
              <div class="method-in-group">
                <span class="method-in-group-name">validateExistingEmail</span>
                <br/>
              </div> <!-- method-in-group -->
            </div> <!-- test-group -->
            <div class="test-group">
              <span class="test-group-name">sucessTests</span>
              <br/>
              <div class="method-in-group">
                <span class="method-in-group-name">FooterIsValid</span>
                <br/>
              </div> <!-- method-in-group -->
              <div class="method-in-group">
                <span class="method-in-group-name">LoginFailureTest</span>
                <br/>
              </div> <!-- method-in-group -->
              <div class="method-in-group">
                <span class="method-in-group-name">LoginFailurefakeTest</span>
                <br/>
              </div> <!-- method-in-group -->
              <div class="method-in-group">
                <span class="method-in-group-name">birthdateTest</span>
                <br/>
              </div> <!-- method-in-group -->
              <div class="method-in-group">
                <span class="method-in-group-name">checkBoxAndComboboxFakeTest</span>
                <br/>
              </div> <!-- method-in-group -->
              <div class="method-in-group">
                <span class="method-in-group-name">checkBoxAndComboboxTest</span>
                <br/>
              </div> <!-- method-in-group -->
              <div class="method-in-group">
                <span class="method-in-group-name">checkEqualErrorMessages</span>
                <br/>
              </div> <!-- method-in-group -->
              <div class="method-in-group">
                <span class="method-in-group-name">comboboxTest</span>
                <br/>
              </div> <!-- method-in-group -->
              <div class="method-in-group">
                <span class="method-in-group-name">completeDocusignRegistrationForm</span>
                <br/>
              </div> <!-- method-in-group -->
              <div class="method-in-group">
                <span class="method-in-group-name">completeDocusignRegistrationFormFake</span>
                <br/>
              </div> <!-- method-in-group -->
              <div class="method-in-group">
                <span class="method-in-group-name">completeRegistration</span>
                <br/>
              </div> <!-- method-in-group -->
              <div class="method-in-group">
                <span class="method-in-group-name">completeRegistrationFake</span>
                <br/>
              </div> <!-- method-in-group -->
              <div class="method-in-group">
                <span class="method-in-group-name">customSalesforceLinkA</span>
                <br/>
              </div> <!-- method-in-group -->
              <div class="method-in-group">
                <span class="method-in-group-name">customSalesforceLinkB</span>
                <br/>
              </div> <!-- method-in-group -->
              <div class="method-in-group">
                <span class="method-in-group-name">customSalesforceLinkFake</span>
                <br/>
              </div> <!-- method-in-group -->
              <div class="method-in-group">
                <span class="method-in-group-name">defaultxPath</span>
                <br/>
              </div> <!-- method-in-group -->
              <div class="method-in-group">
                <span class="method-in-group-name">fakeEmailTest</span>
                <br/>
              </div> <!-- method-in-group -->
              <div class="method-in-group">
                <span class="method-in-group-name">forgotAccountPartialLinkTest</span>
                <br/>
              </div> <!-- method-in-group -->
              <div class="method-in-group">
                <span class="method-in-group-name">forgotAccountTest</span>
                <br/>
              </div> <!-- method-in-group -->
              <div class="method-in-group">
                <span class="method-in-group-name">get_title_page</span>
                <br/>
              </div> <!-- method-in-group -->
              <div class="method-in-group">
                <span class="method-in-group-name">iniciarSesionPageTest</span>
                <br/>
              </div> <!-- method-in-group -->
              <div class="method-in-group">
                <span class="method-in-group-name">loginToNetflixErrorTest</span>
                <br/>
              </div> <!-- method-in-group -->
              <div class="method-in-group">
                <span class="method-in-group-name">mostrarSpotifyLinks</span>
                <br/>
              </div> <!-- method-in-group -->
              <div class="method-in-group">
                <span class="method-in-group-name">nombrePaisCapital</span>
                <br/>
              </div> <!-- method-in-group -->
              <div class="method-in-group">
                <span class="method-in-group-name">registrationFacebookFakeTest</span>
                <br/>
              </div> <!-- method-in-group -->
              <div class="method-in-group">
                <span class="method-in-group-name">registrationFacebookTest</span>
                <br/>
              </div> <!-- method-in-group -->
              <div class="method-in-group">
                <span class="method-in-group-name">registrationToFacebookTest</span>
                <br/>
              </div> <!-- method-in-group -->
              <div class="method-in-group">
                <span class="method-in-group-name">remenberMelsSelected</span>
                <br/>
              </div> <!-- method-in-group -->
              <div class="method-in-group">
                <span class="method-in-group-name">setup</span>
                <br/>
              </div> <!-- method-in-group -->
              <div class="method-in-group">
                <span class="method-in-group-name">spotifyByName</span>
                <br/>
              </div> <!-- method-in-group -->
              <div class="method-in-group">
                <span class="method-in-group-name">spotifyByNameFakeTest</span>
                <br/>
              </div> <!-- method-in-group -->
              <div class="method-in-group">
                <span class="method-in-group-name">spotifyByNameTest</span>
                <br/>
              </div> <!-- method-in-group -->
              <div class="method-in-group">
                <span class="method-in-group-name">spotifyByPlaceHolder</span>
                <br/>
              </div> <!-- method-in-group -->
              <div class="method-in-group">
                <span class="method-in-group-name">spotifyByPlaceHolderFakeTest</span>
                <br/>
              </div> <!-- method-in-group -->
              <div class="method-in-group">
                <span class="method-in-group-name">spotifyTest</span>
                <br/>
              </div> <!-- method-in-group -->
              <div class="method-in-group">
                <span class="method-in-group-name">spotifytags</span>
                <br/>
              </div> <!-- method-in-group -->
              <div class="method-in-group">
                <span class="method-in-group-name">validateSalesforceLogoTest</span>
                <br/>
              </div> <!-- method-in-group -->
              <div class="method-in-group">
                <span class="method-in-group-name">verifySignupUrl</span>
                <br/>
              </div> <!-- method-in-group -->
              <div class="method-in-group">
                <span class="method-in-group-name">verifySpotifyTitle</span>
                <br/>
              </div> <!-- method-in-group -->
            </div> <!-- test-group -->
          </div> <!-- main-panel-content rounded-window-bottom -->
        </div> <!-- panel -->
        <div panel-name="times-Command_line_suite" class="panel">
          <div class="main-panel-header rounded-window-top">
            <span class="header-content">Times for Command line suite</span>
          </div> <!-- main-panel-header rounded-window-top -->
          <div class="main-panel-content rounded-window-bottom">
            <div class="times-div">
              <script type="text/javascript">
suiteTableInitFunctions.push('tableData_Command_line_suite');
function tableData_Command_line_suite() {
var data = new google.visualization.DataTable();
data.addColumn('number', 'Number');
data.addColumn('string', 'Method');
data.addColumn('string', 'Class');
data.addColumn('number', 'Time (ms)');
data.addRows(71);
data.setCell(0, 0, 0)
data.setCell(0, 1, 'LoginFailurefakeTest')
data.setCell(0, 2, 'test.SalesForceTest.SalesForceTest')
data.setCell(0, 3, 14881);
data.setCell(1, 0, 1)
data.setCell(1, 1, 'loginToNetflixErrorTest')
data.setCell(1, 2, 'test.ExamTest.Netflix')
data.setCell(1, 3, 14138);
data.setCell(2, 0, 2)
data.setCell(2, 1, 'nombrePaisCapital')
data.setCell(2, 2, 'test.ExamTest.Netflix')
data.setCell(2, 3, 10649);
data.setCell(3, 0, 3)
data.setCell(3, 1, 'fakeEmailTest')
data.setCell(3, 2, 'test.ExamTest.Netflix')
data.setCell(3, 3, 10626);
data.setCell(4, 0, 4)
data.setCell(4, 1, 'fakeEmailTest')
data.setCell(4, 2, 'test.ExamTest.Netflix')
data.setCell(4, 3, 10590);
data.setCell(5, 0, 5)
data.setCell(5, 1, 'nombrePaisCapital')
data.setCell(5, 2, 'test.ExamTest.Netflix')
data.setCell(5, 3, 10588);
data.setCell(6, 0, 6)
data.setCell(6, 1, 'nombrePaisCapital')
data.setCell(6, 2, 'test.ExamTest.Netflix')
data.setCell(6, 3, 10568);
data.setCell(7, 0, 7)
data.setCell(7, 1, 'nombrePaisCapital')
data.setCell(7, 2, 'test.ExamTest.Netflix')
data.setCell(7, 3, 10563);
data.setCell(8, 0, 8)
data.setCell(8, 1, 'nombrePaisCapital')
data.setCell(8, 2, 'test.ExamTest.Netflix')
data.setCell(8, 3, 10561);
data.setCell(9, 0, 9)
data.setCell(9, 1, 'nombrePaisCapital')
data.setCell(9, 2, 'test.ExamTest.Netflix')
data.setCell(9, 3, 10542);
data.setCell(10, 0, 10)
data.setCell(10, 1, 'customSalesforceLinkA')
data.setCell(10, 2, 'test.SalesForceTest.SalesForceTest')
data.setCell(10, 3, 5926);
data.setCell(11, 0, 11)
data.setCell(11, 1, 'fillFormWithFakers')
data.setCell(11, 2, 'test.DataProviderTest.fillFormWithFakersTest')
data.setCell(11, 3, 4963);
data.setCell(12, 0, 12)
data.setCell(12, 1, 'setup')
data.setCell(12, 2, 'test.SpotifyTest.SpotifyTest')
data.setCell(12, 3, 4747);
data.setCell(13, 0, 13)
data.setCell(13, 1, 'loginToNetflixErrorTest')
data.setCell(13, 2, 'test.ExamTest.Netflix')
data.setCell(13, 3, 4508);
data.setCell(14, 0, 14)
data.setCell(14, 1, 'setup')
data.setCell(14, 2, 'test.ExamTest.Netflix')
data.setCell(14, 3, 4474);
data.setCell(15, 0, 15)
data.setCell(15, 1, 'customSalesforceLinkFake')
data.setCell(15, 2, 'test.SalesForceTest.SalesForceTest')
data.setCell(15, 3, 4423);
data.setCell(16, 0, 16)
data.setCell(16, 1, 'iniciarSesionPageTest')
data.setCell(16, 2, 'test.ExamTest.Netflix')
data.setCell(16, 3, 4155);
data.setCell(17, 0, 17)
data.setCell(17, 1, 'setup')
data.setCell(17, 2, 'test.ExamTest.Netflix')
data.setCell(17, 3, 4023);
data.setCell(18, 0, 18)
data.setCell(18, 1, 'setup')
data.setCell(18, 2, 'test.FacebookTest.FacebookLoginTest')
data.setCell(18, 3, 3627);
data.setCell(19, 0, 19)
data.setCell(19, 1, 'setup')
data.setCell(19, 2, 'test.FacebookTest.FacebookRegisterTest')
data.setCell(19, 3, 3532);
data.setCell(20, 0, 20)
data.setCell(20, 1, 'setup')
data.setCell(20, 2, 'test.SalesForceTest.SalesForceTest')
data.setCell(20, 3, 2795);
data.setCell(21, 0, 21)
data.setCell(21, 1, 'iniciarSesionPageTest')
data.setCell(21, 2, 'test.ExamTest.Netflix')
data.setCell(21, 3, 2561);
data.setCell(22, 0, 22)
data.setCell(22, 1, 'completeRegistrationFake')
data.setCell(22, 2, 'test.FacebookTest.FacebookRegisterTest')
data.setCell(22, 3, 1708);
data.setCell(23, 0, 23)
data.setCell(23, 1, 'forgotAccountPartialLinkTest')
data.setCell(23, 2, 'test.FacebookTest.FacebookLoginTest')
data.setCell(23, 3, 1627);
data.setCell(24, 0, 24)
data.setCell(24, 1, 'forgotAccountTest')
data.setCell(24, 2, 'test.FacebookTest.FacebookLoginTest')
data.setCell(24, 3, 1535);
data.setCell(25, 0, 25)
data.setCell(25, 1, 'LoginFailureTest')
data.setCell(25, 2, 'test.SalesForceTest.SalesForceTest')
data.setCell(25, 3, 1448);
data.setCell(26, 0, 26)
data.setCell(26, 1, 'birthdateTest')
data.setCell(26, 2, 'test.FacebookTest.FacebookRegisterTest')
data.setCell(26, 3, 1384);
data.setCell(27, 0, 27)
data.setCell(27, 1, 'registrationFacebookFakeTest')
data.setCell(27, 2, 'test.FacebookTest.FacebookRegisterTest')
data.setCell(27, 3, 1289);
data.setCell(28, 0, 28)
data.setCell(28, 1, 'checkBoxAndComboboxFakeTest')
data.setCell(28, 2, 'test.FacebookTest.FacebookRegisterTest')
data.setCell(28, 3, 1231);
data.setCell(29, 0, 29)
data.setCell(29, 1, 'completeRegistration')
data.setCell(29, 2, 'test.FacebookTest.FacebookRegisterTest')
data.setCell(29, 3, 1178);
data.setCell(30, 0, 30)
data.setCell(30, 1, 'registrationFacebookTest')
data.setCell(30, 2, 'test.FacebookTest.FacebookRegisterTest')
data.setCell(30, 3, 1178);
data.setCell(31, 0, 31)
data.setCell(31, 1, 'checkBoxAndComboboxTest')
data.setCell(31, 2, 'test.FacebookTest.FacebookRegisterTest')
data.setCell(31, 3, 1137);
data.setCell(32, 0, 32)
data.setCell(32, 1, 'forgotAccountTest')
data.setCell(32, 2, 'test.FacebookTest.FacebookRegisterTest')
data.setCell(32, 3, 1087);
data.setCell(33, 0, 33)
data.setCell(33, 1, 'forgotAccountPartialLinkTest')
data.setCell(33, 2, 'test.FacebookTest.FacebookRegisterTest')
data.setCell(33, 3, 1041);
data.setCell(34, 0, 34)
data.setCell(34, 1, 'comboboxTest')
data.setCell(34, 2, 'test.FacebookTest.FacebookRegisterTest')
data.setCell(34, 3, 848);
data.setCell(35, 0, 35)
data.setCell(35, 1, 'registrationToFacebookTest')
data.setCell(35, 2, 'test.FacebookTest.FacebookLoginTest')
data.setCell(35, 3, 845);
data.setCell(36, 0, 36)
data.setCell(36, 1, 'completeDocusignRegistrationFormFake')
data.setCell(36, 2, 'test.DocussignTest.DocusignTest')
data.setCell(36, 3, 616);
data.setCell(37, 0, 37)
data.setCell(37, 1, 'remenberMelsSelected')
data.setCell(37, 2, 'test.SalesForceTest.SalesForceTest')
data.setCell(37, 3, 547);
data.setCell(38, 0, 38)
data.setCell(38, 1, 'defaultxPath')
data.setCell(38, 2, 'test.DocussignTest.DocusignTest')
data.setCell(38, 3, 473);
data.setCell(39, 0, 39)
data.setCell(39, 1, 'completeDocusignRegistrationForm')
data.setCell(39, 2, 'test.DocussignTest.DocusignTest')
data.setCell(39, 3, 473);
data.setCell(40, 0, 40)
data.setCell(40, 1, 'customSalesforceLinkB')
data.setCell(40, 2, 'test.SalesForceTest.SalesForceTest')
data.setCell(40, 3, 278);
data.setCell(41, 0, 41)
data.setCell(41, 1, 'FooterIsValid')
data.setCell(41, 2, 'test.SalesForceTest.SalesForceTest')
data.setCell(41, 3, 124);
data.setCell(42, 0, 42)
data.setCell(42, 1, 'get_title_page')
data.setCell(42, 2, 'test.ExamTest.Netflix')
data.setCell(42, 3, 115);
data.setCell(43, 0, 43)
data.setCell(43, 1, 'get_title_page')
data.setCell(43, 2, 'test.ExamTest.Netflix')
data.setCell(43, 3, 106);
data.setCell(44, 0, 44)
data.setCell(44, 1, 'validateSalesforceLogoTest')
data.setCell(44, 2, 'test.SalesForceTest.SalesForceTest')
data.setCell(44, 3, 37);
data.setCell(45, 0, 45)
data.setCell(45, 1, 'nombresEdad')
data.setCell(45, 2, 'test.DataProviderTest.PeopleSimpleTest')
data.setCell(45, 3, 3);
data.setCell(46, 0, 46)
data.setCell(46, 1, 'nombresEdad')
data.setCell(46, 2, 'test.DataProviderTest.SalesforceTest')
data.setCell(46, 3, 1);
data.setCell(47, 0, 47)
data.setCell(47, 1, 'nombresEdad')
data.setCell(47, 2, 'test.DataProviderTest.DataGeneratorTest')
data.setCell(47, 3, 1);
data.setCell(48, 0, 48)
data.setCell(48, 1, 'secondTest')
data.setCell(48, 2, 'test.SalesForceTest.Testng')
data.setCell(48, 3, 1);
data.setCell(49, 0, 49)
data.setCell(49, 1, 'nombresEdad')
data.setCell(49, 2, 'test.DataProviderTest.SalesforceTest')
data.setCell(49, 3, 0);
data.setCell(50, 0, 50)
data.setCell(50, 1, 'nombresEdad')
data.setCell(50, 2, 'test.DataProviderTest.DataProviderPeopleTest')
data.setCell(50, 3, 0);
data.setCell(51, 0, 51)
data.setCell(51, 1, 'nombresEdad')
data.setCell(51, 2, 'test.DataProviderTest.DataProviderPeopleTest')
data.setCell(51, 3, 0);
data.setCell(52, 0, 52)
data.setCell(52, 1, 'nombrePaisCapital')
data.setCell(52, 2, 'test.DataProviderTest.DataGeneratorTest')
data.setCell(52, 3, 0);
data.setCell(53, 0, 53)
data.setCell(53, 1, 'nombresEdad')
data.setCell(53, 2, 'test.DataProviderTest.PeopleSimpleTest')
data.setCell(53, 3, 0);
data.setCell(54, 0, 54)
data.setCell(54, 1, 'nombresEdad')
data.setCell(54, 2, 'test.DataProviderTest.PeopleTest')
data.setCell(54, 3, 0);
data.setCell(55, 0, 55)
data.setCell(55, 1, 'firstTest')
data.setCell(55, 2, 'test.SalesForceTest.Testng')
data.setCell(55, 3, 0);
data.setCell(56, 0, 56)
data.setCell(56, 1, 'nombresEdad')
data.setCell(56, 2, 'test.DataProviderTest.DataGeneratorTest')
data.setCell(56, 3, 0);
data.setCell(57, 0, 57)
data.setCell(57, 1, 'nombrePaisCapital')
data.setCell(57, 2, 'test.DataProviderTest.DataGeneratorTest')
data.setCell(57, 3, 0);
data.setCell(58, 0, 58)
data.setCell(58, 1, 'nombresEdad')
data.setCell(58, 2, 'test.DataProviderTest.PeopleTest')
data.setCell(58, 3, 0);
data.setCell(59, 0, 59)
data.setCell(59, 1, 'checkEqualErrorMessages')
data.setCell(59, 2, 'test.SpotifyTest.SpotifyTest')
data.setCell(59, 3, 0);
data.setCell(60, 0, 60)
data.setCell(60, 1, 'validateExistingEmail')
data.setCell(60, 2, 'test.SpotifyTest.SpotifyTest')
data.setCell(60, 3, 0);
data.setCell(61, 0, 61)
data.setCell(61, 1, 'spotifyByNameTest')
data.setCell(61, 2, 'test.SpotifyTest.SpotifyTest')
data.setCell(61, 3, 0);
data.setCell(62, 0, 62)
data.setCell(62, 1, 'spotifyByPlaceHolderFakeTest')
data.setCell(62, 2, 'test.SpotifyTest.SpotifyTest')
data.setCell(62, 3, 0);
data.setCell(63, 0, 63)
data.setCell(63, 1, 'spotifyByPlaceHolder')
data.setCell(63, 2, 'test.SpotifyTest.SpotifyTest')
data.setCell(63, 3, 0);
data.setCell(64, 0, 64)
data.setCell(64, 1, 'verifySignupUrl')
data.setCell(64, 2, 'test.SpotifyTest.SpotifyTest')
data.setCell(64, 3, 0);
data.setCell(65, 0, 65)
data.setCell(65, 1, 'spotifyByName')
data.setCell(65, 2, 'test.SpotifyTest.SpotifyTest')
data.setCell(65, 3, 0);
data.setCell(66, 0, 66)
data.setCell(66, 1, 'spotifyTest')
data.setCell(66, 2, 'test.SpotifyTest.SpotifyTest')
data.setCell(66, 3, 0);
data.setCell(67, 0, 67)
data.setCell(67, 1, 'verifySpotifyTitle')
data.setCell(67, 2, 'test.SpotifyTest.SpotifyTest')
data.setCell(67, 3, 0);
data.setCell(68, 0, 68)
data.setCell(68, 1, 'spotifyByNameFakeTest')
data.setCell(68, 2, 'test.SpotifyTest.SpotifyTest')
data.setCell(68, 3, 0);
data.setCell(69, 0, 69)
data.setCell(69, 1, 'mostrarSpotifyLinks')
data.setCell(69, 2, 'test.SpotifyTest.SpotifyTest')
data.setCell(69, 3, 0);
data.setCell(70, 0, 70)
data.setCell(70, 1, 'spotifytags')
data.setCell(70, 2, 'test.SpotifyTest.SpotifyTest')
data.setCell(70, 3, 0);
window.suiteTableData['Command_line_suite']= { tableData: data, tableDiv: 'times-div-Command_line_suite'}
return data;
}
              </script>
              <span class="suite-total-time">Total running time: 3 minutes</span>
              <div id="times-div-Command_line_suite">
              </div> <!-- times-div-Command_line_suite -->
            </div> <!-- times-div -->
          </div> <!-- main-panel-content rounded-window-bottom -->
        </div> <!-- panel -->
        <div panel-name="reporter-Command_line_suite" class="panel">
          <div class="main-panel-header rounded-window-top">
            <span class="header-content">Reporter output for Command line suite</span>
          </div> <!-- main-panel-header rounded-window-top -->
          <div class="main-panel-content rounded-window-bottom">
          </div> <!-- main-panel-content rounded-window-bottom -->
        </div> <!-- panel -->
        <div panel-name="ignored-methods-Command_line_suite" class="panel">
          <div class="main-panel-header rounded-window-top">
            <span class="header-content">3 ignored methods</span>
          </div> <!-- main-panel-header rounded-window-top -->
          <div class="main-panel-content rounded-window-bottom">
            <div class="ignored-class-div">
              <span class="ignored-class-name">test.SpotifyTest.SpotifyTest</span>
              <div class="ignored-methods-div">
                <span class="ignored-method-name">invalidEmailTest</span>
                <br/>
                <span class="ignored-method-name">checkEqualEmailsErrorFake</span>
                <br/>
                <span class="ignored-method-name">checkEqualEmailsError</span>
                <br/>
              </div> <!-- ignored-methods-div -->
            </div> <!-- ignored-class-div -->
          </div> <!-- main-panel-content rounded-window-bottom -->
        </div> <!-- panel -->
        <div panel-name="chronological-Command_line_suite" class="panel">
          <div class="main-panel-header rounded-window-top">
            <span class="header-content">Methods in chronological order</span>
          </div> <!-- main-panel-header rounded-window-top -->
          <div class="main-panel-content rounded-window-bottom">
            <div class="chronological-class">
              <div class="chronological-class-name">test.SalesForceTest.Testng</div> <!-- chronological-class-name -->
              <div class="configuration-suite before">
                <span class="method-name">beforeSuiteTest</span>
                <span class="method-start">0 ms</span>
              </div> <!-- configuration-suite before -->
              <div class="configuration-test before">
                <span class="method-name">beforeTest</span>
                <span class="method-start">27 ms</span>
              </div> <!-- configuration-test before -->
            </div> <!-- chronological-class -->
            <div class="chronological-class">
              <div class="chronological-class-name">test.DataProviderTest.PeopleSimpleTest</div> <!-- chronological-class-name -->
              <div class="test-method">
                <span class="method-name">nombresEdad(Fernando, 39)</span>
                <span class="method-start">59 ms</span>
              </div> <!-- test-method -->
              <div class="test-method">
                <span class="method-name">nombresEdad(Diego, 28)</span>
                <span class="method-start">65 ms</span>
              </div> <!-- test-method -->
            </div> <!-- chronological-class -->
            <div class="chronological-class">
              <div class="chronological-class-name">test.DataProviderTest.fillFormWithFakersTest</div> <!-- chronological-class-name -->
              <div class="configuration-method before">
                <span class="method-name">setup</span>
                <span class="method-start">71 ms</span>
              </div> <!-- configuration-method before -->
              <div class="test-method">
                <span class="method-name">fillFormWithFakers</span>
                <span class="method-start">5194 ms</span>
              </div> <!-- test-method -->
              <div class="configuration-method after">
                <span class="method-name">cerrarDriver</span>
                <span class="method-start">10157 ms</span>
              </div> <!-- configuration-method after -->
            </div> <!-- chronological-class -->
            <div class="chronological-class">
              <div class="chronological-class-name">test.DataProviderTest.PeopleTest</div> <!-- chronological-class-name -->
              <div class="test-method">
                <span class="method-name">nombresEdad(Fernando, Manriqe, 39)</span>
                <span class="method-start">10320 ms</span>
              </div> <!-- test-method -->
              <div class="test-method">
                <span class="method-name">nombresEdad(Diego, Manrique, 28)</span>
                <span class="method-start">10320 ms</span>
              </div> <!-- test-method -->
            </div> <!-- chronological-class -->
            <div class="chronological-class">
              <div class="chronological-class-name">test.DataProviderTest.DataGeneratorTest</div> <!-- chronological-class-name -->
              <div class="test-method">
                <span class="method-name">nombrePaisCapital(España, Madrid)</span>
                <span class="method-start">10321 ms</span>
              </div> <!-- test-method -->
              <div class="test-method">
                <span class="method-name">nombrePaisCapital(Francia, París)</span>
                <span class="method-start">10322 ms</span>
              </div> <!-- test-method -->
              <div class="test-method">
                <span class="method-name">nombresEdad(Fernando, Manriqe, 39)</span>
                <span class="method-start">10322 ms</span>
              </div> <!-- test-method -->
              <div class="test-method">
                <span class="method-name">nombresEdad(Diego, Manrique, 28)</span>
                <span class="method-start">10323 ms</span>
              </div> <!-- test-method -->
            </div> <!-- chronological-class -->
            <div class="chronological-class">
              <div class="chronological-class-name">test.DataProviderTest.DataProviderPeopleTest</div> <!-- chronological-class-name -->
              <div class="test-method">
                <span class="method-name">nombresEdad(Fernando, Manriqe, 39)</span>
                <span class="method-start">10324 ms</span>
              </div> <!-- test-method -->
              <div class="test-method">
                <span class="method-name">nombresEdad(Diego, Manrique, 28)</span>
                <span class="method-start">10325 ms</span>
              </div> <!-- test-method -->
            </div> <!-- chronological-class -->
            <div class="chronological-class">
              <div class="chronological-class-name">test.DataProviderTest.SalesforceTest</div> <!-- chronological-class-name -->
              <div class="test-method">
                <span class="method-name">nombresEdad(Juan, 36)</span>
                <span class="method-start">10325 ms</span>
              </div> <!-- test-method -->
              <div class="test-method">
                <span class="method-name">nombresEdad(María, 38)</span>
                <span class="method-start">10326 ms</span>
              </div> <!-- test-method -->
            </div> <!-- chronological-class -->
            <div class="chronological-class">
              <div class="chronological-class-name">test.DocussignTest.DocusignTest</div> <!-- chronological-class-name -->
              <div class="configuration-method before">
                <span class="method-name">setup</span>
                <span class="method-start">10327 ms</span>
              </div> <!-- configuration-method before -->
              <div class="test-method">
                <span class="method-name">completeDocusignRegistrationForm</span>
                <span class="method-start">19148 ms</span>
              </div> <!-- test-method -->
              <div class="configuration-method after">
                <span class="method-name">cerrarDriver</span>
                <span class="method-start">19622 ms</span>
              </div> <!-- configuration-method after -->
              <div class="configuration-method before">
                <span class="method-name">setup</span>
                <span class="method-start">19734 ms</span>
              </div> <!-- configuration-method before -->
              <div class="test-method">
                <span class="method-name">completeDocusignRegistrationFormFake</span>
                <span class="method-start">28491 ms</span>
              </div> <!-- test-method -->
              <div class="configuration-method after">
                <span class="method-name">cerrarDriver</span>
                <span class="method-start">29107 ms</span>
              </div> <!-- configuration-method after -->
            </div> <!-- chronological-class -->
            <div class="chronological-class">
              <div class="chronological-class-name">test.ExamTest.Netflix</div> <!-- chronological-class-name -->
              <div class="configuration-method before">
                <span class="method-name">setup</span>
                <span class="method-start">29203 ms</span>
              </div> <!-- configuration-method before -->
              <div class="test-method">
                <span class="method-name">setup</span>
                <span class="method-start">33724 ms</span>
              </div> <!-- test-method -->
              <div class="configuration-method after">
                <span class="method-name">cerrarDriver</span>
                <span class="method-start">38198 ms</span>
              </div> <!-- configuration-method after -->
              <div class="configuration-method before">
                <span class="method-name">setup</span>
                <span class="method-start">38291 ms</span>
              </div> <!-- configuration-method before -->
              <div class="test-method">
                <span class="method-name">setup</span>
                <span class="method-start">42635 ms</span>
              </div> <!-- test-method -->
              <div class="configuration-method after">
                <span class="method-name">cerrarDriver</span>
                <span class="method-start">46658 ms</span>
              </div> <!-- configuration-method after -->
            </div> <!-- chronological-class -->
            <div class="chronological-class">
              <div class="chronological-class-name">test.DocussignTest.DocusignTest</div> <!-- chronological-class-name -->
              <div class="configuration-method before">
                <span class="method-name">setup</span>
                <span class="method-start">46758 ms</span>
              </div> <!-- configuration-method before -->
              <div class="test-method">
                <span class="method-name">defaultxPath</span>
                <span class="method-start">55474 ms</span>
              </div> <!-- test-method -->
              <div class="configuration-method after">
                <span class="method-name">cerrarDriver</span>
                <span class="method-start">55948 ms</span>
              </div> <!-- configuration-method after -->
            </div> <!-- chronological-class -->
            <div class="chronological-class">
              <div class="chronological-class-name">test.SpotifyTest.SpotifyTest</div> <!-- chronological-class-name -->
              <div class="configuration-method before">
                <span class="method-name">setup</span>
                <span class="method-start">56045 ms</span>
              </div> <!-- configuration-method before -->
              <div class="test-method">
                <span class="method-name">setup</span>
                <span class="method-start">60136 ms</span>
              </div> <!-- test-method -->
              <div class="configuration-method after">
                <span class="method-name">cerrarDriver</span>
                <span class="method-start">64883 ms</span>
              </div> <!-- configuration-method after -->
              <div class="configuration-method before">
                <img src="failed.png">
                </img>
                <span class="method-name">setup</span>
                <span class="method-start">65032 ms</span>
              </div> <!-- configuration-method before -->
              <div class="test-method">
                <span class="method-name">verifySpotifyTitle</span>
                <span class="method-start">69933 ms</span>
              </div> <!-- test-method -->
              <div class="configuration-method after">
                <span class="method-name">cerrarDriver</span>
                <span class="method-start">69933 ms</span>
              </div> <!-- configuration-method after -->
            </div> <!-- chronological-class -->
            <div class="chronological-class">
              <div class="chronological-class-name">test.ExamTest.Netflix</div> <!-- chronological-class-name -->
              <div class="configuration-method before">
                <span class="method-name">setup</span>
                <span class="method-start">69935 ms</span>
              </div> <!-- configuration-method before -->
              <div class="test-method">
                <img src="failed.png">
                </img>
                <span class="method-name">nombrePaisCapital(pepe@gmail.com)</span>
                <span class="method-start">74745 ms</span>
              </div> <!-- test-method -->
              <div class="configuration-method after">
                <span class="method-name">cerrarDriver</span>
                <span class="method-start">85310 ms</span>
              </div> <!-- configuration-method after -->
              <div class="configuration-method before">
                <span class="method-name">setup</span>
                <span class="method-start">85415 ms</span>
              </div> <!-- configuration-method before -->
              <div class="test-method">
                <img src="failed.png">
                </img>
                <span class="method-name">nombrePaisCapital(pepito@gmail.com)</span>
                <span class="method-start">89728 ms</span>
              </div> <!-- test-method -->
              <div class="configuration-method after">
                <span class="method-name">cerrarDriver</span>
                <span class="method-start">100378 ms</span>
              </div> <!-- configuration-method after -->
              <div class="configuration-method before">
                <span class="method-name">setup</span>
                <span class="method-start">100488 ms</span>
              </div> <!-- configuration-method before -->
              <div class="test-method">
                <img src="failed.png">
                </img>
                <span class="method-name">nombrePaisCapital(rita@gmail.com)</span>
                <span class="method-start">105908 ms</span>
              </div> <!-- test-method -->
              <div class="configuration-method after">
                <span class="method-name">cerrarDriver</span>
                <span class="method-start">116470 ms</span>
              </div> <!-- configuration-method after -->
              <div class="configuration-method before">
                <span class="method-name">setup</span>
                <span class="method-start">116572 ms</span>
              </div> <!-- configuration-method before -->
              <div class="test-method">
                <img src="failed.png">
                </img>
                <span class="method-name">nombrePaisCapital(pepe@gmail.com)</span>
                <span class="method-start">120302 ms</span>
              </div> <!-- test-method -->
              <div class="configuration-method after">
                <span class="method-name">cerrarDriver</span>
                <span class="method-start">130871 ms</span>
              </div> <!-- configuration-method after -->
              <div class="configuration-method before">
                <span class="method-name">setup</span>
                <span class="method-start">130975 ms</span>
              </div> <!-- configuration-method before -->
              <div class="test-method">
                <img src="failed.png">
                </img>
                <span class="method-name">nombrePaisCapital(pepito@gmail.com)</span>
                <span class="method-start">135914 ms</span>
              </div> <!-- test-method -->
              <div class="configuration-method after">
                <span class="method-name">cerrarDriver</span>
                <span class="method-start">146503 ms</span>
              </div> <!-- configuration-method after -->
              <div class="configuration-method before">
                <span class="method-name">setup</span>
                <span class="method-start">146612 ms</span>
              </div> <!-- configuration-method before -->
              <div class="test-method">
                <img src="failed.png">
                </img>
                <span class="method-name">nombrePaisCapital(rita@gmail.com)</span>
                <span class="method-start">150924 ms</span>
              </div> <!-- test-method -->
              <div class="configuration-method after">
                <span class="method-name">cerrarDriver</span>
                <span class="method-start">161467 ms</span>
              </div> <!-- configuration-method after -->
            </div> <!-- chronological-class -->
            <div class="chronological-class">
              <div class="chronological-class-name">test.SpotifyTest.SpotifyTest</div> <!-- chronological-class-name -->
              <div class="configuration-method before">
                <span class="method-name">setup</span>
                <span class="method-start">161579 ms</span>
              </div> <!-- configuration-method before -->
              <div class="test-method">
                <span class="method-name">verifySignupUrl</span>
                <span class="method-start">161579 ms</span>
              </div> <!-- test-method -->
              <div class="configuration-method after">
                <span class="method-name">cerrarDriver</span>
                <span class="method-start">161579 ms</span>
              </div> <!-- configuration-method after -->
            </div> <!-- chronological-class -->
            <div class="chronological-class">
              <div class="chronological-class-name">test.ExamTest.Netflix</div> <!-- chronological-class-name -->
              <div class="configuration-method before">
                <span class="method-name">setup</span>
                <span class="method-start">161580 ms</span>
              </div> <!-- configuration-method before -->
              <div class="test-method">
                <img src="failed.png">
                </img>
                <span class="method-name">fakeEmailTest</span>
                <span class="method-start">168017 ms</span>
              </div> <!-- test-method -->
              <div class="configuration-method after">
                <span class="method-name">cerrarDriver</span>
                <span class="method-start">178644 ms</span>
              </div> <!-- configuration-method after -->
              <div class="configuration-method before">
                <span class="method-name">setup</span>
                <span class="method-start">178753 ms</span>
              </div> <!-- configuration-method before -->
              <div class="test-method">
                <img src="failed.png">
                </img>
                <span class="method-name">fakeEmailTest</span>
                <span class="method-start">182558 ms</span>
              </div> <!-- test-method -->
              <div class="configuration-method after">
                <span class="method-name">cerrarDriver</span>
                <span class="method-start">193148 ms</span>
              </div> <!-- configuration-method after -->
              <div class="configuration-method before">
                <span class="method-name">setup</span>
                <span class="method-start">193256 ms</span>
              </div> <!-- configuration-method before -->
              <div class="test-method">
                <span class="method-name">loginToNetflixErrorTest</span>
                <span class="method-start">197099 ms</span>
              </div> <!-- test-method -->
              <div class="configuration-method after">
                <span class="method-name">cerrarDriver</span>
                <span class="method-start">201607 ms</span>
              </div> <!-- configuration-method after -->
              <div class="configuration-method before">
                <span class="method-name">setup</span>
                <span class="method-start">201703 ms</span>
              </div> <!-- configuration-method before -->
              <div class="test-method">
                <img src="failed.png">
                </img>
                <span class="method-name">loginToNetflixErrorTest</span>
                <span class="method-start">206515 ms</span>
              </div> <!-- test-method -->
              <div class="configuration-method after">
                <span class="method-name">cerrarDriver</span>
                <span class="method-start">220654 ms</span>
              </div> <!-- configuration-method after -->
            </div> <!-- chronological-class -->
            <div class="chronological-class">
              <div class="chronological-class-name">test.SpotifyTest.SpotifyTest</div> <!-- chronological-class-name -->
              <div class="configuration-method before">
                <span class="method-name">setup</span>
                <span class="method-start">220751 ms</span>
              </div> <!-- configuration-method before -->
              <div class="test-method">
                <span class="method-name">validateExistingEmail</span>
                <span class="method-start">220752 ms</span>
              </div> <!-- test-method -->
              <div class="configuration-method after">
                <span class="method-name">cerrarDriver</span>
                <span class="method-start">220752 ms</span>
              </div> <!-- configuration-method after -->
            </div> <!-- chronological-class -->
            <div class="chronological-class">
              <div class="chronological-class-name">test.ExamTest.Netflix</div> <!-- chronological-class-name -->
              <div class="configuration-method before">
                <span class="method-name">setup</span>
                <span class="method-start">220752 ms</span>
              </div> <!-- configuration-method before -->
              <div class="test-method">
                <span class="method-name">iniciarSesionPageTest</span>
                <span class="method-start">225189 ms</span>
              </div> <!-- test-method -->
              <div class="configuration-method after">
                <span class="method-name">cerrarDriver</span>
                <span class="method-start">229344 ms</span>
              </div> <!-- configuration-method after -->
              <div class="configuration-method before">
                <span class="method-name">setup</span>
                <span class="method-start">229444 ms</span>
              </div> <!-- configuration-method before -->
              <div class="test-method">
                <img src="failed.png">
                </img>
                <span class="method-name">iniciarSesionPageTest</span>
                <span class="method-start">234181 ms</span>
              </div> <!-- test-method -->
              <div class="configuration-method after">
                <span class="method-name">cerrarDriver</span>
                <span class="method-start">236743 ms</span>
              </div> <!-- configuration-method after -->
            </div> <!-- chronological-class -->
            <div class="chronological-class">
              <div class="chronological-class-name">test.SpotifyTest.SpotifyTest</div> <!-- chronological-class-name -->
              <div class="configuration-method before">
                <span class="method-name">setup</span>
                <span class="method-start">236841 ms</span>
              </div> <!-- configuration-method before -->
              <div class="test-method">
                <span class="method-name">checkEqualErrorMessages</span>
                <span class="method-start">236841 ms</span>
              </div> <!-- test-method -->
              <div class="configuration-method after">
                <span class="method-name">cerrarDriver</span>
                <span class="method-start">236841 ms</span>
              </div> <!-- configuration-method after -->
            </div> <!-- chronological-class -->
            <div class="chronological-class">
              <div class="chronological-class-name">test.ExamTest.Netflix</div> <!-- chronological-class-name -->
              <div class="configuration-method before">
                <span class="method-name">setup</span>
                <span class="method-start">236842 ms</span>
              </div> <!-- configuration-method before -->
              <div class="test-method">
                <span class="method-name">get_title_page</span>
                <span class="method-start">241443 ms</span>
              </div> <!-- test-method -->
              <div class="configuration-method after">
                <span class="method-name">cerrarDriver</span>
                <span class="method-start">241558 ms</span>
              </div> <!-- configuration-method after -->
              <div class="configuration-method before">
                <span class="method-name">setup</span>
                <span class="method-start">241641 ms</span>
              </div> <!-- configuration-method before -->
              <div class="test-method">
                <span class="method-name">get_title_page</span>
                <span class="method-start">246101 ms</span>
              </div> <!-- test-method -->
              <div class="configuration-method after">
                <span class="method-name">cerrarDriver</span>
                <span class="method-start">246208 ms</span>
              </div> <!-- configuration-method after -->
            </div> <!-- chronological-class -->
            <div class="chronological-class">
              <div class="chronological-class-name">test.SpotifyTest.SpotifyTest</div> <!-- chronological-class-name -->
              <div class="configuration-method before">
                <span class="method-name">setup</span>
                <span class="method-start">246299 ms</span>
              </div> <!-- configuration-method before -->
              <div class="test-method">
                <span class="method-name">spotifytags(h1)</span>
                <span class="method-start">246299 ms</span>
              </div> <!-- test-method -->
              <div class="configuration-method after">
                <span class="method-name">cerrarDriver</span>
                <span class="method-start">246299 ms</span>
              </div> <!-- configuration-method after -->
              <div class="configuration-method before">
                <span class="method-name">setup</span>
                <span class="method-start">246301 ms</span>
              </div> <!-- configuration-method before -->
              <div class="test-method">
                <span class="method-name">spotifyByNameFakeTest</span>
                <span class="method-start">246301 ms</span>
              </div> <!-- test-method -->
              <div class="configuration-method after">
                <span class="method-name">cerrarDriver</span>
                <span class="method-start">246301 ms</span>
              </div> <!-- configuration-method after -->
              <div class="configuration-method before">
                <span class="method-name">setup</span>
                <span class="method-start">246301 ms</span>
              </div> <!-- configuration-method before -->
              <div class="test-method">
                <span class="method-name">spotifyByNameTest</span>
                <span class="method-start">246302 ms</span>
              </div> <!-- test-method -->
              <div class="configuration-method after">
                <span class="method-name">cerrarDriver</span>
                <span class="method-start">246302 ms</span>
              </div> <!-- configuration-method after -->
              <div class="configuration-method before">
                <span class="method-name">setup</span>
                <span class="method-start">246302 ms</span>
              </div> <!-- configuration-method before -->
              <div class="test-method">
                <span class="method-name">spotifyByPlaceHolder</span>
                <span class="method-start">246302 ms</span>
              </div> <!-- test-method -->
              <div class="configuration-method after">
                <span class="method-name">cerrarDriver</span>
                <span class="method-start">246302 ms</span>
              </div> <!-- configuration-method after -->
              <div class="configuration-method before">
                <span class="method-name">setup</span>
                <span class="method-start">246303 ms</span>
              </div> <!-- configuration-method before -->
              <div class="test-method">
                <span class="method-name">spotifyByPlaceHolderFakeTest</span>
                <span class="method-start">246303 ms</span>
              </div> <!-- test-method -->
              <div class="configuration-method after">
                <span class="method-name">cerrarDriver</span>
                <span class="method-start">246303 ms</span>
              </div> <!-- configuration-method after -->
              <div class="configuration-method before">
                <span class="method-name">setup</span>
                <span class="method-start">246303 ms</span>
              </div> <!-- configuration-method before -->
              <div class="test-method">
                <span class="method-name">spotifyByName</span>
                <span class="method-start">246304 ms</span>
              </div> <!-- test-method -->
              <div class="configuration-method after">
                <span class="method-name">cerrarDriver</span>
                <span class="method-start">246304 ms</span>
              </div> <!-- configuration-method after -->
              <div class="configuration-method before">
                <span class="method-name">setup</span>
                <span class="method-start">246304 ms</span>
              </div> <!-- configuration-method before -->
              <div class="test-method">
                <span class="method-name">spotifyTest</span>
                <span class="method-start">246304 ms</span>
              </div> <!-- test-method -->
              <div class="configuration-method after">
                <span class="method-name">cerrarDriver</span>
                <span class="method-start">246304 ms</span>
              </div> <!-- configuration-method after -->
              <div class="configuration-method before">
                <span class="method-name">setup</span>
                <span class="method-start">246305 ms</span>
              </div> <!-- configuration-method before -->
              <div class="test-method">
                <span class="method-name">mostrarSpotifyLinks</span>
                <span class="method-start">246305 ms</span>
              </div> <!-- test-method -->
              <div class="configuration-method after">
                <span class="method-name">cerrarDriver</span>
                <span class="method-start">246305 ms</span>
              </div> <!-- configuration-method after -->
            </div> <!-- chronological-class -->
            <div class="chronological-class">
              <div class="chronological-class-name">test.SalesForceTest.Testng</div> <!-- chronological-class-name -->
              <div class="configuration-class before">
                <span class="method-name">beforeClass</span>
                <span class="method-start">246306 ms</span>
              </div> <!-- configuration-class before -->
              <div class="configuration-method before">
                <span class="method-name">beforeMethod</span>
                <span class="method-start">246307 ms</span>
              </div> <!-- configuration-method before -->
              <div class="test-method">
                <span class="method-name">firstTest(selenium@testing.com)</span>
                <span class="method-start">246307 ms</span>
              </div> <!-- test-method -->
              <div class="configuration-method after">
                <span class="method-name">afterMethodTest</span>
                <span class="method-start">246308 ms</span>
              </div> <!-- configuration-method after -->
              <div class="configuration-method before">
                <span class="method-name">beforeMethod</span>
                <span class="method-start">246308 ms</span>
              </div> <!-- configuration-method before -->
              <div class="test-method">
                <span class="method-name">secondTest</span>
                <span class="method-start">246308 ms</span>
              </div> <!-- test-method -->
              <div class="configuration-method after">
                <span class="method-name">afterMethodTest</span>
                <span class="method-start">246309 ms</span>
              </div> <!-- configuration-method after -->
              <div class="configuration-class after">
                <span class="method-name">afterClass</span>
                <span class="method-start">246309 ms</span>
              </div> <!-- configuration-class after -->
            </div> <!-- chronological-class -->
            <div class="chronological-class">
              <div class="chronological-class-name">test.SalesForceTest.SalesForceTest</div> <!-- chronological-class-name -->
              <div class="configuration-method before">
                <span class="method-name">setup</span>
                <span class="method-start">246309 ms</span>
              </div> <!-- configuration-method before -->
              <div class="test-method">
                <span class="method-name">setup</span>
                <span class="method-start">248632 ms</span>
              </div> <!-- test-method -->
              <div class="configuration-method after">
                <span class="method-name">cerrarDriver</span>
                <span class="method-start">251428 ms</span>
              </div> <!-- configuration-method after -->
              <div class="configuration-method before">
                <span class="method-name">setup</span>
                <span class="method-start">251509 ms</span>
              </div> <!-- configuration-method before -->
              <div class="test-method">
                <span class="method-name">validateSalesforceLogoTest</span>
                <span class="method-start">254063 ms</span>
              </div> <!-- test-method -->
              <div class="configuration-method after">
                <span class="method-name">cerrarDriver</span>
                <span class="method-start">254101 ms</span>
              </div> <!-- configuration-method after -->
              <div class="configuration-method before">
                <span class="method-name">setup</span>
                <span class="method-start">254185 ms</span>
              </div> <!-- configuration-method before -->
              <div class="test-method">
                <span class="method-name">remenberMelsSelected</span>
                <span class="method-start">284256 ms</span>
              </div> <!-- test-method -->
              <div class="configuration-method after">
                <span class="method-name">cerrarDriver</span>
                <span class="method-start">284805 ms</span>
              </div> <!-- configuration-method after -->
              <div class="configuration-method before">
                <span class="method-name">setup</span>
                <span class="method-start">284922 ms</span>
              </div> <!-- configuration-method before -->
              <div class="test-method">
                <span class="method-name">FooterIsValid</span>
                <span class="method-start">288559 ms</span>
              </div> <!-- test-method -->
              <div class="configuration-method after">
                <span class="method-name">cerrarDriver</span>
                <span class="method-start">288683 ms</span>
              </div> <!-- configuration-method after -->
              <div class="configuration-method before">
                <span class="method-name">setup</span>
                <span class="method-start">288832 ms</span>
              </div> <!-- configuration-method before -->
              <div class="test-method">
                <span class="method-name">customSalesforceLinkA</span>
                <span class="method-start">291572 ms</span>
              </div> <!-- test-method -->
              <div class="configuration-method after">
                <span class="method-name">cerrarDriver</span>
                <span class="method-start">297498 ms</span>
              </div> <!-- configuration-method after -->
              <div class="configuration-method before">
                <span class="method-name">setup</span>
                <span class="method-start">297608 ms</span>
              </div> <!-- configuration-method before -->
              <div class="test-method">
                <span class="method-name">customSalesforceLinkB</span>
                <span class="method-start">300313 ms</span>
              </div> <!-- test-method -->
              <div class="configuration-method after">
                <span class="method-name">cerrarDriver</span>
                <span class="method-start">300591 ms</span>
              </div> <!-- configuration-method after -->
              <div class="configuration-method before">
                <span class="method-name">setup</span>
                <span class="method-start">300679 ms</span>
              </div> <!-- configuration-method before -->
              <div class="test-method">
                <span class="method-name">customSalesforceLinkFake</span>
                <span class="method-start">306622 ms</span>
              </div> <!-- test-method -->
              <div class="configuration-method after">
                <span class="method-name">cerrarDriver</span>
                <span class="method-start">311045 ms</span>
              </div> <!-- configuration-method after -->
              <div class="configuration-method before">
                <span class="method-name">setup</span>
                <span class="method-start">311155 ms</span>
              </div> <!-- configuration-method before -->
              <div class="test-method">
                <span class="method-name">LoginFailureTest</span>
                <span class="method-start">313469 ms</span>
              </div> <!-- test-method -->
              <div class="configuration-method after">
                <span class="method-name">cerrarDriver</span>
                <span class="method-start">314918 ms</span>
              </div> <!-- configuration-method after -->
              <div class="configuration-method before">
                <span class="method-name">setup</span>
                <span class="method-start">315028 ms</span>
              </div> <!-- configuration-method before -->
              <div class="test-method">
                <img src="failed.png">
                </img>
                <span class="method-name">LoginFailurefakeTest</span>
                <span class="method-start">317316 ms</span>
              </div> <!-- test-method -->
              <div class="configuration-method after">
                <span class="method-name">cerrarDriver</span>
                <span class="method-start">332199 ms</span>
              </div> <!-- configuration-method after -->
            </div> <!-- chronological-class -->
            <div class="chronological-class">
              <div class="chronological-class-name">test.FacebookTest.FacebookLoginTest</div> <!-- chronological-class-name -->
              <div class="configuration-method before">
                <span class="method-name">setup</span>
                <span class="method-start">332330 ms</span>
              </div> <!-- configuration-method before -->
              <div class="test-method">
                <span class="method-name">forgotAccountTest</span>
                <span class="method-start">337011 ms</span>
              </div> <!-- test-method -->
              <div class="configuration-method after">
                <span class="method-name">cerrarDriver</span>
                <span class="method-start">338546 ms</span>
              </div> <!-- configuration-method after -->
              <div class="configuration-method before">
                <span class="method-name">setup</span>
                <span class="method-start">338651 ms</span>
              </div> <!-- configuration-method before -->
              <div class="test-method">
                <span class="method-name">setup</span>
                <span class="method-start">342285 ms</span>
              </div> <!-- test-method -->
              <div class="configuration-method after">
                <span class="method-name">cerrarDriver</span>
                <span class="method-start">345912 ms</span>
              </div> <!-- configuration-method after -->
              <div class="configuration-method before">
                <span class="method-name">setup</span>
                <span class="method-start">346010 ms</span>
              </div> <!-- configuration-method before -->
              <div class="test-method">
                <span class="method-name">forgotAccountPartialLinkTest</span>
                <span class="method-start">348842 ms</span>
              </div> <!-- test-method -->
              <div class="configuration-method after">
                <span class="method-name">cerrarDriver</span>
                <span class="method-start">350469 ms</span>
              </div> <!-- configuration-method after -->
              <div class="configuration-method before">
                <span class="method-name">setup</span>
                <span class="method-start">350573 ms</span>
              </div> <!-- configuration-method before -->
              <div class="test-method">
                <span class="method-name">registrationToFacebookTest</span>
                <span class="method-start">353261 ms</span>
              </div> <!-- test-method -->
              <div class="configuration-method after">
                <span class="method-name">cerrarDriver</span>
                <span class="method-start">354106 ms</span>
              </div> <!-- configuration-method after -->
            </div> <!-- chronological-class -->
            <div class="chronological-class">
              <div class="chronological-class-name">test.FacebookTest.FacebookRegisterTest</div> <!-- chronological-class-name -->
              <div class="configuration-method before">
                <span class="method-name">setup</span>
                <span class="method-start">354202 ms</span>
              </div> <!-- configuration-method before -->
              <div class="test-method">
                <span class="method-name">forgotAccountTest</span>
                <span class="method-start">357126 ms</span>
              </div> <!-- test-method -->
              <div class="configuration-method after">
                <span class="method-name">cerrarDriver</span>
                <span class="method-start">358214 ms</span>
              </div> <!-- configuration-method after -->
              <div class="configuration-method before">
                <span class="method-name">setup</span>
                <span class="method-start">358313 ms</span>
              </div> <!-- configuration-method before -->
              <div class="test-method">
                <span class="method-name">setup</span>
                <span class="method-start">361244 ms</span>
              </div> <!-- test-method -->
              <div class="configuration-method after">
                <span class="method-name">cerrarDriver</span>
                <span class="method-start">364776 ms</span>
              </div> <!-- configuration-method after -->
              <div class="configuration-method before">
                <span class="method-name">setup</span>
                <span class="method-start">364869 ms</span>
              </div> <!-- configuration-method before -->
              <div class="test-method">
                <span class="method-name">forgotAccountPartialLinkTest</span>
                <span class="method-start">367645 ms</span>
              </div> <!-- test-method -->
              <div class="configuration-method after">
                <span class="method-name">cerrarDriver</span>
                <span class="method-start">368686 ms</span>
              </div> <!-- configuration-method after -->
              <div class="configuration-method before">
                <span class="method-name">setup</span>
                <span class="method-start">368785 ms</span>
              </div> <!-- configuration-method before -->
              <div class="test-method">
                <span class="method-name">checkBoxAndComboboxFakeTest</span>
                <span class="method-start">371491 ms</span>
              </div> <!-- test-method -->
              <div class="configuration-method after">
                <span class="method-name">cerrarDriver</span>
                <span class="method-start">372722 ms</span>
              </div> <!-- configuration-method after -->
              <div class="configuration-method before">
                <span class="method-name">setup</span>
                <span class="method-start">372823 ms</span>
              </div> <!-- configuration-method before -->
              <div class="test-method">
                <span class="method-name">checkBoxAndComboboxTest</span>
                <span class="method-start">375778 ms</span>
              </div> <!-- test-method -->
              <div class="configuration-method after">
                <span class="method-name">cerrarDriver</span>
                <span class="method-start">376916 ms</span>
              </div> <!-- configuration-method after -->
              <div class="configuration-method before">
                <span class="method-name">setup</span>
                <span class="method-start">377015 ms</span>
              </div> <!-- configuration-method before -->
              <div class="test-method">
                <span class="method-name">birthdateTest</span>
                <span class="method-start">379961 ms</span>
              </div> <!-- test-method -->
              <div class="configuration-method after">
                <span class="method-name">cerrarDriver</span>
                <span class="method-start">381345 ms</span>
              </div> <!-- configuration-method after -->
              <div class="configuration-method before">
                <span class="method-name">setup</span>
                <span class="method-start">381441 ms</span>
              </div> <!-- configuration-method before -->
              <div class="test-method">
                <span class="method-name">comboboxTest</span>
                <span class="method-start">384378 ms</span>
              </div> <!-- test-method -->
              <div class="configuration-method after">
                <span class="method-name">cerrarDriver</span>
                <span class="method-start">385226 ms</span>
              </div> <!-- configuration-method after -->
              <div class="configuration-method before">
                <span class="method-name">setup</span>
                <span class="method-start">385326 ms</span>
              </div> <!-- configuration-method before -->
              <div class="test-method">
                <span class="method-name">completeRegistration</span>
                <span class="method-start">388463 ms</span>
              </div> <!-- test-method -->
              <div class="configuration-method after">
                <span class="method-name">cerrarDriver</span>
                <span class="method-start">389642 ms</span>
              </div> <!-- configuration-method after -->
              <div class="configuration-method before">
                <span class="method-name">setup</span>
                <span class="method-start">389735 ms</span>
              </div> <!-- configuration-method before -->
              <div class="test-method">
                <span class="method-name">completeRegistrationFake</span>
                <span class="method-start">392661 ms</span>
              </div> <!-- test-method -->
              <div class="configuration-method after">
                <span class="method-name">cerrarDriver</span>
                <span class="method-start">394369 ms</span>
              </div> <!-- configuration-method after -->
              <div class="configuration-method before">
                <span class="method-name">setup</span>
                <span class="method-start">394466 ms</span>
              </div> <!-- configuration-method before -->
              <div class="test-method">
                <span class="method-name">registrationFacebookFakeTest</span>
                <span class="method-start">397546 ms</span>
              </div> <!-- test-method -->
              <div class="configuration-method after">
                <span class="method-name">cerrarDriver</span>
                <span class="method-start">398835 ms</span>
              </div> <!-- configuration-method after -->
              <div class="configuration-method before">
                <span class="method-name">setup</span>
                <span class="method-start">398926 ms</span>
              </div> <!-- configuration-method before -->
              <div class="test-method">
                <span class="method-name">registrationFacebookTest</span>
                <span class="method-start">402420 ms</span>
              </div> <!-- test-method -->
              <div class="configuration-method after">
                <span class="method-name">cerrarDriver</span>
                <span class="method-start">403599 ms</span>
              </div> <!-- configuration-method after -->
            </div> <!-- chronological-class -->
            <div class="chronological-class">
              <div class="chronological-class-name">test.SalesForceTest.Testng</div> <!-- chronological-class-name -->
              <div class="configuration-test after">
                <span class="method-name">afterTest</span>
                <span class="method-start">403698 ms</span>
              </div> <!-- configuration-test after -->
              <div class="configuration-suite after">
                <span class="method-name">afterSuite</span>
                <span class="method-start">408823 ms</span>
              </div> <!-- configuration-suite after -->
          </div> <!-- main-panel-content rounded-window-bottom -->
        </div> <!-- panel -->
      </div> <!-- main-panel-root -->
    </div> <!-- wrapper -->
  </body>
<script type="text/javascript" src="testng-reports2.js"></script>
</html>
