<?xml version="1.0" encoding="UTF-8"?>
<!-- Generated by org.testng.reporters.JUnitReportReporter -->
<testsuite skipped="15" hostname="MacBook-Pro-de-fernando.local" name="test.SpotifyTest.SpotifyTest" tests="17" failures="0" timestamp="2021-03-06T11:36:29 CET" time="13.876" errors="1">
  <testcase name="verifySpotifyTitle" time="4.238" classname="test.SpotifyTest.SpotifyTest">
    <skipped/>
  </testcase> <!-- verifySpotifyTitle -->
  <system-out/>
  <testcase name="setup" time="4.747" classname="test.SpotifyTest.SpotifyTest"/>
  <system-out/>
  <testcase name="setup" time="4.891" classname="test.SpotifyTest.SpotifyTest">
    <error type="org.openqa.selenium.ElementClickInterceptedException" message="element click intercepted: Element is not clickable at point (142, 672)
  (Session info: chrome=89.0.4389.72)
Build info: version: &#039;3.141.59&#039;, revision: &#039;e82be7d358&#039;, time: &#039;2018-11-14T08:17:03&#039;
System info: host: &#039;MacBook-Pro-de-fernando.local&#039;, ip: &#039;fe80:0:0:0:14fa:8833:38ad:407b%en0&#039;, os.name: &#039;Mac OS X&#039;, os.arch: &#039;x86_64&#039;, os.version: &#039;10.16&#039;, java.version: &#039;1.8.0_181&#039;
Driver info: org.openqa.selenium.chrome.ChromeDriver
Capabilities {acceptInsecureCerts: false, browserName: chrome, browserVersion: 89.0.4389.72, chrome: {chromedriverVersion: 88.0.4324.27 (6347fe8bf1e48..., userDataDir: /var/folders/3v/1sl8t8xd1ql...}, goog:chromeOptions: {debuggerAddress: localhost:50390}, javascriptEnabled: true, networkConnectionEnabled: false, pageLoadStrategy: normal, platform: MAC, platformName: MAC, proxy: Proxy(), setWindowRect: true, strictFileInteractability: false, timeouts: {implicit: 0, pageLoad: 300000, script: 30000}, unhandledPromptBehavior: dismiss and notify, webauthn:extension:largeBlob: true, webauthn:virtualAuthenticators: true}
Session ID: 9094011204a3888914f99849e6b4077b">
      <![CDATA[org.openqa.selenium.ElementClickInterceptedException: element click intercepted: Element is not clickable at point (142, 672)
  (Session info: chrome=89.0.4389.72)
Build info: version: '3.141.59', revision: 'e82be7d358', time: '2018-11-14T08:17:03'
System info: host: 'MacBook-Pro-de-fernando.local', ip: 'fe80:0:0:0:14fa:8833:38ad:407b%en0', os.name: 'Mac OS X', os.arch: 'x86_64', os.version: '10.16', java.version: '1.8.0_181'
Driver info: org.openqa.selenium.chrome.ChromeDriver
Capabilities {acceptInsecureCerts: false, browserName: chrome, browserVersion: 89.0.4389.72, chrome: {chromedriverVersion: 88.0.4324.27 (6347fe8bf1e48..., userDataDir: /var/folders/3v/1sl8t8xd1ql...}, goog:chromeOptions: {debuggerAddress: localhost:50390}, javascriptEnabled: true, networkConnectionEnabled: false, pageLoadStrategy: normal, platform: MAC, platformName: MAC, proxy: Proxy(), setWindowRect: true, strictFileInteractability: false, timeouts: {implicit: 0, pageLoad: 300000, script: 30000}, unhandledPromptBehavior: dismiss and notify, webauthn:extension:largeBlob: true, webauthn:virtualAuthenticators: true}
Session ID: 9094011204a3888914f99849e6b4077b
at sun.reflect.NativeConstructorAccessorImpl.newInstance0(Native Method)
at sun.reflect.NativeConstructorAccessorImpl.newInstance(NativeConstructorAccessorImpl.java:62)
at sun.reflect.DelegatingConstructorAccessorImpl.newInstance(DelegatingConstructorAccessorImpl.java:45)
at java.lang.reflect.Constructor.newInstance(Constructor.java:423)
at org.openqa.selenium.remote.http.W3CHttpResponseCodec.createException(W3CHttpResponseCodec.java:187)
at org.openqa.selenium.remote.http.W3CHttpResponseCodec.decode(W3CHttpResponseCodec.java:122)
at org.openqa.selenium.remote.http.W3CHttpResponseCodec.decode(W3CHttpResponseCodec.java:49)
at org.openqa.selenium.remote.HttpCommandExecutor.execute(HttpCommandExecutor.java:158)
at org.openqa.selenium.remote.service.DriverCommandExecutor.execute(DriverCommandExecutor.java:83)
at org.openqa.selenium.remote.RemoteWebDriver.execute(RemoteWebDriver.java:552)
at org.openqa.selenium.remote.RemoteWebElement.execute(RemoteWebElement.java:285)
at org.openqa.selenium.remote.RemoteWebElement.click(RemoteWebElement.java:84)
at Hook.Utilities.click_element_xpath(Utilities.java:74)
at PageObject.Spotify.spotifyHomePage.accept_cookies(spotifyHomePage.java:25)
at Hook.BeforeAfterDriver.DriverSpotify.setup(DriverSpotify.java:29)
at sun.reflect.NativeMethodAccessorImpl.invoke0(Native Method)
at sun.reflect.NativeMethodAccessorImpl.invoke(NativeMethodAccessorImpl.java:62)
at sun.reflect.DelegatingMethodAccessorImpl.invoke(DelegatingMethodAccessorImpl.java:43)
at java.lang.reflect.Method.invoke(Method.java:498)
at org.testng.internal.MethodInvocationHelper.invokeMethod(MethodInvocationHelper.java:132)
at org.testng.internal.MethodInvocationHelper.invokeMethodConsideringTimeout(MethodInvocationHelper.java:61)
at org.testng.internal.ConfigInvoker.invokeConfigurationMethod(ConfigInvoker.java:366)
at org.testng.internal.ConfigInvoker.invokeConfigurations(ConfigInvoker.java:320)
at org.testng.internal.TestInvoker.runConfigMethods(TestInvoker.java:701)
at org.testng.internal.TestInvoker.invokeMethod(TestInvoker.java:527)
at org.testng.internal.TestInvoker.invokeTestMethod(TestInvoker.java:174)
at org.testng.internal.MethodRunner.runInSequence(MethodRunner.java:46)
at org.testng.internal.TestInvoker$MethodInvocationAgent.invoke(TestInvoker.java:822)
at org.testng.internal.TestInvoker.invokeTestMethods(TestInvoker.java:147)
at org.testng.internal.TestMethodWorker.invokeTestMethods(TestMethodWorker.java:146)
at org.testng.internal.TestMethodWorker.run(TestMethodWorker.java:128)
at java.util.ArrayList.forEach(ArrayList.java:1257)
at org.testng.TestRunner.privateRun(TestRunner.java:764)
at org.testng.TestRunner.run(TestRunner.java:585)
at org.testng.SuiteRunner.runTest(SuiteRunner.java:384)
at org.testng.SuiteRunner.runSequentially(SuiteRunner.java:378)
at org.testng.SuiteRunner.privateRun(SuiteRunner.java:337)
at org.testng.SuiteRunner.run(SuiteRunner.java:286)
at org.testng.SuiteRunnerWorker.runSuite(SuiteRunnerWorker.java:53)
at org.testng.SuiteRunnerWorker.run(SuiteRunnerWorker.java:96)
at org.testng.TestNG.runSuitesSequentially(TestNG.java:1218)
at org.testng.TestNG.runSuitesLocally(TestNG.java:1140)
at org.testng.TestNG.runSuites(TestNG.java:1069)
at org.testng.TestNG.run(TestNG.java:1037)
at org.apache.maven.surefire.testng.TestNGExecutor.run(TestNGExecutor.java:77)
at org.apache.maven.surefire.testng.TestNGDirectoryTestSuite.executeMulti(TestNGDirectoryTestSuite.java:159)
at org.apache.maven.surefire.testng.TestNGDirectoryTestSuite.execute(TestNGDirectoryTestSuite.java:99)
at org.apache.maven.surefire.testng.TestNGProvider.invoke(TestNGProvider.java:106)
at sun.reflect.NativeMethodAccessorImpl.invoke0(Native Method)
at sun.reflect.NativeMethodAccessorImpl.invoke(NativeMethodAccessorImpl.java:62)
at sun.reflect.DelegatingMethodAccessorImpl.invoke(DelegatingMethodAccessorImpl.java:43)
at java.lang.reflect.Method.invoke(Method.java:498)
at org.apache.maven.surefire.util.ReflectionUtils.invokeMethodWithArray(ReflectionUtils.java:189)
at org.apache.maven.surefire.booter.ProviderFactory$ProviderProxy.invoke(ProviderFactory.java:165)
at org.apache.maven.surefire.booter.ProviderFactory.invokeProvider(ProviderFactory.java:85)
at org.apache.maven.surefire.booter.ForkedBooter.runSuitesInProcess(ForkedBooter.java:115)
at org.apache.maven.surefire.booter.ForkedBooter.main(ForkedBooter.java:75)
]]>
    </error>
  </testcase> <!-- setup -->
  <system-out/>
  <testcase name="verifySignupUrl" time="0.000" classname="test.SpotifyTest.SpotifyTest">
    <skipped/>
  </testcase> <!-- verifySignupUrl -->
  <system-out/>
  <testcase name="validateExistingEmail" time="0.000" classname="test.SpotifyTest.SpotifyTest">
    <skipped/>
  </testcase> <!-- validateExistingEmail -->
  <system-out/>
  <testcase name="checkEqualErrorMessages" time="0.000" classname="test.SpotifyTest.SpotifyTest">
    <skipped/>
  </testcase> <!-- checkEqualErrorMessages -->
  <system-out/>
  <testcase name="spotifytags" time="0.000" classname="test.SpotifyTest.SpotifyTest">
    <skipped/>
  </testcase> <!-- spotifytags -->
  <system-out/>
  <testcase name="spotifyByNameTest" time="0.000" classname="test.SpotifyTest.SpotifyTest">
    <skipped/>
  </testcase> <!-- spotifyByNameTest -->
  <system-out/>
  <testcase name="spotifyByNameFakeTest" time="0.000" classname="test.SpotifyTest.SpotifyTest">
    <skipped/>
  </testcase> <!-- spotifyByNameFakeTest -->
  <system-out/>
  <testcase name="spotifyByPlaceHolderFakeTest" time="0.000" classname="test.SpotifyTest.SpotifyTest">
    <skipped/>
  </testcase> <!-- spotifyByPlaceHolderFakeTest -->
  <system-out/>
  <testcase name="spotifyByPlaceHolder" time="0.000" classname="test.SpotifyTest.SpotifyTest">
    <skipped/>
  </testcase> <!-- spotifyByPlaceHolder -->
  <system-out/>
  <testcase name="spotifyByName" time="0.000" classname="test.SpotifyTest.SpotifyTest">
    <skipped/>
  </testcase> <!-- spotifyByName -->
  <system-out/>
  <testcase name="spotifyTest" time="0.000" classname="test.SpotifyTest.SpotifyTest">
    <skipped/>
  </testcase> <!-- spotifyTest -->
  <system-out/>
  <testcase name="mostrarSpotifyLinks" time="0.000" classname="test.SpotifyTest.SpotifyTest">
    <skipped/>
  </testcase> <!-- mostrarSpotifyLinks -->
  <system-out/>
  <testcase name="invalidEmailTest" classname="test.SpotifyTest.SpotifyTest">
    <skipped/>
  </testcase> <!-- invalidEmailTest -->
  <system-out/>
  <testcase name="checkEqualEmailsErrorFake" classname="test.SpotifyTest.SpotifyTest">
    <skipped/>
  </testcase> <!-- checkEqualEmailsErrorFake -->
  <system-out/>
  <testcase name="checkEqualEmailsError" classname="test.SpotifyTest.SpotifyTest">
    <skipped/>
  </testcase> <!-- checkEqualEmailsError -->
  <system-out/>
</testsuite> <!-- test.SpotifyTest.SpotifyTest -->
